TN:
SF:C:\work\cleanup-ui\ui\js\controllers\createrule-pu-ctrl.js
FN:17,(anonymous_1)
FN:20,(anonymous_2)
FN:28,(anonymous_3)
FN:33,(anonymous_4)
FN:39,successCallback
FN:42,(anonymous_6)
FN:46,(anonymous_7)
FN:54,(anonymous_8)
FN:62,(anonymous_9)
FN:68,resizeWindow
FN:84,(anonymous_11)
FN:129,(anonymous_12)
FN:135,successCallback
FN:137,(anonymous_14)
FN:144,errorCallback
FN:151,(anonymous_16)
FNF:16
FNH:2
FNDA:1,(anonymous_1)
FNDA:5,(anonymous_2)
FNDA:0,(anonymous_3)
FNDA:0,(anonymous_4)
FNDA:0,successCallback
FNDA:0,(anonymous_6)
FNDA:0,(anonymous_7)
FNDA:0,(anonymous_8)
FNDA:0,(anonymous_9)
FNDA:0,resizeWindow
FNDA:0,(anonymous_11)
FNDA:0,(anonymous_12)
FNDA:0,successCallback
FNDA:0,(anonymous_14)
FNDA:0,errorCallback
FNDA:0,(anonymous_16)
DA:16,1
DA:19,1
DA:21,5
DA:22,5
DA:25,5
DA:27,5
DA:29,0
DA:32,5
DA:34,0
DA:35,0
DA:38,5
DA:39,5
DA:40,0
DA:41,0
DA:43,0
DA:44,0
DA:45,0
DA:47,0
DA:51,0
DA:54,5
DA:55,0
DA:56,0
DA:57,0
DA:58,0
DA:61,5
DA:63,0
DA:64,0
DA:68,1
DA:69,0
DA:70,0
DA:73,0
DA:74,0
DA:79,5
DA:80,5
DA:81,5
DA:83,5
DA:85,0
DA:86,0
DA:88,0
DA:89,0
DA:90,0
DA:91,0
DA:94,0
DA:95,0
DA:99,0
DA:100,0
DA:102,0
DA:103,0
DA:105,0
DA:106,0
DA:107,0
DA:109,0
DA:116,0
DA:117,0
DA:118,0
DA:119,0
DA:120,0
DA:124,0
DA:132,0
DA:134,0
DA:135,0
DA:136,0
DA:138,0
DA:139,0
DA:140,0
DA:142,0
DA:145,0
DA:151,5
DA:152,0
DA:153,0
DA:154,0
DA:156,0
LF:72
LH:17
BRDA:43,1,0,0
BRDA:43,1,1,0
BRDA:63,2,0,0
BRDA:63,2,1,0
BRDA:85,3,0,0
BRDA:85,3,1,0
BRDA:89,4,0,0
BRDA:89,4,1,0
BRDA:90,5,0,0
BRDA:90,5,1,0
BRDA:90,6,0,0
BRDA:90,6,1,0
BRDA:94,7,0,0
BRDA:94,7,1,0
BRDA:102,8,0,0
BRDA:102,8,1,0
BRDA:106,9,0,0
BRDA:106,9,1,0
BRDA:116,10,0,0
BRDA:116,10,1,0
BRDA:119,11,0,0
BRDA:119,11,1,0
BRDA:153,12,0,0
BRDA:153,12,1,0
BRF:24
BRH:0
end_of_record
TN:
SF:C:\work\cleanup-ui\ui\js\controllers\createrule-va-ctrl.js
FN:17,(anonymous_1)
FN:20,(anonymous_2)
FN:27,successCallback
FN:31,(anonymous_4)
FN:39,(anonymous_5)
FN:49,(anonymous_6)
FN:52,(anonymous_7)
FN:72,(anonymous_8)
FN:79,(anonymous_9)
FN:88,(anonymous_10)
FN:94,(anonymous_11)
FN:101,resizeWindow
FN:124,(anonymous_13)
FN:146,(anonymous_14)
FN:150,(anonymous_15)
FN:166,(anonymous_16)
FN:201,(anonymous_17)
FN:207,successCallback
FN:209,(anonymous_19)
FN:216,errorCallback
FN:221,(anonymous_21)
FN:247,(anonymous_22)
FN:249,(anonymous_23)
FN:254,(anonymous_24)
FN:256,(anonymous_25)
FN:261,(anonymous_26)
FN:263,(anonymous_27)
FN:270,(anonymous_28)
FN:287,(anonymous_29)
FNF:29
FNH:4
FNDA:1,(anonymous_1)
FNDA:8,(anonymous_2)
FNDA:2,successCallback
FNDA:0,(anonymous_4)
FNDA:0,(anonymous_5)
FNDA:0,(anonymous_6)
FNDA:0,(anonymous_7)
FNDA:2,(anonymous_8)
FNDA:0,(anonymous_9)
FNDA:0,(anonymous_10)
FNDA:0,(anonymous_11)
FNDA:0,resizeWindow
FNDA:0,(anonymous_13)
FNDA:0,(anonymous_14)
FNDA:0,(anonymous_15)
FNDA:0,(anonymous_16)
FNDA:0,(anonymous_17)
FNDA:0,successCallback
FNDA:0,(anonymous_19)
FNDA:0,errorCallback
FNDA:0,(anonymous_21)
FNDA:0,(anonymous_22)
FNDA:0,(anonymous_23)
FNDA:0,(anonymous_24)
FNDA:0,(anonymous_25)
FNDA:0,(anonymous_26)
FNDA:0,(anonymous_27)
FNDA:0,(anonymous_28)
FNDA:0,(anonymous_29)
DA:16,1
DA:19,1
DA:21,8
DA:22,8
DA:24,8
DA:25,8
DA:27,8
DA:28,2
DA:29,2
DA:30,2
DA:31,0
DA:32,0
DA:37,0
DA:38,0
DA:39,0
DA:40,0
DA:45,0
DA:46,0
DA:48,0
DA:49,0
DA:50,0
DA:52,0
DA:53,0
DA:58,0
DA:59,0
DA:67,2
DA:71,8
DA:74,2
DA:75,1
DA:76,0
DA:77,0
DA:79,0
DA:80,0
DA:87,8
DA:89,0
DA:90,0
DA:93,8
DA:95,0
DA:96,0
DA:97,0
DA:101,1
DA:102,0
DA:103,0
DA:106,0
DA:107,0
DA:108,0
DA:112,0
DA:118,8
DA:119,8
DA:120,8
DA:121,8
DA:123,8
DA:125,0
DA:127,0
DA:129,0
DA:131,0
DA:132,0
DA:133,0
DA:134,0
DA:137,0
DA:138,0
DA:143,0
DA:148,0
DA:151,0
DA:153,0
DA:155,0
DA:157,0
DA:158,0
DA:162,0
DA:167,0
DA:168,0
DA:170,0
DA:171,0
DA:172,0
DA:173,0
DA:176,0
DA:177,0
DA:181,0
DA:182,0
DA:184,0
DA:186,0
DA:195,0
DA:196,0
DA:197,0
DA:204,0
DA:206,0
DA:207,0
DA:208,0
DA:210,0
DA:211,0
DA:212,0
DA:214,0
DA:217,0
DA:222,0
DA:223,0
DA:224,0
DA:225,0
DA:227,0
DA:228,0
DA:229,0
DA:230,0
DA:231,0
DA:232,0
DA:233,0
DA:234,0
DA:235,0
DA:236,0
DA:238,0
DA:241,0
DA:242,0
DA:247,8
DA:248,0
DA:249,0
DA:250,0
DA:254,8
DA:255,0
DA:256,0
DA:257,0
DA:261,8
DA:262,0
DA:263,0
DA:264,0
DA:270,8
DA:272,0
DA:273,0
DA:275,0
DA:276,0
DA:277,0
DA:278,0
DA:279,0
DA:280,0
DA:284,0
DA:287,8
DA:288,0
DA:289,0
DA:290,0
DA:292,0
LF:137
LH:27
BRDA:30,1,0,0
BRDA:30,1,1,2
BRDA:30,2,0,2
BRDA:30,2,1,2
BRDA:38,3,0,0
BRDA:38,3,1,0
BRDA:38,4,0,0
BRDA:38,4,1,0
BRDA:48,5,0,0
BRDA:48,5,1,0
BRDA:48,6,0,0
BRDA:48,6,1,0
BRDA:50,7,0,0
BRDA:50,7,1,0
BRDA:50,8,0,0
BRDA:50,8,1,0
BRDA:74,9,0,1
BRDA:74,9,1,1
BRDA:75,10,0,0
BRDA:75,10,1,1
BRDA:95,11,0,0
BRDA:95,11,1,0
BRDA:125,12,0,0
BRDA:125,12,1,0
BRDA:132,13,0,0
BRDA:132,13,1,0
BRDA:133,14,0,0
BRDA:133,14,1,0
BRDA:133,15,0,0
BRDA:133,15,1,0
BRDA:137,16,0,0
BRDA:137,16,1,0
BRDA:151,17,0,0
BRDA:151,17,1,0
BRDA:155,18,0,0
BRDA:155,18,1,0
BRDA:157,19,0,0
BRDA:157,19,1,0
BRDA:167,20,0,0
BRDA:167,20,1,0
BRDA:167,21,0,0
BRDA:167,21,1,0
BRDA:171,22,0,0
BRDA:171,22,1,0
BRDA:172,23,0,0
BRDA:172,23,1,0
BRDA:172,24,0,0
BRDA:172,24,1,0
BRDA:176,25,0,0
BRDA:176,25,1,0
BRDA:222,26,0,0
BRDA:222,26,1,0
BRDA:222,27,0,0
BRDA:222,27,1,0
BRDA:233,28,0,0
BRDA:233,28,1,0
BRDA:235,29,0,0
BRDA:235,29,1,0
BRDA:272,30,0,0
BRDA:272,30,1,0
BRDA:275,31,0,0
BRDA:275,31,1,0
BRDA:276,32,0,0
BRDA:276,32,1,0
BRDA:277,33,0,0
BRDA:277,33,1,0
BRDA:279,34,0,0
BRDA:279,34,1,0
BRDA:289,35,0,0
BRDA:289,35,1,0
BRF:70
BRH:6
end_of_record
TN:
SF:C:\work\cleanup-ui\ui\js\controllers\createrule0-ctrl.js
FN:16,(anonymous_1)
FN:18,(anonymous_2)
FN:21,(anonymous_3)
FN:24,(anonymous_4)
FN:29,(anonymous_5)
FN:36,resizeWindow
FNF:6
FNH:3
FNDA:1,(anonymous_1)
FNDA:3,(anonymous_2)
FNDA:1,(anonymous_3)
FNDA:0,(anonymous_4)
FNDA:0,(anonymous_5)
FNDA:0,resizeWindow
DA:16,1
DA:18,1
DA:19,3
DA:20,3
DA:21,3
DA:22,1
DA:24,3
DA:25,0
DA:26,0
DA:29,3
DA:30,0
DA:31,0
DA:32,0
DA:36,1
DA:37,0
DA:38,0
LF:16
LH:9
BRDA:30,1,0,0
BRDA:30,1,1,0
BRF:2
BRH:0
end_of_record
TN:
SF:C:\work\cleanup-ui\ui\js\controllers\health-ctrl.js
FN:16,(anonymous_1)
FN:18,(anonymous_2)
FN:28,pageInit
FN:36,successCallback
FN:38,(anonymous_5)
FN:45,successCallback
FN:47,(anonymous_7)
FN:49,(anonymous_8)
FN:61,(anonymous_9)
FN:75,(anonymous_10)
FN:81,(anonymous_11)
FN:99,renderTreeMap
FN:100,parseData
FN:104,(anonymous_14)
FN:113,(anonymous_15)
FN:143,getLevelOption
FN:173,(anonymous_17)
FN:210,(anonymous_18)
FN:218,(anonymous_19)
FN:226,resizeTreeMap
FNF:20
FNH:16
FNDA:1,(anonymous_1)
FNDA:3,(anonymous_2)
FNDA:3,pageInit
FNDA:1,successCallback
FNDA:1,(anonymous_5)
FNDA:1,successCallback
FNDA:2,(anonymous_7)
FNDA:0,(anonymous_8)
FNDA:2,(anonymous_9)
FNDA:1,(anonymous_10)
FNDA:2,(anonymous_11)
FNDA:1,renderTreeMap
FNDA:1,parseData
FNDA:1,(anonymous_14)
FNDA:1,(anonymous_15)
FNDA:1,getLevelOption
FNDA:0,(anonymous_17)
FNDA:0,(anonymous_18)
FNDA:0,(anonymous_19)
FNDA:1,resizeTreeMap
DA:16,1
DA:18,1
DA:19,3
DA:20,3
DA:21,3
DA:23,3
DA:25,3
DA:26,3
DA:27,3
DA:28,1
DA:29,3
DA:32,3
DA:34,3
DA:36,3
DA:37,1
DA:38,1
DA:39,1
DA:40,1
DA:41,1
DA:42,1
DA:44,1
DA:45,1
DA:47,1
DA:48,2
DA:49,2
DA:50,0
DA:53,1
DA:55,1
DA:56,1
DA:57,1
DA:58,2
DA:60,1
DA:61,1
DA:62,2
DA:63,2
DA:64,2
DA:68,1
DA:69,2
DA:70,4
DA:71,2
DA:75,1
DA:76,1
DA:77,1
DA:78,1
DA:79,1
DA:80,1
DA:81,1
DA:82,2
DA:83,1
DA:84,1
DA:85,1
DA:86,1
DA:87,1
DA:88,1
DA:91,1
DA:93,1
DA:94,1
DA:99,1
DA:100,1
DA:101,1
DA:102,1
DA:103,1
DA:104,1
DA:105,1
DA:107,1
DA:108,1
DA:109,1
DA:111,1
DA:112,1
DA:113,1
DA:114,1
DA:126,1
DA:127,0
DA:129,1
DA:131,1
DA:132,1
DA:135,1
DA:136,1
DA:138,1
DA:141,1
DA:142,1
DA:143,1
DA:144,1
DA:166,1
DA:174,0
DA:175,0
DA:205,1
DA:206,1
DA:207,0
DA:208,0
DA:210,0
DA:211,0
DA:212,0
DA:218,3
DA:219,0
DA:220,0
DA:221,0
DA:222,0
DA:226,1
DA:227,1
LF:100
LH:87
BRDA:62,1,0,2
BRDA:62,1,1,0
BRDA:70,2,0,2
BRDA:70,2,1,2
BRDA:82,3,0,1
BRDA:82,3,1,1
BRDA:111,4,0,1
BRDA:111,4,1,0
BRDA:126,5,0,0
BRDA:126,5,1,1
BRDA:174,6,0,0
BRDA:174,6,1,0
BRDA:206,7,0,0
BRDA:206,7,1,1
BRDA:211,8,0,0
BRDA:211,8,1,0
BRDA:219,9,0,0
BRDA:219,9,1,0
BRF:18
BRH:8
end_of_record
TN:
SF:C:\work\cleanup-ui\ui\js\services\bark-chart.js
FN:16,(anonymous_1)
FN:17,(anonymous_2)
FN:27,getOptionPie
FN:54,(anonymous_4)
FN:70,getOptionThum
FN:90,(anonymous_6)
FN:93,(anonymous_7)
FN:118,getTooltipPosition
FN:122,formatter_value
FN:130,formatter_yaxis_name
FN:134,getTooltip
FN:143,getUTCTimeStamp
FN:148,getOptionSide
FN:164,(anonymous_14)
FN:189,getSeries
FN:195,getOptionBig
FN:222,(anonymous_17)
FN:246,getMetricData
FN:253,(anonymous_19)
FN:260,formatTimeStamp
FN:265,getSeriesCount
FNF:21
FNH:2
FNDA:1,(anonymous_1)
FNDA:10,(anonymous_2)
FNDA:0,getOptionPie
FNDA:0,(anonymous_4)
FNDA:0,getOptionThum
FNDA:0,(anonymous_6)
FNDA:0,(anonymous_7)
FNDA:0,getTooltipPosition
FNDA:0,formatter_value
FNDA:0,formatter_yaxis_name
FNDA:0,getTooltip
FNDA:0,getUTCTimeStamp
FNDA:0,getOptionSide
FNDA:0,(anonymous_14)
FNDA:0,getSeries
FNDA:0,getOptionBig
FNDA:0,(anonymous_17)
FNDA:0,getMetricData
FNDA:0,(anonymous_19)
FNDA:0,formatTimeStamp
FNDA:0,getSeriesCount
DA:16,1
DA:17,1
DA:19,10
DA:27,1
DA:28,0
DA:29,0
DA:30,0
DA:31,0
DA:32,0
DA:33,0
DA:34,0
DA:36,0
DA:39,0
DA:55,0
DA:56,0
DA:58,0
DA:67,0
DA:70,1
DA:71,0
DA:72,0
DA:91,0
DA:94,0
DA:114,0
DA:115,0
DA:118,1
DA:119,0
DA:122,1
DA:123,0
DA:124,0
DA:126,0
DA:130,1
DA:131,0
DA:134,1
DA:135,0
DA:136,0
DA:137,0
DA:140,0
DA:143,1
DA:144,0
DA:145,0
DA:148,1
DA:149,0
DA:150,0
DA:165,0
DA:185,0
DA:186,0
DA:189,1
DA:190,0
DA:191,0
DA:192,0
DA:195,1
DA:196,0
DA:197,0
DA:223,0
DA:242,0
DA:243,0
DA:246,1
DA:247,0
DA:248,0
DA:249,0
DA:250,0
DA:253,0
DA:254,0
DA:257,0
DA:260,1
DA:261,0
DA:262,0
DA:265,1
DA:266,0
DA:267,0
DA:268,0
DA:283,0
LF:72
LH:16
BRDA:33,1,0,0
BRDA:33,1,1,0
BRDA:55,2,0,0
BRDA:55,2,1,0
BRDA:123,3,0,0
BRDA:123,3,1,0
BRDA:136,4,0,0
BRDA:136,4,1,0
BRF:8
BRH:0
end_of_record
TN:
SF:C:\work\cleanup-ui\ui\js\controllers\job-ctrl.js
FN:17,(anonymous_1)
FN:19,(anonymous_2)
FN:28,(anonymous_3)
FN:37,successCallback
FN:38,(anonymous_5)
FN:54,showInstances
FN:61,successCallback
FN:71,successCallback
FN:79,(anonymous_9)
FN:85,remove
FN:91,(anonymous_11)
FN:94,successCallback
FN:100,errorCallback
FN:105,edit
FN:107,(anonymous_15)
FNF:15
FNH:2
FNDA:1,(anonymous_1)
FNDA:2,(anonymous_2)
FNDA:0,(anonymous_3)
FNDA:0,successCallback
FNDA:0,(anonymous_5)
FNDA:0,showInstances
FNDA:0,successCallback
FNDA:0,successCallback
FNDA:0,(anonymous_9)
FNDA:0,remove
FNDA:0,(anonymous_11)
FNDA:0,successCallback
FNDA:0,errorCallback
FNDA:0,edit
FNDA:0,(anonymous_15)
DA:17,1
DA:19,1
DA:20,2
DA:21,2
DA:22,2
DA:23,2
DA:24,2
DA:25,2
DA:26,2
DA:28,2
DA:29,0
DA:30,0
DA:33,0
DA:34,0
DA:36,0
DA:37,0
DA:38,0
DA:39,0
DA:40,0
DA:41,0
DA:43,0
DA:44,0
DA:46,0
DA:47,0
DA:50,0
DA:54,2
DA:55,0
DA:56,0
DA:57,0
DA:58,0
DA:60,0
DA:61,0
DA:62,0
DA:63,0
DA:64,0
DA:65,0
DA:67,0
DA:68,0
DA:70,0
DA:71,0
DA:73,0
DA:74,0
DA:75,0
DA:77,0
DA:78,0
DA:79,0
DA:80,0
DA:81,0
DA:85,2
DA:86,0
DA:87,0
DA:88,0
DA:91,2
DA:92,0
DA:93,0
DA:94,0
DA:95,0
DA:96,0
DA:97,0
DA:98,0
DA:99,0
DA:101,0
DA:105,2
DA:107,2
DA:108,0
LF:65
LH:15
BRDA:33,1,0,0
BRDA:33,1,1,0
BRDA:34,2,0,0
BRDA:34,2,1,0
BRDA:36,3,0,0
BRDA:36,3,1,0
BRDA:36,4,0,0
BRDA:36,4,1,0
BRF:8
BRH:0
end_of_record
TN:
SF:C:\work\cleanup-ui\ui\js\controllers\metrics-ctrl.js
FN:16,(anonymous_1)
FN:18,(anonymous_2)
FN:25,pageInit
FN:31,successCallback
FN:34,(anonymous_5)
FN:42,successCallback
FN:44,(anonymous_7)
FN:46,(anonymous_8)
FN:58,(anonymous_9)
FN:73,(anonymous_10)
FN:79,(anonymous_11)
FN:107,(anonymous_12)
FN:114,(anonymous_13)
FN:117,(anonymous_14)
FN:119,(anonymous_15)
FN:121,(anonymous_16)
FN:131,(anonymous_17)
FN:141,(anonymous_18)
FN:147,(anonymous_19)
FN:152,(anonymous_20)
FN:162,(anonymous_21)
FN:165,(anonymous_22)
FN:172,(anonymous_23)
FN:177,resizePieChart
FN:184,(anonymous_25)
FN:192,(anonymous_26)
FN:196,(anonymous_27)
FNF:27
FNH:3
FNDA:1,(anonymous_1)
FNDA:3,(anonymous_2)
FNDA:3,pageInit
FNDA:0,successCallback
FNDA:0,(anonymous_5)
FNDA:0,successCallback
FNDA:0,(anonymous_7)
FNDA:0,(anonymous_8)
FNDA:0,(anonymous_9)
FNDA:0,(anonymous_10)
FNDA:0,(anonymous_11)
FNDA:0,(anonymous_12)
FNDA:0,(anonymous_13)
FNDA:0,(anonymous_14)
FNDA:0,(anonymous_15)
FNDA:0,(anonymous_16)
FNDA:0,(anonymous_17)
FNDA:0,(anonymous_18)
FNDA:0,(anonymous_19)
FNDA:0,(anonymous_20)
FNDA:0,(anonymous_21)
FNDA:0,(anonymous_22)
FNDA:0,(anonymous_23)
FNDA:0,resizePieChart
FNDA:0,(anonymous_25)
FNDA:0,(anonymous_26)
FNDA:0,(anonymous_27)
DA:16,1
DA:18,1
DA:19,3
DA:20,3
DA:22,3
DA:23,3
DA:24,3
DA:25,1
DA:26,3
DA:27,3
DA:28,3
DA:29,3
DA:31,3
DA:32,0
DA:33,0
DA:34,0
DA:35,0
DA:36,0
DA:37,0
DA:38,0
DA:40,0
DA:42,0
DA:43,0
DA:44,0
DA:45,0
DA:46,0
DA:47,0
DA:50,0
DA:52,0
DA:53,0
DA:54,0
DA:55,0
DA:57,0
DA:58,0
DA:59,0
DA:60,0
DA:61,0
DA:65,0
DA:67,0
DA:68,0
DA:69,0
DA:73,0
DA:74,0
DA:75,0
DA:76,0
DA:77,0
DA:78,0
DA:79,0
DA:80,0
DA:81,0
DA:82,0
DA:83,0
DA:84,0
DA:85,0
DA:86,0
DA:87,0
DA:88,0
DA:89,0
DA:92,0
DA:95,0
DA:97,0
DA:98,0
DA:99,0
DA:100,0
DA:101,0
DA:102,0
DA:103,0
DA:107,0
DA:108,0
DA:114,3
DA:115,0
DA:117,3
DA:118,0
DA:119,0
DA:120,0
DA:121,0
DA:122,0
DA:123,0
DA:124,0
DA:125,0
DA:129,3
DA:131,3
DA:132,0
DA:133,0
DA:134,0
DA:135,0
DA:136,0
DA:139,0
DA:140,0
DA:141,0
DA:142,0
DA:143,0
DA:147,0
DA:148,0
DA:152,3
DA:153,0
DA:154,0
DA:155,0
DA:157,0
DA:158,0
DA:160,0
DA:161,0
DA:162,0
DA:163,0
DA:164,0
DA:165,0
DA:166,0
DA:167,0
DA:172,0
DA:173,0
DA:177,1
DA:178,0
DA:184,3
DA:185,0
DA:186,0
DA:187,0
DA:192,3
DA:193,0
DA:196,3
DA:197,0
LF:120
LH:22
BRDA:59,1,0,0
BRDA:59,1,1,0
BRDA:68,2,0,0
BRDA:68,2,1,0
BRDA:80,3,0,0
BRDA:80,3,1,0
BRDA:83,4,0,0
BRDA:83,4,1,0
BRDA:97,5,0,0
BRDA:97,5,1,0
BRDA:97,6,0,0
BRDA:97,6,1,0
BRDA:97,6,2,0
BRDA:99,7,0,0
BRDA:99,7,1,0
BRDA:135,8,0,0
BRDA:135,8,1,0
BRDA:142,9,0,0
BRDA:142,9,1,0
BRDA:154,10,0,0
BRDA:154,10,1,0
BRDA:160,11,0,0
BRDA:160,11,1,0
BRDA:160,12,0,0
BRDA:160,12,1,0
BRDA:166,13,0,0
BRDA:166,13,1,0
BRDA:185,14,0,0
BRDA:185,14,1,0
BRF:29
BRH:0
end_of_record
TN:
SF:C:\work\cleanup-ui\ui\js\controllers\nav-ctrl.js
FN:16,(anonymous_1)
FN:18,(anonymous_2)
FN:32,(anonymous_3)
FN:39,(anonymous_4)
FN:46,(anonymous_5)
FN:52,(anonymous_6)
FN:57,(anonymous_7)
FNF:7
FNH:3
FNDA:1,(anonymous_1)
FNDA:1,(anonymous_2)
FNDA:1,(anonymous_3)
FNDA:0,(anonymous_4)
FNDA:0,(anonymous_5)
FNDA:0,(anonymous_6)
FNDA:0,(anonymous_7)
DA:16,1
DA:18,1
DA:19,1
DA:20,1
DA:21,1
DA:22,1
DA:23,1
DA:25,0
DA:28,1
DA:29,1
DA:32,1
DA:33,1
DA:37,1
DA:38,1
DA:39,1
DA:40,0
DA:41,0
DA:43,0
DA:45,0
DA:46,0
DA:47,0
DA:52,1
DA:53,0
DA:54,0
DA:57,1
DA:58,0
DA:59,0
DA:60,0
DA:61,0
DA:62,0
LF:30
LH:16
BRDA:21,1,0,1
BRDA:21,1,1,0
BRDA:40,2,0,0
BRDA:40,2,1,0
BRDA:45,3,0,0
BRDA:45,3,1,0
BRF:6
BRH:1
end_of_record
TN:
SF:C:\work\cleanup-ui\ui\js\controllers\createjob-ac-ctrl.js
FN:17,(anonymous_1)
FN:19,(anonymous_2)
FN:26,resizeWindow
FN:37,(anonymous_4)
FN:42,successCallback
FN:43,(anonymous_6)
FN:49,(anonymous_7)
FN:56,(anonymous_8)
FN:67,(anonymous_9)
FN:70,(anonymous_10)
FN:117,(anonymous_11)
FN:125,successCallback
FN:126,(anonymous_13)
FN:132,errorCallback
FNF:14
FNH:2
FNDA:1,(anonymous_1)
FNDA:2,(anonymous_2)
FNDA:0,resizeWindow
FNDA:0,(anonymous_4)
FNDA:0,successCallback
FNDA:0,(anonymous_6)
FNDA:0,(anonymous_7)
FNDA:0,(anonymous_8)
FNDA:0,(anonymous_9)
FNDA:0,(anonymous_10)
FNDA:0,(anonymous_11)
FNDA:0,successCallback
FNDA:0,(anonymous_13)
FNDA:0,errorCallback
DA:17,1
DA:19,1
DA:20,2
DA:21,2
DA:22,2
DA:23,2
DA:24,2
DA:26,1
DA:27,0
DA:28,0
DA:31,0
DA:32,0
DA:37,2
DA:38,0
DA:39,0
DA:41,2
DA:42,2
DA:43,0
DA:44,0
DA:46,0
DA:49,2
DA:50,0
DA:51,0
DA:52,0
DA:56,2
DA:57,0
DA:58,0
DA:59,0
DA:61,0
DA:66,2
DA:68,0
DA:71,0
DA:72,0
DA:73,0
DA:74,0
DA:75,0
DA:76,0
DA:78,0
DA:79,0
DA:83,0
DA:84,0
DA:86,0
DA:87,0
DA:88,0
DA:89,0
DA:90,0
DA:91,0
DA:93,0
DA:95,0
DA:96,0
DA:97,0
DA:98,0
DA:99,0
DA:100,0
DA:102,0
DA:103,0
DA:104,0
DA:106,0
DA:113,0
DA:118,0
DA:120,0
DA:121,0
DA:122,0
DA:123,0
DA:124,0
DA:125,0
DA:126,0
DA:127,0
DA:128,0
DA:129,0
DA:131,0
DA:133,0
LF:72
LH:14
BRDA:50,1,0,0
BRDA:50,1,1,0
BRDA:58,2,0,0
BRDA:58,2,1,0
BRDA:71,3,0,0
BRDA:71,3,1,0
BRDA:74,4,0,0
BRDA:74,4,1,0
BRDA:75,5,0,0
BRDA:75,5,1,0
BRDA:75,6,0,0
BRDA:75,6,1,0
BRDA:78,7,0,0
BRDA:78,7,1,0
BRDA:88,8,0,0
BRDA:88,8,1,0
BRDA:90,9,0,0
BRDA:90,9,1,0
BRDA:102,10,0,0
BRDA:102,10,1,0
BRF:20
BRH:0
end_of_record
TN:
SF:C:\work\cleanup-ui\ui\js\controllers\rule-ctrl.js
FN:16,(anonymous_1)
FN:18,(anonymous_2)
FN:31,(anonymous_3)
FN:40,successCallback
FN:41,(anonymous_5)
FN:55,(anonymous_6)
FN:66,(anonymous_7)
FN:77,(anonymous_8)
FN:97,remove
FN:99,successCallback
FN:108,(anonymous_11)
FN:111,successCallback
FN:123,errorCallback
FN:128,edit
FN:130,(anonymous_15)
FNF:15
FNH:2
FNDA:1,(anonymous_1)
FNDA:2,(anonymous_2)
FNDA:0,(anonymous_3)
FNDA:0,successCallback
FNDA:0,(anonymous_5)
FNDA:0,(anonymous_6)
FNDA:0,(anonymous_7)
FNDA:0,(anonymous_8)
FNDA:0,remove
FNDA:0,successCallback
FNDA:0,(anonymous_11)
FNDA:0,successCallback
FNDA:0,errorCallback
FNDA:0,edit
FNDA:0,(anonymous_15)
DA:16,1
DA:18,1
DA:19,2
DA:21,2
DA:22,2
DA:23,2
DA:25,2
DA:26,2
DA:27,2
DA:28,2
DA:29,2
DA:31,2
DA:32,0
DA:33,0
DA:36,0
DA:37,0
DA:39,0
DA:40,0
DA:41,0
DA:42,0
DA:44,0
DA:45,0
DA:47,0
DA:48,0
DA:51,0
DA:55,2
DA:56,0
DA:57,0
DA:58,0
DA:59,0
DA:61,0
DA:62,0
DA:66,2
DA:67,0
DA:68,0
DA:77,2
DA:78,0
DA:79,0
DA:80,0
DA:81,0
DA:83,0
DA:84,0
DA:85,0
DA:86,0
DA:87,0
DA:90,0
DA:92,0
DA:93,0
DA:97,2
DA:98,0
DA:99,0
DA:100,0
DA:101,0
DA:102,0
DA:104,0
DA:105,0
DA:108,2
DA:109,0
DA:110,0
DA:111,0
DA:112,0
DA:113,0
DA:114,0
DA:115,0
DA:116,0
DA:119,0
DA:121,0
DA:124,0
DA:128,2
DA:130,2
DA:131,0
LF:71
LH:19
BRDA:36,1,0,0
BRDA:36,1,1,0
BRDA:37,2,0,0
BRDA:37,2,1,0
BRDA:39,3,0,0
BRDA:39,3,1,0
BRDA:39,4,0,0
BRDA:39,4,1,0
BRDA:56,5,0,0
BRDA:56,5,1,0
BRDA:56,6,0,0
BRDA:56,6,1,0
BRDA:58,7,0,0
BRDA:58,7,1,0
BRDA:58,8,0,0
BRDA:58,8,1,0
BRDA:68,9,0,0
BRDA:68,9,1,0
BRDA:68,9,2,0
BRDA:68,9,3,0
BRDA:68,9,4,0
BRDA:68,9,5,0
BRDA:68,9,6,0
BRDA:78,10,0,0
BRDA:78,10,1,0
BRDA:80,11,0,0
BRDA:80,11,1,0
BRDA:80,12,0,0
BRDA:80,12,1,0
BRDA:86,13,0,0
BRDA:86,13,1,0
BRDA:112,14,0,0
BRDA:112,14,1,0
BRF:33
BRH:0
end_of_record
TN:
SF:C:\work\cleanup-ui\ui\js\controllers\sidebar-ctrl.js
FN:16,(anonymous_1)
FN:18,(anonymous_2)
FN:28,(anonymous_3)
FN:33,pageInit
FN:41,(anonymous_5)
FN:41,(anonymous_6)
FN:45,(anonymous_7)
FN:54,(anonymous_8)
FN:59,(anonymous_9)
FN:63,sideBarList
FN:66,successCallback
FN:68,(anonymous_12)
FN:76,successCallback
FN:78,(anonymous_14)
FN:80,(anonymous_15)
FN:92,(anonymous_16)
FN:107,(anonymous_17)
FN:113,(anonymous_18)
FN:129,(anonymous_19)
FN:136,(anonymous_20)
FN:151,resizeSideChart
FN:155,(anonymous_22)
FN:157,(anonymous_23)
FN:165,resizePieChart
FNF:24
FNH:4
FNDA:1,(anonymous_1)
FNDA:2,(anonymous_2)
FNDA:0,(anonymous_3)
FNDA:2,pageInit
FNDA:0,(anonymous_5)
FNDA:0,(anonymous_6)
FNDA:0,(anonymous_7)
FNDA:0,(anonymous_8)
FNDA:0,(anonymous_9)
FNDA:2,sideBarList
FNDA:0,successCallback
FNDA:0,(anonymous_12)
FNDA:0,successCallback
FNDA:0,(anonymous_14)
FNDA:0,(anonymous_15)
FNDA:0,(anonymous_16)
FNDA:0,(anonymous_17)
FNDA:0,(anonymous_18)
FNDA:0,(anonymous_19)
FNDA:0,(anonymous_20)
FNDA:0,resizeSideChart
FNDA:0,(anonymous_22)
FNDA:0,(anonymous_23)
FNDA:0,resizePieChart
DA:16,1
DA:18,1
DA:20,2
DA:22,2
DA:24,2
DA:25,2
DA:26,2
DA:28,2
DA:29,0
DA:30,0
DA:31,0
DA:33,1
DA:34,2
DA:35,2
DA:36,2
DA:38,2
DA:41,2
DA:42,0
DA:45,2
DA:46,0
DA:47,0
DA:48,0
DA:49,0
DA:50,0
DA:51,0
DA:53,0
DA:54,0
DA:55,0
DA:59,2
DA:60,0
DA:63,1
DA:64,2
DA:66,2
DA:67,0
DA:68,0
DA:69,0
DA:70,0
DA:71,0
DA:72,0
DA:74,0
DA:75,0
DA:76,0
DA:78,0
DA:79,0
DA:80,0
DA:81,0
DA:85,0
DA:86,0
DA:87,0
DA:88,0
DA:89,0
DA:91,0
DA:92,0
DA:93,0
DA:94,0
DA:95,0
DA:99,0
DA:101,0
DA:102,0
DA:103,0
DA:107,0
DA:108,0
DA:109,0
DA:110,0
DA:111,0
DA:112,0
DA:113,0
DA:114,0
DA:115,0
DA:116,0
DA:117,0
DA:118,0
DA:119,0
DA:120,0
DA:123,0
DA:126,0
DA:127,0
DA:129,0
DA:130,0
DA:136,2
DA:137,0
DA:138,0
DA:140,0
DA:144,0
DA:145,0
DA:146,0
DA:147,0
DA:151,1
DA:152,0
DA:155,0
DA:156,0
DA:157,0
DA:158,0
DA:159,0
DA:165,1
DA:166,0
LF:96
LH:22
BRDA:93,1,0,0
BRDA:93,1,1,0
BRDA:102,2,0,0
BRDA:102,2,1,0
BRDA:114,3,0,0
BRDA:114,3,1,0
BRDA:126,4,0,0
BRDA:126,4,1,0
BRDA:138,5,0,0
BRDA:138,5,1,0
BRDA:158,6,0,0
BRDA:158,6,1,0
BRF:12
BRH:0
end_of_record
TN:
SF:C:\work\cleanup-ui\ui\js\controllers\viewrule-ctrl.js
FN:16,(anonymous_1)
FN:18,(anonymous_2)
FN:24,pageInit
FN:29,successCallback
FN:37,(anonymous_5)
FN:38,errorCallback
FN:45,(anonymous_7)
FN:50,successCallback
FN:57,(anonymous_9)
FN:63,resizeWindow
FNF:10
FNH:3
FNDA:1,(anonymous_1)
FNDA:2,(anonymous_2)
FNDA:2,pageInit
FNDA:0,successCallback
FNDA:0,(anonymous_5)
FNDA:0,errorCallback
FNDA:0,(anonymous_7)
FNDA:0,successCallback
FNDA:0,(anonymous_9)
FNDA:0,resizeWindow
DA:16,1
DA:18,1
DA:20,2
DA:22,2
DA:24,1
DA:25,2
DA:27,2
DA:28,2
DA:29,2
DA:30,0
DA:31,0
DA:32,0
DA:33,0
DA:34,0
DA:35,0
DA:37,0
DA:39,0
DA:42,2
DA:45,2
DA:46,0
DA:47,0
DA:49,0
DA:50,0
DA:51,0
DA:52,0
DA:57,2
DA:58,0
DA:59,0
DA:63,1
DA:65,0
DA:66,0
DA:67,0
DA:69,0
DA:70,0
DA:72,0
DA:73,0
LF:36
LH:13
BRDA:49,1,0,0
BRDA:49,1,1,0
BRDA:58,2,0,0
BRDA:58,2,1,0
BRDA:72,3,0,0
BRDA:72,3,1,0
BRF:6
BRH:0
end_of_record
TN:
SF:C:\work\cleanup-ui\ui\js\filters\strmap.js
FN:16,(anonymous_1)
FN:30,(anonymous_2)
FN:31,(anonymous_3)
FN:45,(anonymous_4)
FN:46,(anonymous_5)
FN:60,(anonymous_6)
FN:61,(anonymous_7)
FNF:7
FNH:5
FNDA:1,(anonymous_1)
FNDA:1,(anonymous_2)
FNDA:2,(anonymous_3)
FNDA:0,(anonymous_4)
FNDA:0,(anonymous_5)
FNDA:27,(anonymous_6)
FNDA:89,(anonymous_7)
DA:16,1
DA:18,1
DA:30,1
DA:31,1
DA:32,2
DA:33,2
DA:34,1
DA:35,1
DA:36,0
DA:37,0
DA:40,2
DA:45,1
DA:46,0
DA:47,0
DA:48,0
DA:49,0
DA:50,0
DA:51,0
DA:52,0
DA:55,0
DA:60,1
DA:61,27
DA:62,89
LF:23
LH:13
BRDA:33,1,0,1
BRDA:33,1,1,1
BRDA:33,2,0,2
BRDA:33,2,1,2
BRDA:33,2,2,2
BRDA:35,3,0,0
BRDA:35,3,1,1
BRDA:36,4,0,0
BRDA:36,4,1,0
BRDA:36,5,0,0
BRDA:36,5,1,0
BRDA:48,6,0,0
BRDA:48,6,1,0
BRDA:48,7,0,0
BRDA:48,7,1,0
BRDA:48,7,2,0
BRDA:50,8,0,0
BRDA:50,8,1,0
BRDA:51,9,0,0
BRDA:51,9,1,0
BRF:20
BRH:6
end_of_record
TN:
SF:C:\work\cleanup-ui\ui\js\filters\strshorten.js
FN:16,(anonymous_1)
FN:20,(anonymous_2)
FN:21,(anonymous_3)
FNF:3
FNH:3
FNDA:1,(anonymous_1)
FNDA:1,(anonymous_2)
FNDA:2,(anonymous_3)
DA:16,1
DA:20,1
DA:21,1
DA:22,2
DA:23,2
DA:24,2
DA:25,2
DA:26,2
DA:27,2
DA:29,0
DA:32,2
DA:33,0
DA:34,2
DA:35,0
DA:36,2
DA:37,0
DA:38,2
DA:39,0
DA:41,2
LF:19
LH:14
BRDA:32,1,0,0
BRDA:32,1,1,2
BRDA:32,2,0,2
BRDA:32,2,1,0
BRDA:34,3,0,0
BRDA:34,3,1,2
BRDA:34,4,0,2
BRDA:34,4,1,2
BRDA:36,5,0,0
BRDA:36,5,1,2
BRDA:36,6,0,2
BRDA:36,6,1,2
BRDA:38,7,0,0
BRDA:38,7,1,2
BRDA:38,8,0,2
BRDA:38,8,1,2
BRF:16
BRH:11
end_of_record
TN:
SF:C:\work\cleanup-ui\ui\js\routes.js
FN:16,(anonymous_1)
FN:19,(anonymous_2)
FN:139,(anonymous_3)
FN:143,(anonymous_4)
FN:147,(anonymous_5)
FN:164,(anonymous_6)
FN:166,(anonymous_7)
FN:179,(anonymous_8)
FN:182,(anonymous_9)
FN:217,isSpinnerRequired
FNF:10
FNH:1
FNDA:1,(anonymous_1)
FNDA:0,(anonymous_2)
FNDA:0,(anonymous_3)
FNDA:0,(anonymous_4)
FNDA:0,(anonymous_5)
FNDA:0,(anonymous_6)
FNDA:0,(anonymous_7)
FNDA:0,(anonymous_8)
FNDA:0,(anonymous_9)
FNDA:0,isSpinnerRequired
DA:16,1
DA:19,1
DA:21,0
DA:25,0
DA:30,0
DA:35,0
DA:40,0
DA:45,0
DA:50,0
DA:55,0
DA:60,0
DA:65,0
DA:70,0
DA:75,0
DA:80,0
DA:85,0
DA:90,0
DA:95,0
DA:100,0
DA:105,0
DA:110,0
DA:115,0
DA:120,0
DA:125,0
DA:139,0
DA:140,0
DA:142,0
DA:144,0
DA:147,0
DA:148,0
DA:149,0
DA:151,0
DA:152,0
DA:153,0
DA:155,0
DA:158,0
DA:162,0
DA:165,0
DA:166,0
DA:167,0
DA:168,0
DA:170,0
DA:171,0
DA:173,0
DA:176,0
DA:181,0
DA:182,0
DA:183,0
DA:184,0
DA:186,0
DA:187,0
DA:189,0
DA:194,0
DA:195,0
DA:196,0
DA:197,0
DA:198,0
DA:199,0
DA:207,0
DA:217,1
DA:218,0
DA:230,0
DA:231,0
DA:232,0
DA:233,0
DA:236,0
LF:66
LH:3
BRDA:144,1,0,0
BRDA:144,1,1,0
BRDA:148,2,0,0
BRDA:148,2,1,0
BRDA:151,3,0,0
BRDA:151,3,1,0
BRDA:162,4,0,0
BRDA:162,4,1,0
BRDA:165,5,0,0
BRDA:165,5,1,0
BRDA:167,6,0,0
BRDA:167,6,1,0
BRDA:176,7,0,0
BRDA:176,7,1,0
BRDA:181,8,0,0
BRDA:181,8,1,0
BRDA:183,9,0,0
BRDA:183,9,1,0
BRDA:194,10,0,0
BRDA:194,10,1,0
BRDA:198,11,0,0
BRDA:198,11,1,0
BRDA:198,12,0,0
BRDA:198,12,1,0
BRDA:232,13,0,0
BRDA:232,13,1,0
BRF:26
BRH:0
end_of_record
TN:
SF:C:\work\cleanup-ui\ui\js\services\services.js
FN:16,(anonymous_1)
FN:21,(anonymous_2)
FNF:2
FNH:2
FNDA:1,(anonymous_1)
FNDA:46,(anonymous_2)
DA:16,1
DA:19,1
DA:21,1
DA:25,46
DA:26,46
DA:30,46
DA:32,46
DA:96,46
LF:8
LH:8
BRF:0
BRH:0
end_of_record
TN:
SF:C:\work\cleanup-ui\ui\js\controllers\module.js
FN:16,(anonymous_1)
FNF:1
FNH:1
FNDA:1,(anonymous_1)
DA:16,1
DA:18,1
LF:2
LH:2
BRF:0
BRH:0
end_of_record
TN:
SF:C:\work\cleanup-ui\ui\js\services\module.js
FN:16,(anonymous_1)
FNF:1
FNH:1
FNDA:1,(anonymous_1)
DA:16,1
DA:18,1
LF:2
LH:2
BRF:0
BRH:0
end_of_record
TN:
SF:C:\work\cleanup-ui\ui\js\controllers\createrule-ac-ctrl.js
FN:16,(anonymous_1)
FN:18,(anonymous_2)
FN:34,successCallback
FN:37,(anonymous_4)
FN:46,(anonymous_5)
FN:56,(anonymous_6)
FN:63,(anonymous_7)
FN:81,(anonymous_8)
FN:86,successCallback
FN:95,(anonymous_10)
FN:117,(anonymous_11)
FN:125,successCallback
FN:139,toggleSelection
FN:151,(anonymous_14)
FN:159,(anonymous_15)
FN:167,(anonymous_16)
FN:179,(anonymous_17)
FN:187,(anonymous_18)
FN:198,(anonymous_19)
FN:210,(anonymous_20)
FN:214,(anonymous_21)
FN:221,resizeWindow
FN:232,(anonymous_23)
FN:237,(anonymous_24)
FN:249,(anonymous_25)
FN:267,(anonymous_26)
FN:286,(anonymous_27)
FN:289,(anonymous_28)
FN:303,(anonymous_29)
FN:353,(anonymous_30)
FN:358,(anonymous_31)
FN:376,(anonymous_32)
FN:379,successCallback
FN:385,(anonymous_34)
FN:391,errorCallback
FN:397,(anonymous_36)
FN:399,(anonymous_37)
FN:404,(anonymous_38)
FN:406,(anonymous_39)
FN:411,(anonymous_40)
FN:413,(anonymous_41)
FN:418,(anonymous_42)
FN:426,(anonymous_43)
FN:440,(anonymous_44)
FNF:44
FNH:8
FNDA:1,(anonymous_1)
FNDA:12,(anonymous_2)
FNDA:2,successCallback
FNDA:4,(anonymous_4)
FNDA:4,(anonymous_5)
FNDA:0,(anonymous_6)
FNDA:0,(anonymous_7)
FNDA:2,(anonymous_8)
FNDA:0,successCallback
FNDA:0,(anonymous_10)
FNDA:2,(anonymous_11)
FNDA:0,successCallback
FNDA:0,toggleSelection
FNDA:0,(anonymous_14)
FNDA:0,(anonymous_15)
FNDA:0,(anonymous_16)
FNDA:0,(anonymous_17)
FNDA:0,(anonymous_18)
FNDA:0,(anonymous_19)
FNDA:0,(anonymous_20)
FNDA:0,(anonymous_21)
FNDA:0,resizeWindow
FNDA:0,(anonymous_23)
FNDA:0,(anonymous_24)
FNDA:0,(anonymous_25)
FNDA:0,(anonymous_26)
FNDA:0,(anonymous_27)
FNDA:0,(anonymous_28)
FNDA:0,(anonymous_29)
FNDA:0,(anonymous_30)
FNDA:0,(anonymous_31)
FNDA:0,(anonymous_32)
FNDA:0,successCallback
FNDA:0,(anonymous_34)
FNDA:0,errorCallback
FNDA:0,(anonymous_36)
FNDA:0,(anonymous_37)
FNDA:0,(anonymous_38)
FNDA:0,(anonymous_39)
FNDA:0,(anonymous_40)
FNDA:0,(anonymous_41)
FNDA:2,(anonymous_42)
FNDA:0,(anonymous_43)
FNDA:0,(anonymous_44)
DA:16,1
DA:18,1
DA:19,12
DA:20,12
DA:23,12
DA:24,12
DA:25,12
DA:26,12
DA:27,12
DA:28,12
DA:29,12
DA:30,12
DA:31,12
DA:32,12
DA:34,12
DA:35,2
DA:36,2
DA:37,2
DA:38,4
DA:39,4
DA:44,4
DA:45,4
DA:46,4
DA:47,4
DA:52,4
DA:53,4
DA:54,4
DA:55,0
DA:56,0
DA:57,0
DA:63,0
DA:64,0
DA:75,2
DA:76,2
DA:81,12
DA:82,2
DA:83,2
DA:84,2
DA:85,1
DA:86,0
DA:87,0
DA:88,0
DA:95,12
DA:97,0
DA:98,0
DA:101,0
DA:102,0
DA:105,0
DA:109,0
DA:110,0
DA:111,0
DA:112,0
DA:113,0
DA:117,12
DA:118,2
DA:119,2
DA:120,2
DA:121,2
DA:122,2
DA:124,2
DA:125,0
DA:126,0
DA:127,0
DA:128,0
DA:132,2
DA:133,0
DA:134,0
DA:139,12
DA:140,0
DA:141,0
DA:143,0
DA:144,0
DA:145,0
DA:147,0
DA:151,12
DA:152,0
DA:153,0
DA:155,0
DA:158,0
DA:159,0
DA:160,0
DA:161,0
DA:162,0
DA:167,12
DA:168,0
DA:169,0
DA:171,0
DA:172,0
DA:173,0
DA:175,0
DA:179,12
DA:180,0
DA:181,0
DA:183,0
DA:186,0
DA:187,0
DA:188,0
DA:189,0
DA:190,0
DA:191,0
DA:192,0
DA:193,0
DA:198,12
DA:199,0
DA:200,0
DA:202,0
DA:203,0
DA:204,0
DA:206,0
DA:210,12
DA:211,0
DA:212,0
DA:213,0
DA:214,0
DA:215,0
DA:218,0
DA:221,1
DA:222,0
DA:223,0
DA:226,0
DA:227,0
DA:232,12
DA:233,0
DA:234,0
DA:237,12
DA:238,0
DA:239,0
DA:240,0
DA:244,12
DA:245,12
DA:246,12
DA:247,12
DA:249,12
DA:251,0
DA:252,0
DA:254,0
DA:255,0
DA:256,0
DA:257,0
DA:259,0
DA:260,0
DA:263,0
DA:266,12
DA:268,0
DA:269,0
DA:271,0
DA:272,0
DA:273,0
DA:274,0
DA:275,0
DA:278,0
DA:279,0
DA:283,0
DA:287,0
DA:290,0
DA:291,0
DA:293,0
DA:294,0
DA:295,0
DA:299,0
DA:304,0
DA:305,0
DA:307,0
DA:308,0
DA:309,0
DA:310,0
DA:313,0
DA:314,0
DA:318,0
DA:319,0
DA:321,0
DA:322,0
DA:323,0
DA:351,0
DA:353,0
DA:354,0
DA:355,0
DA:356,0
DA:358,0
DA:359,0
DA:361,0
DA:362,0
DA:363,0
DA:364,0
DA:365,0
DA:366,0
DA:372,0
DA:377,0
DA:378,0
DA:379,0
DA:380,0
DA:381,0
DA:382,0
DA:383,0
DA:385,0
DA:386,0
DA:387,0
DA:388,0
DA:390,0
DA:392,0
DA:397,12
DA:398,0
DA:399,0
DA:400,0
DA:404,12
DA:405,0
DA:406,0
DA:407,0
DA:411,12
DA:412,0
DA:413,0
DA:414,0
DA:418,12
DA:419,2
DA:420,0
DA:421,0
DA:426,12
DA:427,0
DA:428,0
DA:429,0
DA:430,0
DA:431,0
DA:435,0
DA:440,12
DA:441,0
DA:442,0
DA:443,0
DA:445,0
LF:228
LH:65
BRDA:36,1,0,2
BRDA:36,1,1,0
BRDA:45,2,0,4
BRDA:45,2,1,0
BRDA:54,3,0,0
BRDA:54,3,1,4
BRDA:55,4,0,0
BRDA:55,4,1,0
BRDA:57,5,0,0
BRDA:57,5,1,0
BRDA:59,6,0,0
BRDA:59,6,1,0
BRDA:84,7,0,1
BRDA:84,7,1,1
BRDA:85,8,0,0
BRDA:85,8,1,1
BRDA:87,9,0,0
BRDA:87,9,1,0
BRDA:97,10,0,0
BRDA:97,10,1,0
BRDA:97,11,0,0
BRDA:97,11,1,0
BRDA:101,12,0,0
BRDA:101,12,1,0
BRDA:101,13,0,0
BRDA:101,13,1,0
BRDA:124,14,0,0
BRDA:124,14,1,2
BRDA:127,15,0,0
BRDA:127,15,1,0
BRDA:132,16,0,0
BRDA:132,16,1,2
BRDA:143,17,0,0
BRDA:143,17,1,0
BRDA:152,18,0,0
BRDA:152,18,1,0
BRDA:161,19,0,0
BRDA:161,19,1,0
BRDA:171,20,0,0
BRDA:171,20,1,0
BRDA:180,21,0,0
BRDA:180,21,1,0
BRDA:189,22,0,0
BRDA:189,22,1,0
BRDA:202,23,0,0
BRDA:202,23,1,0
BRDA:212,24,0,0
BRDA:212,24,1,0
BRDA:238,25,0,0
BRDA:238,25,1,0
BRDA:251,26,0,0
BRDA:251,26,1,0
BRDA:254,27,0,0
BRDA:254,27,1,0
BRDA:255,28,0,0
BRDA:255,28,1,0
BRDA:256,29,0,0
BRDA:256,29,1,0
BRDA:257,30,0,0
BRDA:257,30,1,0
BRDA:257,30,2,0
BRDA:258,31,0,0
BRDA:258,31,1,0
BRDA:259,32,0,0
BRDA:259,32,1,0
BRDA:260,33,0,0
BRDA:260,33,1,0
BRDA:260,33,2,0
BRDA:260,33,3,0
BRDA:268,34,0,0
BRDA:268,34,1,0
BRDA:273,35,0,0
BRDA:273,35,1,0
BRDA:274,36,0,0
BRDA:274,36,1,0
BRDA:274,37,0,0
BRDA:274,37,1,0
BRDA:278,38,0,0
BRDA:278,38,1,0
BRDA:290,39,0,0
BRDA:290,39,1,0
BRDA:293,40,0,0
BRDA:293,40,1,0
BRDA:294,41,0,0
BRDA:294,41,1,0
BRDA:304,42,0,0
BRDA:304,42,1,0
BRDA:308,43,0,0
BRDA:308,43,1,0
BRDA:309,44,0,0
BRDA:309,44,1,0
BRDA:309,45,0,0
BRDA:309,45,1,0
BRDA:313,46,0,0
BRDA:313,46,1,0
BRDA:369,47,0,0
BRDA:369,47,1,0
BRDA:381,48,0,0
BRDA:381,48,1,0
BRDA:419,49,0,0
BRDA:419,49,1,2
BRDA:420,50,0,0
BRDA:420,50,1,0
BRDA:430,51,0,0
BRDA:430,51,1,0
BRDA:442,52,0,0
BRDA:442,52,1,0
BRF:107
BRH:9
end_of_record
TN:
SF:C:\work\cleanup-ui\ui\js\filters\module.js
FN:16,(anonymous_1)
FN:19,(anonymous_2)
FNF:2
FNH:2
FNDA:1,(anonymous_1)
FNDA:47,(anonymous_2)
DA:16,1
DA:18,1
LF:2
LH:2
BRF:0
BRH:0
end_of_record
TN:
SF:C:\work\cleanup-ui\ui\js\app.js
FN:32,(anonymous_1)
FNF:1
FNH:1
FNDA:1,(anonymous_1)
DA:16,1
DA:35,1
LF:2
LH:2
BRF:0
BRH:0
end_of_record
TN:
SF:C:\work\cleanup-ui\ui\js\directives\index.js
FN:16,(anonymous_1)
FNF:1
FNH:1
FNDA:1,(anonymous_1)
DA:16,1
LF:1
LH:1
BRF:0
BRH:0
end_of_record
TN:
SF:C:\work\cleanup-ui\ui\js\filters\index.js
FN:16,(anonymous_1)
FNF:1
FNH:1
FNDA:1,(anonymous_1)
DA:16,1
LF:1
LH:1
BRF:0
BRH:0
end_of_record
TN:
SF:C:\work\cleanup-ui\ui\js\controllers\index.js
FN:42,(anonymous_1)
FNF:1
FNH:1
FNDA:1,(anonymous_1)
DA:17,1
LF:1
LH:1
BRF:0
BRH:0
end_of_record
TN:
SF:C:\work\cleanup-ui\ui\js\services\index.js
FN:16,(anonymous_1)
FNF:1
FNH:1
FNDA:1,(anonymous_1)
DA:16,1
LF:1
LH:1
BRF:0
BRH:0
end_of_record
TN:
SF:C:\work\cleanup-ui\ui\js\directives\treeview.js
FN:43,(anonymous_1)
FN:46,(anonymous_2)
FN:49,(anonymous_3)
FN:76,(anonymous_4)
FN:82,(anonymous_5)
FN:106,(anonymous_6)
FN:109,(anonymous_7)
FN:138,(anonymous_8)
FN:139,(anonymous_9)
FN:149,checkSiblings
FN:154,(anonymous_11)
FN:186,(anonymous_12)
FN:193,(anonymous_13)
FNF:13
FNH:1
FNDA:1,(anonymous_1)
FNDA:0,(anonymous_2)
FNDA:0,(anonymous_3)
FNDA:0,(anonymous_4)
FNDA:0,(anonymous_5)
FNDA:0,(anonymous_6)
FNDA:0,(anonymous_7)
FNDA:0,(anonymous_8)
FNDA:0,(anonymous_9)
FNDA:0,checkSiblings
FNDA:0,(anonymous_11)
FNDA:0,(anonymous_12)
FNDA:0,(anonymous_13)
DA:42,1
DA:45,1
DA:47,0
DA:53,0
DA:55,0
DA:57,0
DA:59,0
DA:61,0
DA:62,0
DA:65,0
DA:73,0
DA:75,0
DA:78,0
DA:81,0
DA:84,0
DA:85,0
DA:88,0
DA:89,0
DA:92,0
DA:95,0
DA:99,0
DA:105,1
DA:107,0
DA:113,0
DA:115,0
DA:117,0
DA:119,0
DA:121,0
DA:123,0
DA:126,0
DA:135,0
DA:137,0
DA:139,0
DA:140,0
DA:144,0
DA:149,1
DA:151,0
DA:154,0
DA:155,0
DA:158,0
DA:160,0
DA:165,0
DA:167,0
DA:169,0
DA:170,0
DA:171,0
DA:174,0
DA:181,0
DA:185,0
DA:188,0
DA:192,0
DA:196,0
DA:197,0
DA:200,0
DA:201,0
DA:204,0
DA:207,0
DA:211,0
LF:58
LH:4
BRDA:55,1,0,0
BRDA:55,1,1,0
BRDA:57,2,0,0
BRDA:57,2,1,0
BRDA:59,3,0,0
BRDA:59,3,1,0
BRDA:61,4,0,0
BRDA:61,4,1,0
BRDA:62,5,0,0
BRDA:62,5,1,0
BRDA:63,6,0,0
BRDA:63,6,1,0
BRDA:73,7,0,0
BRDA:73,7,1,0
BRDA:75,8,0,0
BRDA:75,8,1,0
BRDA:81,9,0,0
BRDA:81,9,1,0
BRDA:84,10,0,0
BRDA:84,10,1,0
BRDA:84,11,0,0
BRDA:84,11,1,0
BRDA:88,12,0,0
BRDA:88,12,1,0
BRDA:88,13,0,0
BRDA:88,13,1,0
BRDA:115,14,0,0
BRDA:115,14,1,0
BRDA:117,15,0,0
BRDA:117,15,1,0
BRDA:119,16,0,0
BRDA:119,16,1,0
BRDA:121,17,0,0
BRDA:121,17,1,0
BRDA:123,18,0,0
BRDA:123,18,1,0
BRDA:124,19,0,0
BRDA:124,19,1,0
BRDA:135,20,0,0
BRDA:135,20,1,0
BRDA:137,21,0,0
BRDA:137,21,1,0
BRDA:158,22,0,0
BRDA:158,22,1,0
BRDA:158,23,0,0
BRDA:158,23,1,0
BRDA:167,24,0,0
BRDA:167,24,1,0
BRDA:167,25,0,0
BRDA:167,25,1,0
BRDA:185,26,0,0
BRDA:185,26,1,0
BRDA:192,27,0,0
BRDA:192,27,1,0
BRDA:196,28,0,0
BRDA:196,28,1,0
BRDA:196,29,0,0
BRDA:196,29,1,0
BRDA:200,30,0,0
BRDA:200,30,1,0
BRDA:200,31,0,0
BRDA:200,31,1,0
BRF:62
BRH:0
end_of_record
TN:
SF:C:\work\cleanup-ui\ui\js\directives\bigchart.js
FN:16,(anonymous_1)
FN:18,(anonymous_2)
FN:23,(anonymous_3)
FN:25,(anonymous_4)
FN:28,(anonymous_5)
FN:32,(anonymous_6)
FN:37,(anonymous_7)
FN:43,(anonymous_8)
FNF:8
FNH:1
FNDA:1,(anonymous_1)
FNDA:0,(anonymous_2)
FNDA:0,(anonymous_3)
FNDA:0,(anonymous_4)
FNDA:0,(anonymous_5)
FNDA:0,(anonymous_6)
FNDA:0,(anonymous_7)
FNDA:0,(anonymous_8)
DA:16,1
DA:18,1
DA:19,0
DA:24,0
DA:25,0
DA:26,0
DA:28,0
DA:29,0
DA:32,0
DA:33,0
DA:37,0
DA:38,0
DA:43,0
DA:44,0
DA:45,0
DA:46,0
LF:16
LH:2
BRF:0
BRH:0
end_of_record
TN:
SF:C:\work\cleanup-ui\ui\js\controllers\dataassets-ctrl.js
FN:16,(anonymous_1)
FN:18,(anonymous_2)
FN:26,(anonymous_3)
FN:34,successCallback
FN:38,(anonymous_5)
FN:39,(anonymous_6)
FN:52,(anonymous_7)
FN:63,(anonymous_8)
FN:73,(anonymous_9)
FN:93,(anonymous_10)
FN:98,(anonymous_11)
FN:99,successCallback
FN:106,errorCallback
FN:111,(anonymous_14)
FNF:14
FNH:1
FNDA:1,(anonymous_1)
FNDA:0,(anonymous_2)
FNDA:0,(anonymous_3)
FNDA:0,successCallback
FNDA:0,(anonymous_5)
FNDA:0,(anonymous_6)
FNDA:0,(anonymous_7)
FNDA:0,(anonymous_8)
FNDA:0,(anonymous_9)
FNDA:0,(anonymous_10)
FNDA:0,(anonymous_11)
FNDA:0,successCallback
FNDA:0,errorCallback
FNDA:0,(anonymous_14)
DA:16,1
DA:18,1
DA:20,0
DA:21,0
DA:22,0
DA:23,0
DA:24,0
DA:26,0
DA:27,0
DA:28,0
DA:30,0
DA:31,0
DA:33,0
DA:34,0
DA:35,0
DA:37,0
DA:38,0
DA:39,0
DA:40,0
DA:43,0
DA:44,0
DA:45,0
DA:48,0
DA:52,0
DA:53,0
DA:54,0
DA:55,0
DA:56,0
DA:58,0
DA:59,0
DA:63,0
DA:64,0
DA:65,0
DA:73,0
DA:74,0
DA:75,0
DA:76,0
DA:77,0
DA:79,0
DA:80,0
DA:81,0
DA:82,0
DA:83,0
DA:86,0
DA:88,0
DA:89,0
DA:93,0
DA:94,0
DA:95,0
DA:98,0
DA:99,0
DA:100,0
DA:101,0
DA:102,0
DA:104,0
DA:105,0
DA:107,0
DA:111,0
DA:112,0
LF:59
LH:2
BRDA:30,1,0,0
BRDA:30,1,1,0
BRDA:31,2,0,0
BRDA:31,2,1,0
BRDA:33,3,0,0
BRDA:33,3,1,0
BRDA:33,4,0,0
BRDA:33,4,1,0
BRDA:35,5,0,0
BRDA:35,5,1,0
BRDA:53,6,0,0
BRDA:53,6,1,0
BRDA:53,7,0,0
BRDA:53,7,1,0
BRDA:55,8,0,0
BRDA:55,8,1,0
BRDA:55,9,0,0
BRDA:55,9,1,0
BRDA:65,10,0,0
BRDA:65,10,1,0
BRDA:65,10,2,0
BRDA:65,10,3,0
BRDA:65,10,4,0
BRDA:65,10,5,0
BRDA:74,11,0,0
BRDA:74,11,1,0
BRDA:76,12,0,0
BRDA:76,12,1,0
BRDA:76,13,0,0
BRDA:76,13,1,0
BRDA:82,14,0,0
BRDA:82,14,1,0
BRF:32
BRH:0
end_of_record
TN:
SF:C:\work\cleanup-ui\ui\js\controllers\editdataasset-ctrl.js
FN:16,(anonymous_1)
FN:18,(anonymous_2)
FN:29,(anonymous_3)
FN:34,(anonymous_4)
FN:40,resizeWindow
FN:49,(anonymous_6)
FN:50,successCallback
FN:64,(anonymous_8)
FN:73,(anonymous_9)
FN:79,(anonymous_10)
FN:88,(anonymous_11)
FN:95,(anonymous_12)
FN:99,(anonymous_13)
FN:114,(anonymous_14)
FN:141,(anonymous_15)
FN:142,(anonymous_16)
FN:160,successCallback
FN:174,(anonymous_18)
FNF:18
FNH:1
FNDA:1,(anonymous_1)
FNDA:0,(anonymous_2)
FNDA:0,(anonymous_3)
FNDA:0,(anonymous_4)
FNDA:0,resizeWindow
FNDA:0,(anonymous_6)
FNDA:0,successCallback
FNDA:0,(anonymous_8)
FNDA:0,(anonymous_9)
FNDA:0,(anonymous_10)
FNDA:0,(anonymous_11)
FNDA:0,(anonymous_12)
FNDA:0,(anonymous_13)
FNDA:0,(anonymous_14)
FNDA:0,(anonymous_15)
FNDA:0,(anonymous_16)
FNDA:0,successCallback
FNDA:0,(anonymous_18)
DA:16,1
DA:18,1
DA:19,0
DA:20,0
DA:21,0
DA:22,0
DA:24,0
DA:25,0
DA:27,0
DA:29,0
DA:30,0
DA:31,0
DA:34,0
DA:35,0
DA:36,0
DA:40,1
DA:41,0
DA:42,0
DA:43,0
DA:48,0
DA:49,0
DA:50,0
DA:51,0
DA:52,0
DA:53,0
DA:54,0
DA:55,0
DA:56,0
DA:57,0
DA:58,0
DA:62,0
DA:64,0
DA:65,0
DA:66,0
DA:67,0
DA:70,0
DA:73,0
DA:74,0
DA:75,0
DA:79,0
DA:80,0
DA:88,0
DA:89,0
DA:95,0
DA:96,0
DA:99,0
DA:100,0
DA:104,0
DA:115,0
DA:116,0
DA:118,0
DA:119,0
DA:120,0
DA:121,0
DA:124,0
DA:125,0
DA:129,0
DA:130,0
DA:132,0
DA:133,0
DA:137,0
DA:142,0
DA:143,0
DA:144,0
DA:145,0
DA:148,0
DA:149,0
DA:160,0
DA:161,0
DA:163,0
DA:167,0
DA:174,0
DA:175,0
DA:176,0
DA:177,0
DA:179,0
LF:76
LH:3
BRDA:35,1,0,0
BRDA:35,1,1,0
BRDA:66,2,0,0
BRDA:66,2,1,0
BRDA:74,3,0,0
BRDA:74,3,1,0
BRDA:115,4,0,0
BRDA:115,4,1,0
BRDA:119,5,0,0
BRDA:119,5,1,0
BRDA:120,6,0,0
BRDA:120,6,1,0
BRDA:120,7,0,0
BRDA:120,7,1,0
BRDA:124,8,0,0
BRDA:124,8,1,0
BRDA:161,9,0,0
BRDA:161,9,1,0
BRDA:176,10,0,0
BRDA:176,10,1,0
BRF:20
BRH:0
end_of_record
TN:
SF:C:\work\cleanup-ui\ui\js\controllers\footer-ctrl.js
FN:16,(anonymous_1)
FN:18,(anonymous_2)
FN:48,retrieveNotifications
FNF:3
FNH:1
FNDA:1,(anonymous_1)
FNDA:0,(anonymous_2)
FNDA:0,retrieveNotifications
DA:16,1
DA:18,1
DA:19,0
DA:20,0
DA:22,0
DA:23,0
DA:24,0
DA:48,1
DA:49,0
LF:9
LH:3
BRF:0
BRH:0
end_of_record
TN:
SF:C:\work\cleanup-ui\ui\js\controllers\mydashboard-ctrl.js
FN:16,(anonymous_1)
FN:18,(anonymous_2)
FN:24,pageInit
FN:28,successCallback
FN:31,(anonymous_5)
FN:32,(anonymous_6)
FN:34,(anonymous_7)
FN:40,(anonymous_8)
FN:46,(anonymous_9)
FN:50,(anonymous_10)
FN:52,(anonymous_11)
FN:62,(anonymous_12)
FN:70,(anonymous_13)
FN:72,successCallback
FN:78,(anonymous_15)
FNF:15
FNH:1
FNDA:1,(anonymous_1)
FNDA:0,(anonymous_2)
FNDA:0,pageInit
FNDA:0,successCallback
FNDA:0,(anonymous_5)
FNDA:0,(anonymous_6)
FNDA:0,(anonymous_7)
FNDA:0,(anonymous_8)
FNDA:0,(anonymous_9)
FNDA:0,(anonymous_10)
FNDA:0,(anonymous_11)
FNDA:0,(anonymous_12)
FNDA:0,(anonymous_13)
FNDA:0,successCallback
FNDA:0,(anonymous_15)
DA:16,1
DA:18,1
DA:20,0
DA:22,0
DA:24,1
DA:25,0
DA:27,0
DA:28,0
DA:29,0
DA:30,0
DA:31,0
DA:32,0
DA:33,0
DA:34,0
DA:35,0
DA:39,0
DA:40,0
DA:41,0
DA:46,0
DA:48,0
DA:50,0
DA:51,0
DA:52,0
DA:53,0
DA:54,0
DA:56,0
DA:57,0
DA:62,0
DA:63,0
DA:64,0
DA:65,0
DA:70,0
DA:71,0
DA:72,0
DA:73,0
DA:74,0
DA:78,0
DA:79,0
LF:38
LH:3
BRDA:63,1,0,0
BRDA:63,1,1,0
BRF:2
BRH:0
end_of_record
TN:
SF:C:\work\cleanup-ui\ui\js\controllers\subscribemodel-ctrl.js
FN:16,(anonymous_1)
FN:18,(anonymous_2)
FN:27,(anonymous_3)
FN:30,(anonymous_4)
FN:39,(anonymous_5)
FN:51,(anonymous_6)
FN:54,(anonymous_7)
FN:72,(anonymous_8)
FN:80,(anonymous_9)
FN:84,(anonymous_10)
FN:93,(anonymous_11)
FN:102,(anonymous_12)
FN:105,(anonymous_13)
FN:171,(anonymous_14)
FN:176,(anonymous_15)
FN:182,resizeWindow
FN:195,(anonymous_17)
FN:207,(anonymous_18)
FN:209,(anonymous_19)
FN:213,(anonymous_20)
FN:215,(anonymous_21)
FN:216,(anonymous_22)
FN:222,(anonymous_23)
FN:228,(anonymous_24)
FN:248,(anonymous_25)
FN:250,(anonymous_26)
FN:266,(anonymous_27)
FN:272,(anonymous_28)
FN:273,(anonymous_29)
FN:274,(anonymous_30)
FN:283,(anonymous_31)
FN:286,(anonymous_32)
FN:287,(anonymous_33)
FN:288,(anonymous_34)
FN:297,(anonymous_35)
FN:340,(anonymous_36)
FN:351,checkSiblings
FN:356,(anonymous_38)
FNF:38
FNH:1
FNDA:1,(anonymous_1)
FNDA:0,(anonymous_2)
FNDA:0,(anonymous_3)
FNDA:0,(anonymous_4)
FNDA:0,(anonymous_5)
FNDA:0,(anonymous_6)
FNDA:0,(anonymous_7)
FNDA:0,(anonymous_8)
FNDA:0,(anonymous_9)
FNDA:0,(anonymous_10)
FNDA:0,(anonymous_11)
FNDA:0,(anonymous_12)
FNDA:0,(anonymous_13)
FNDA:0,(anonymous_14)
FNDA:0,(anonymous_15)
FNDA:0,resizeWindow
FNDA:0,(anonymous_17)
FNDA:0,(anonymous_18)
FNDA:0,(anonymous_19)
FNDA:0,(anonymous_20)
FNDA:0,(anonymous_21)
FNDA:0,(anonymous_22)
FNDA:0,(anonymous_23)
FNDA:0,(anonymous_24)
FNDA:0,(anonymous_25)
FNDA:0,(anonymous_26)
FNDA:0,(anonymous_27)
FNDA:0,(anonymous_28)
FNDA:0,(anonymous_29)
FNDA:0,(anonymous_30)
FNDA:0,(anonymous_31)
FNDA:0,(anonymous_32)
FNDA:0,(anonymous_33)
FNDA:0,(anonymous_34)
FNDA:0,(anonymous_35)
FNDA:0,(anonymous_36)
FNDA:0,checkSiblings
FNDA:0,(anonymous_38)
DA:16,1
DA:18,1
DA:19,0
DA:20,0
DA:21,0
DA:22,0
DA:24,0
DA:25,0
DA:27,0
DA:28,0
DA:29,0
DA:30,0
DA:31,0
DA:37,0
DA:38,0
DA:39,0
DA:40,0
DA:46,0
DA:47,0
DA:50,0
DA:51,0
DA:52,0
DA:54,0
DA:55,0
DA:61,0
DA:62,0
DA:69,0
DA:70,0
DA:72,0
DA:73,0
DA:75,0
DA:80,0
DA:81,0
DA:84,0
DA:85,0
DA:86,0
DA:87,0
DA:90,0
DA:93,0
DA:94,0
DA:95,0
DA:96,0
DA:99,0
DA:102,0
DA:103,0
DA:104,0
DA:105,0
DA:106,0
DA:107,0
DA:108,0
DA:109,0
DA:110,0
DA:111,0
DA:112,0
DA:113,0
DA:122,0
DA:124,0
DA:125,0
DA:126,0
DA:131,0
DA:133,0
DA:136,0
DA:137,0
DA:138,0
DA:139,0
DA:140,0
DA:141,0
DA:142,0
DA:152,0
DA:154,0
DA:155,0
DA:156,0
DA:161,0
DA:163,0
DA:168,0
DA:171,0
DA:172,0
DA:173,0
DA:176,0
DA:177,0
DA:178,0
DA:182,1
DA:183,0
DA:184,0
DA:185,0
DA:186,0
DA:187,0
DA:188,0
DA:194,0
DA:196,0
DA:197,0
DA:198,0
DA:204,0
DA:206,0
DA:207,0
DA:208,0
DA:210,0
DA:214,0
DA:215,0
DA:216,0
DA:217,0
DA:218,0
DA:219,0
DA:221,0
DA:223,0
DA:228,0
DA:229,0
DA:230,0
DA:231,0
DA:232,0
DA:233,0
DA:234,0
DA:235,0
DA:236,0
DA:237,0
DA:238,0
DA:245,0
DA:248,0
DA:249,0
DA:250,0
DA:251,0
DA:253,0
DA:260,0
DA:263,0
DA:266,0
DA:267,0
DA:268,0
DA:270,0
DA:271,0
DA:272,0
DA:273,0
DA:274,0
DA:275,0
DA:276,0
DA:283,0
DA:284,0
DA:285,0
DA:286,0
DA:287,0
DA:288,0
DA:289,0
DA:290,0
DA:297,0
DA:298,0
DA:299,0
DA:301,0
DA:302,0
DA:303,0
DA:304,0
DA:305,0
DA:306,0
DA:307,0
DA:308,0
DA:309,0
DA:314,0
DA:315,0
DA:316,0
DA:317,0
DA:318,0
DA:319,0
DA:320,0
DA:321,0
DA:322,0
DA:323,0
DA:324,0
DA:333,0
DA:340,0
DA:342,0
DA:346,0
DA:351,1
DA:353,0
DA:356,0
DA:357,0
DA:360,0
DA:361,0
DA:365,0
DA:366,0
DA:367,0
DA:368,0
DA:369,0
DA:371,0
DA:377,0
DA:378,0
LF:183
LH:4
BRDA:29,1,0,0
BRDA:29,1,1,0
BRDA:29,2,0,0
BRDA:29,2,1,0
BRDA:38,3,0,0
BRDA:38,3,1,0
BRDA:38,4,0,0
BRDA:38,4,1,0
BRDA:50,5,0,0
BRDA:50,5,1,0
BRDA:50,6,0,0
BRDA:50,6,1,0
BRDA:52,7,0,0
BRDA:52,7,1,0
BRDA:52,8,0,0
BRDA:52,8,1,0
BRDA:86,9,0,0
BRDA:86,9,1,0
BRDA:95,10,0,0
BRDA:95,10,1,0
BRDA:108,11,0,0
BRDA:108,11,1,0
BRDA:112,12,0,0
BRDA:112,12,1,0
BRDA:125,13,0,0
BRDA:125,13,1,0
BRDA:136,14,0,0
BRDA:136,14,1,0
BRDA:141,15,0,0
BRDA:141,15,1,0
BRDA:155,16,0,0
BRDA:155,16,1,0
BRDA:177,17,0,0
BRDA:177,17,1,0
BRDA:197,18,0,0
BRDA:197,18,1,0
BRDA:231,19,0,0
BRDA:231,19,1,0
BRDA:234,20,0,0
BRDA:234,20,1,0
BRDA:237,21,0,0
BRDA:237,21,1,0
BRDA:251,22,0,0
BRDA:251,22,1,0
BRDA:251,23,0,0
BRDA:251,23,1,0
BRDA:267,24,0,0
BRDA:267,24,1,0
BRDA:267,25,0,0
BRDA:267,25,1,0
BRDA:267,25,2,0
BRDA:298,26,0,0
BRDA:298,26,1,0
BRDA:298,27,0,0
BRDA:298,27,1,0
BRDA:298,27,2,0
BRDA:302,28,0,0
BRDA:302,28,1,0
BRDA:305,29,0,0
BRDA:305,29,1,0
BRDA:308,30,0,0
BRDA:308,30,1,0
BRDA:308,31,0,0
BRDA:308,31,1,0
BRDA:314,32,0,0
BRDA:314,32,1,0
BRDA:317,33,0,0
BRDA:317,33,1,0
BRDA:320,34,0,0
BRDA:320,34,1,0
BRDA:323,35,0,0
BRDA:323,35,1,0
BRDA:360,36,0,0
BRDA:360,36,1,0
BRDA:360,37,0,0
BRDA:360,37,1,0
BRDA:366,38,0,0
BRDA:366,38,1,0
BRDA:366,39,0,0
BRDA:366,39,1,0
BRF:80
BRH:0
end_of_record
TN:
SF:C:\work\cleanup-ui\ui\js\controllers\main-ctrl.js
FN:16,(anonymous_1)
FN:18,(anonymous_2)
FN:20,(anonymous_3)
FN:24,(anonymous_4)
FN:30,(anonymous_5)
FNF:5
FNH:1
FNDA:1,(anonymous_1)
FNDA:0,(anonymous_2)
FNDA:0,(anonymous_3)
FNDA:0,(anonymous_4)
FNDA:0,(anonymous_5)
DA:16,1
DA:18,1
DA:20,0
DA:21,0
DA:24,0
DA:25,0
DA:26,0
DA:27,0
DA:30,0
DA:31,0
LF:10
LH:2
BRF:0
BRH:0
end_of_record
TN:
SF:C:\work\cleanup-ui\ui\js\controllers\downloadSample-ctrl.js
FN:16,(anonymous_1)
FN:18,(anonymous_2)
FN:22,(anonymous_3)
FN:25,(anonymous_4)
FNF:4
FNH:1
FNDA:1,(anonymous_1)
FNDA:0,(anonymous_2)
FNDA:0,(anonymous_3)
FNDA:0,(anonymous_4)
DA:16,1
DA:18,1
DA:20,0
DA:22,0
DA:23,0
DA:24,0
DA:25,0
DA:26,0
DA:27,0
DA:28,0
LF:10
LH:2
BRF:0
BRH:0
end_of_record
TN:
SF:C:\work\cleanup-ui\ui\js\controllers\detail-ctrl.js
FN:16,(anonymous_1)
FN:18,(anonymous_2)
FN:25,(anonymous_3)
FN:33,(anonymous_4)
FN:35,successCallback
FN:42,(anonymous_6)
FN:51,pageInit
FN:56,(anonymous_8)
FN:64,resizeTreeMap
FNF:9
FNH:1
FNDA:1,(anonymous_1)
FNDA:0,(anonymous_2)
FNDA:0,(anonymous_3)
FNDA:0,(anonymous_4)
FNDA:0,successCallback
FNDA:0,(anonymous_6)
FNDA:0,pageInit
FNDA:0,(anonymous_8)
FNDA:0,resizeTreeMap
DA:16,1
DA:18,1
DA:19,0
DA:20,0
DA:21,0
DA:23,0
DA:25,0
DA:26,0
DA:27,0
DA:28,0
DA:29,0
DA:33,0
DA:34,0
DA:35,0
DA:37,0
DA:38,0
DA:39,0
DA:40,0
DA:41,0
DA:42,0
DA:43,0
DA:45,0
DA:49,0
DA:51,1
DA:52,0
DA:53,0
DA:56,0
DA:57,0
DA:58,0
DA:59,0
DA:60,0
DA:64,1
DA:65,0
LF:33
LH:4
BRDA:23,1,0,0
BRDA:23,1,1,0
BRDA:57,2,0,0
BRDA:57,2,1,0
BRF:4
BRH:0
end_of_record
TN:
SF:C:\work\cleanup-ui\ui\js\controllers\createdataasset-ctrl.js
FN:16,(anonymous_1)
FN:18,(anonymous_2)
FN:26,successCallback
FN:31,(anonymous_4)
FN:37,(anonymous_5)
FN:46,(anonymous_6)
FN:53,(anonymous_7)
FN:57,(anonymous_8)
FN:61,resizeWindow
FN:69,(anonymous_10)
FN:74,(anonymous_11)
FN:80,(anonymous_12)
FN:101,(anonymous_13)
FN:129,(anonymous_14)
FN:143,successCallback
FN:144,(anonymous_16)
FN:150,errorCallback
FNF:17
FNH:1
FNDA:1,(anonymous_1)
FNDA:0,(anonymous_2)
FNDA:0,successCallback
FNDA:0,(anonymous_4)
FNDA:0,(anonymous_5)
FNDA:0,(anonymous_6)
FNDA:0,(anonymous_7)
FNDA:0,(anonymous_8)
FNDA:0,resizeWindow
FNDA:0,(anonymous_10)
FNDA:0,(anonymous_11)
FNDA:0,(anonymous_12)
FNDA:0,(anonymous_13)
FNDA:0,(anonymous_14)
FNDA:0,successCallback
FNDA:0,(anonymous_16)
FNDA:0,errorCallback
DA:16,1
DA:18,1
DA:19,0
DA:20,0
DA:21,0
DA:23,0
DA:25,0
DA:26,0
DA:27,0
DA:30,0
DA:31,0
DA:32,0
DA:33,0
DA:37,0
DA:38,0
DA:46,0
DA:47,0
DA:53,0
DA:54,0
DA:57,0
DA:58,0
DA:61,1
DA:62,0
DA:63,0
DA:64,0
DA:69,0
DA:70,0
DA:71,0
DA:74,0
DA:75,0
DA:76,0
DA:80,0
DA:81,0
DA:82,0
DA:83,0
DA:85,0
DA:90,0
DA:102,0
DA:103,0
DA:104,0
DA:105,0
DA:106,0
DA:107,0
DA:110,0
DA:111,0
DA:115,0
DA:116,0
DA:118,0
DA:119,0
DA:122,0
DA:125,0
DA:130,0
DA:143,0
DA:144,0
DA:145,0
DA:146,0
DA:147,0
DA:149,0
DA:151,0
LF:59
LH:3
BRDA:32,1,0,0
BRDA:32,1,1,0
BRDA:75,2,0,0
BRDA:75,2,1,0
BRDA:82,3,0,0
BRDA:82,3,1,0
BRDA:102,4,0,0
BRDA:102,4,1,0
BRDA:105,5,0,0
BRDA:105,5,1,0
BRDA:106,6,0,0
BRDA:106,6,1,0
BRDA:106,7,0,0
BRDA:106,7,1,0
BRDA:110,8,0,0
BRDA:110,8,1,0
BRDA:122,9,0,0
BRDA:122,9,1,0
BRDA:134,10,0,0
BRDA:134,10,1,0
BRF:20
BRH:0
end_of_record
TN:
SF:C:\work\cleanup-ui\ui\js\controllers\bigChart-ctrl.js
FN:15,(anonymous_1)
FN:17,(anonymous_2)
FN:21,resizeBigChart
FN:26,pageInit
FN:33,(anonymous_5)
FN:38,(anonymous_6)
FN:42,(anonymous_7)
FN:49,(anonymous_8)
FNF:8
FNH:1
FNDA:1,(anonymous_1)
FNDA:0,(anonymous_2)
FNDA:0,resizeBigChart
FNDA:0,pageInit
FNDA:0,(anonymous_5)
FNDA:0,(anonymous_6)
FNDA:0,(anonymous_7)
FNDA:0,(anonymous_8)
DA:15,1
DA:17,1
DA:19,0
DA:21,1
DA:22,0
DA:23,0
DA:26,1
DA:27,0
DA:28,0
DA:31,0
DA:33,0
DA:34,0
DA:35,0
DA:38,0
DA:39,0
DA:42,0
DA:43,0
DA:44,0
DA:45,0
DA:48,0
DA:49,0
DA:50,0
DA:51,0
DA:52,0
DA:53,0
LF:25
LH:4
BRDA:48,1,0,0
BRDA:48,1,1,0
BRF:2
BRH:0
end_of_record
TN:
SF:C:\work\cleanup-ui\ui\js\controllers\createrule-an-ctrl.js
FN:17,(anonymous_1)
FN:20,(anonymous_2)
FN:27,successCallback
FN:31,(anonymous_4)
FN:39,(anonymous_5)
FN:49,(anonymous_6)
FN:52,(anonymous_7)
FN:72,(anonymous_8)
FN:78,successCallback
FN:85,(anonymous_10)
FN:91,(anonymous_11)
FN:98,resizeWindow
FN:122,(anonymous_13)
FN:146,(anonymous_14)
FN:150,(anonymous_15)
FN:167,(anonymous_16)
FN:202,(anonymous_17)
FN:208,successCallback
FN:211,(anonymous_19)
FN:218,errorCallback
FN:226,(anonymous_21)
FN:228,(anonymous_22)
FN:233,(anonymous_23)
FN:235,(anonymous_24)
FN:240,(anonymous_25)
FN:242,(anonymous_26)
FN:249,(anonymous_27)
FN:266,(anonymous_28)
FNF:28
FNH:1
FNDA:1,(anonymous_1)
FNDA:0,(anonymous_2)
FNDA:0,successCallback
FNDA:0,(anonymous_4)
FNDA:0,(anonymous_5)
FNDA:0,(anonymous_6)
FNDA:0,(anonymous_7)
FNDA:0,(anonymous_8)
FNDA:0,successCallback
FNDA:0,(anonymous_10)
FNDA:0,(anonymous_11)
FNDA:0,resizeWindow
FNDA:0,(anonymous_13)
FNDA:0,(anonymous_14)
FNDA:0,(anonymous_15)
FNDA:0,(anonymous_16)
FNDA:0,(anonymous_17)
FNDA:0,successCallback
FNDA:0,(anonymous_19)
FNDA:0,errorCallback
FNDA:0,(anonymous_21)
FNDA:0,(anonymous_22)
FNDA:0,(anonymous_23)
FNDA:0,(anonymous_24)
FNDA:0,(anonymous_25)
FNDA:0,(anonymous_26)
FNDA:0,(anonymous_27)
FNDA:0,(anonymous_28)
DA:16,1
DA:19,1
DA:21,0
DA:22,0
DA:24,0
DA:25,0
DA:27,0
DA:28,0
DA:29,0
DA:30,0
DA:31,0
DA:32,0
DA:37,0
DA:38,0
DA:39,0
DA:40,0
DA:45,0
DA:46,0
DA:48,0
DA:49,0
DA:50,0
DA:52,0
DA:53,0
DA:58,0
DA:59,0
DA:67,0
DA:71,0
DA:74,0
DA:75,0
DA:76,0
DA:78,0
DA:79,0
DA:84,0
DA:86,0
DA:87,0
DA:90,0
DA:92,0
DA:93,0
DA:94,0
DA:98,1
DA:99,0
DA:100,0
DA:103,0
DA:104,0
DA:108,0
DA:114,0
DA:115,0
DA:116,0
DA:117,0
DA:120,0
DA:124,0
DA:126,0
DA:128,0
DA:130,0
DA:131,0
DA:132,0
DA:133,0
DA:136,0
DA:137,0
DA:143,0
DA:148,0
DA:151,0
DA:153,0
DA:156,0
DA:158,0
DA:159,0
DA:163,0
DA:168,0
DA:169,0
DA:171,0
DA:172,0
DA:173,0
DA:174,0
DA:177,0
DA:178,0
DA:182,0
DA:183,0
DA:185,0
DA:186,0
DA:195,0
DA:196,0
DA:198,0
DA:205,0
DA:207,0
DA:208,0
DA:209,0
DA:210,0
DA:212,0
DA:213,0
DA:214,0
DA:216,0
DA:219,0
DA:226,0
DA:227,0
DA:228,0
DA:229,0
DA:233,0
DA:234,0
DA:235,0
DA:236,0
DA:240,0
DA:241,0
DA:242,0
DA:243,0
DA:249,0
DA:251,0
DA:252,0
DA:254,0
DA:255,0
DA:256,0
DA:257,0
DA:258,0
DA:259,0
DA:263,0
DA:266,0
DA:267,0
DA:268,0
DA:269,0
DA:271,0
LF:119
LH:3
BRDA:30,1,0,0
BRDA:30,1,1,0
BRDA:30,2,0,0
BRDA:30,2,1,0
BRDA:38,3,0,0
BRDA:38,3,1,0
BRDA:38,4,0,0
BRDA:38,4,1,0
BRDA:48,5,0,0
BRDA:48,5,1,0
BRDA:48,6,0,0
BRDA:48,6,1,0
BRDA:50,7,0,0
BRDA:50,7,1,0
BRDA:50,8,0,0
BRDA:50,8,1,0
BRDA:74,9,0,0
BRDA:74,9,1,0
BRDA:74,10,0,0
BRDA:74,10,1,0
BRDA:92,11,0,0
BRDA:92,11,1,0
BRDA:124,12,0,0
BRDA:124,12,1,0
BRDA:131,13,0,0
BRDA:131,13,1,0
BRDA:132,14,0,0
BRDA:132,14,1,0
BRDA:132,15,0,0
BRDA:132,15,1,0
BRDA:136,16,0,0
BRDA:136,16,1,0
BRDA:151,17,0,0
BRDA:151,17,1,0
BRDA:156,18,0,0
BRDA:156,18,1,0
BRDA:158,19,0,0
BRDA:158,19,1,0
BRDA:168,20,0,0
BRDA:168,20,1,0
BRDA:172,21,0,0
BRDA:172,21,1,0
BRDA:173,22,0,0
BRDA:173,22,1,0
BRDA:173,23,0,0
BRDA:173,23,1,0
BRDA:177,24,0,0
BRDA:177,24,1,0
BRDA:251,25,0,0
BRDA:251,25,1,0
BRDA:254,26,0,0
BRDA:254,26,1,0
BRDA:255,27,0,0
BRDA:255,27,1,0
BRDA:256,28,0,0
BRDA:256,28,1,0
BRDA:258,29,0,0
BRDA:258,29,1,0
BRDA:268,30,0,0
BRDA:268,30,1,0
BRF:60
BRH:0
end_of_record
TN:
SF:C:\work\cleanup-ui\ui\js\directives\module.js
FN:16,(anonymous_1)
FNF:1
FNH:1
FNDA:1,(anonymous_1)
DA:16,1
DA:18,1
LF:2
LH:2
BRF:0
BRH:0
end_of_record
