TN:
SF:C:\work\ui\js\controllers\createjob-ac-ctrl.js
FN:17,(anonymous_1)
FN:19,(anonymous_2)
FN:27,(anonymous_3)
FN:46,successCallback
FN:47,(anonymous_5)
FN:52,errorCallback
FN:57,(anonymous_7)
FN:65,resizeWindow
FN:79,(anonymous_9)
FN:82,(anonymous_10)
FN:130,(anonymous_11)
FN:145,successCallback
FN:147,(anonymous_13)
FN:153,errorCallback
FN:159,(anonymous_15)
FNF:15
FNH:2
FNDA:1,(anonymous_1)
FNDA:2,(anonymous_2)
FNDA:0,(anonymous_3)
FNDA:0,successCallback
FNDA:0,(anonymous_5)
FNDA:0,errorCallback
FNDA:0,(anonymous_7)
FNDA:0,resizeWindow
FNDA:0,(anonymous_9)
FNDA:0,(anonymous_10)
FNDA:0,(anonymous_11)
FNDA:0,successCallback
FNDA:0,(anonymous_13)
FNDA:0,errorCallback
FNDA:0,(anonymous_15)
DA:17,1
DA:19,1
DA:20,2
DA:21,2
DA:23,2
DA:24,2
DA:26,2
DA:27,2
DA:30,0
DA:31,0
DA:41,2
DA:43,2
DA:47,0
DA:48,0
DA:50,0
DA:51,0
DA:57,2
DA:58,0
DA:59,0
DA:60,0
DA:65,1
DA:66,0
DA:67,0
DA:70,0
DA:71,0
DA:78,2
DA:80,0
DA:83,0
DA:84,0
DA:86,0
DA:87,0
DA:88,0
DA:89,0
DA:92,0
DA:93,0
DA:97,0
DA:98,0
DA:101,0
DA:102,0
DA:103,0
DA:104,0
DA:105,0
DA:106,0
DA:107,0
DA:108,0
DA:109,0
DA:110,0
DA:111,0
DA:112,0
DA:113,0
DA:114,0
DA:115,0
DA:116,0
DA:117,0
DA:119,0
DA:126,0
DA:131,0
DA:132,0
DA:133,0
DA:134,0
DA:135,0
DA:136,0
DA:137,0
DA:138,0
DA:139,0
DA:141,0
DA:146,0
DA:147,0
DA:148,0
DA:149,0
DA:150,0
DA:152,0
DA:154,0
DA:159,2
DA:160,0
DA:161,0
DA:162,0
DA:164,0
LF:78
LH:14
BRDA:58,1,0,0
BRDA:58,1,1,0
BRDA:83,2,0,0
BRDA:83,2,1,0
BRDA:87,3,0,0
BRDA:87,3,1,0
BRDA:88,4,0,0
BRDA:88,4,1,0
BRDA:88,5,0,0
BRDA:88,5,1,0
BRDA:92,6,0,0
BRDA:92,6,1,0
BRDA:103,7,0,0
BRDA:103,7,1,0
BRDA:105,8,0,0
BRDA:105,8,1,0
BRDA:115,9,0,0
BRDA:115,9,1,0
BRDA:161,10,0,0
BRDA:161,10,1,0
BRF:20
BRH:0
end_of_record
TN:
SF:C:\work\ui\js\controllers\createrule-ac-ctrl.js
FN:16,(anonymous_1)
FN:18,(anonymous_2)
FN:36,successCallback
FN:39,(anonymous_4)
FN:48,(anonymous_5)
FN:61,(anonymous_6)
FN:64,(anonymous_7)
FN:87,(anonymous_8)
FN:95,successCallback
FN:108,(anonymous_10)
FN:132,(anonymous_11)
FN:155,successCallback
FN:178,toggleSelection
FN:194,(anonymous_14)
FN:202,(anonymous_15)
FN:211,(anonymous_16)
FN:227,(anonymous_17)
FN:235,(anonymous_18)
FN:249,(anonymous_19)
FN:264,(anonymous_20)
FN:268,(anonymous_21)
FN:276,(anonymous_22)
FN:291,(anonymous_23)
FN:299,resizeWindow
FN:335,(anonymous_25)
FN:359,(anonymous_26)
FN:363,(anonymous_27)
FN:380,(anonymous_28)
FN:432,(anonymous_29)
FN:437,(anonymous_30)
FN:465,(anonymous_31)
FN:472,successCallback
FN:479,(anonymous_33)
FN:485,errorCallback
FN:498,(anonymous_35)
FN:500,(anonymous_36)
FN:505,(anonymous_37)
FN:507,(anonymous_38)
FN:512,(anonymous_39)
FN:515,(anonymous_40)
FN:520,(anonymous_41)
FN:528,(anonymous_42)
FN:541,(anonymous_43)
FN:563,(anonymous_44)
FNF:44
FNH:8
FNDA:1,(anonymous_1)
FNDA:12,(anonymous_2)
FNDA:2,successCallback
FNDA:10,(anonymous_4)
FNDA:18,(anonymous_5)
FNDA:0,(anonymous_6)
FNDA:0,(anonymous_7)
FNDA:2,(anonymous_8)
FNDA:0,successCallback
FNDA:0,(anonymous_10)
FNDA:2,(anonymous_11)
FNDA:0,successCallback
FNDA:0,toggleSelection
FNDA:0,(anonymous_14)
FNDA:0,(anonymous_15)
FNDA:0,(anonymous_16)
FNDA:0,(anonymous_17)
FNDA:0,(anonymous_18)
FNDA:0,(anonymous_19)
FNDA:0,(anonymous_20)
FNDA:0,(anonymous_21)
FNDA:0,(anonymous_22)
FNDA:0,(anonymous_23)
FNDA:0,resizeWindow
FNDA:0,(anonymous_25)
FNDA:0,(anonymous_26)
FNDA:0,(anonymous_27)
FNDA:0,(anonymous_28)
FNDA:0,(anonymous_29)
FNDA:0,(anonymous_30)
FNDA:0,(anonymous_31)
FNDA:0,successCallback
FNDA:0,(anonymous_33)
FNDA:0,errorCallback
FNDA:0,(anonymous_35)
FNDA:0,(anonymous_36)
FNDA:0,(anonymous_37)
FNDA:0,(anonymous_38)
FNDA:0,(anonymous_39)
FNDA:0,(anonymous_40)
FNDA:2,(anonymous_41)
FNDA:0,(anonymous_42)
FNDA:0,(anonymous_43)
FNDA:0,(anonymous_44)
DA:16,1
DA:18,1
DA:19,12
DA:20,12
DA:23,12
DA:24,12
DA:25,12
DA:26,12
DA:27,12
DA:28,12
DA:29,12
DA:30,12
DA:33,12
DA:34,12
DA:36,12
DA:37,2
DA:38,2
DA:39,2
DA:40,10
DA:41,10
DA:46,10
DA:47,10
DA:48,8
DA:51,18
DA:56,18
DA:57,18
DA:59,18
DA:60,0
DA:61,0
DA:62,0
DA:64,0
DA:65,0
DA:80,2
DA:81,2
DA:87,12
DA:88,2
DA:89,2
DA:90,2
DA:93,2
DA:94,1
DA:95,0
DA:96,0
DA:97,0
DA:98,0
DA:100,0
DA:108,12
DA:111,0
DA:112,0
DA:115,0
DA:116,0
DA:119,0
DA:123,0
DA:124,0
DA:125,0
DA:126,0
DA:127,0
DA:132,12
DA:133,2
DA:134,2
DA:135,2
DA:136,2
DA:137,2
DA:154,2
DA:155,0
DA:156,0
DA:157,0
DA:158,0
DA:161,0
DA:164,2
DA:165,0
DA:166,2
DA:178,12
DA:179,0
DA:180,0
DA:182,0
DA:183,0
DA:184,0
DA:189,0
DA:194,12
DA:195,0
DA:196,0
DA:198,0
DA:201,0
DA:202,0
DA:203,0
DA:204,0
DA:205,0
DA:211,12
DA:212,0
DA:213,0
DA:215,0
DA:216,0
DA:217,0
DA:222,0
DA:227,12
DA:228,0
DA:229,0
DA:231,0
DA:234,0
DA:235,0
DA:236,0
DA:237,0
DA:238,0
DA:239,0
DA:240,0
DA:241,0
DA:249,12
DA:250,0
DA:251,0
DA:253,0
DA:254,0
DA:255,0
DA:260,0
DA:264,12
DA:265,0
DA:266,0
DA:267,0
DA:268,0
DA:269,0
DA:272,0
DA:276,12
DA:279,0
DA:280,0
DA:291,12
DA:292,0
DA:293,0
DA:294,0
DA:299,1
DA:300,0
DA:301,0
DA:305,0
DA:306,0
DA:312,12
DA:313,12
DA:314,12
DA:315,12
DA:333,12
DA:337,0
DA:339,0
DA:341,0
DA:343,0
DA:344,0
DA:345,0
DA:346,0
DA:349,0
DA:350,0
DA:356,0
DA:361,0
DA:364,0
DA:366,0
DA:369,0
DA:371,0
DA:372,0
DA:376,0
DA:381,0
DA:382,0
DA:384,0
DA:385,0
DA:386,0
DA:387,0
DA:390,0
DA:391,0
DA:395,0
DA:396,0
DA:399,0
DA:400,0
DA:401,0
DA:430,0
DA:432,0
DA:433,0
DA:434,0
DA:435,0
DA:437,0
DA:438,0
DA:440,0
DA:452,0
DA:453,0
DA:454,0
DA:455,0
DA:461,0
DA:469,0
DA:471,0
DA:472,0
DA:473,0
DA:474,0
DA:475,0
DA:476,0
DA:479,0
DA:480,0
DA:481,0
DA:482,0
DA:484,0
DA:486,0
DA:498,12
DA:499,0
DA:500,0
DA:501,0
DA:505,12
DA:506,0
DA:507,0
DA:508,0
DA:512,12
DA:513,0
DA:515,0
DA:516,0
DA:520,12
DA:521,2
DA:522,0
DA:523,0
DA:528,12
DA:530,0
DA:531,0
DA:532,0
DA:533,0
DA:537,0
DA:541,12
DA:543,0
DA:544,0
DA:546,0
DA:547,0
DA:548,0
DA:549,0
DA:551,0
DA:552,0
DA:556,0
DA:560,0
DA:563,12
DA:564,0
DA:565,0
DA:566,0
DA:568,0
LF:231
LH:67
BRDA:38,1,0,2
BRDA:38,1,1,0
BRDA:47,2,0,8
BRDA:47,2,1,2
BRDA:59,3,0,0
BRDA:59,3,1,18
BRDA:60,4,0,0
BRDA:60,4,1,0
BRDA:62,5,0,0
BRDA:62,5,1,0
BRDA:62,6,0,0
BRDA:62,6,1,0
BRDA:93,7,0,1
BRDA:93,7,1,1
BRDA:94,8,0,0
BRDA:94,8,1,1
BRDA:97,9,0,0
BRDA:97,9,1,0
BRDA:111,10,0,0
BRDA:111,10,1,0
BRDA:111,11,0,0
BRDA:111,11,1,0
BRDA:115,12,0,0
BRDA:115,12,1,0
BRDA:115,13,0,0
BRDA:115,13,1,0
BRDA:154,14,0,0
BRDA:154,14,1,2
BRDA:157,15,0,0
BRDA:157,15,1,0
BRDA:164,16,0,0
BRDA:164,16,1,2
BRDA:182,17,0,0
BRDA:182,17,1,0
BRDA:195,18,0,0
BRDA:195,18,1,0
BRDA:204,19,0,0
BRDA:204,19,1,0
BRDA:215,20,0,0
BRDA:215,20,1,0
BRDA:228,21,0,0
BRDA:228,21,1,0
BRDA:237,22,0,0
BRDA:237,22,1,0
BRDA:253,23,0,0
BRDA:253,23,1,0
BRDA:266,24,0,0
BRDA:266,24,1,0
BRDA:292,25,0,0
BRDA:292,25,1,0
BRDA:337,26,0,0
BRDA:337,26,1,0
BRDA:344,27,0,0
BRDA:344,27,1,0
BRDA:345,28,0,0
BRDA:345,28,1,0
BRDA:345,29,0,0
BRDA:345,29,1,0
BRDA:349,30,0,0
BRDA:349,30,1,0
BRDA:364,31,0,0
BRDA:364,31,1,0
BRDA:369,32,0,0
BRDA:369,32,1,0
BRDA:371,33,0,0
BRDA:371,33,1,0
BRDA:381,34,0,0
BRDA:381,34,1,0
BRDA:385,35,0,0
BRDA:385,35,1,0
BRDA:386,36,0,0
BRDA:386,36,1,0
BRDA:386,37,0,0
BRDA:386,37,1,0
BRDA:390,38,0,0
BRDA:390,38,1,0
BRDA:458,39,0,0
BRDA:458,39,1,0
BRDA:474,40,0,0
BRDA:474,40,1,0
BRDA:521,41,0,0
BRDA:521,41,1,2
BRDA:522,42,0,0
BRDA:522,42,1,0
BRDA:532,43,0,0
BRDA:532,43,1,0
BRDA:543,44,0,0
BRDA:543,44,1,0
BRDA:546,45,0,0
BRDA:546,45,1,0
BRDA:547,46,0,0
BRDA:547,46,1,0
BRDA:548,47,0,0
BRDA:548,47,1,0
BRDA:549,48,0,0
BRDA:549,48,1,0
BRDA:549,48,2,0
BRDA:550,49,0,0
BRDA:550,49,1,0
BRDA:551,50,0,0
BRDA:551,50,1,0
BRDA:552,51,0,0
BRDA:552,51,1,0
BRDA:552,51,2,0
BRDA:552,51,3,0
BRDA:556,52,0,0
BRDA:556,52,1,0
BRDA:565,53,0,0
BRDA:565,53,1,0
BRF:109
BRH:10
end_of_record
TN:
SF:C:\work\ui\js\controllers\createrule-pu-ctrl.js
FN:16,(anonymous_1)
FN:18,(anonymous_2)
FN:25,(anonymous_3)
FN:29,(anonymous_4)
FN:35,successCallback
FN:37,(anonymous_6)
FN:40,(anonymous_7)
FN:50,(anonymous_8)
FN:58,(anonymous_9)
FN:64,resizeWindow
FN:81,(anonymous_11)
FN:126,(anonymous_12)
FN:134,successCallback
FN:136,(anonymous_14)
FN:143,(anonymous_15)
FN:151,(anonymous_16)
FNF:16
FNH:2
FNDA:1,(anonymous_1)
FNDA:5,(anonymous_2)
FNDA:0,(anonymous_3)
FNDA:0,(anonymous_4)
FNDA:0,successCallback
FNDA:0,(anonymous_6)
FNDA:0,(anonymous_7)
FNDA:0,(anonymous_8)
FNDA:0,(anonymous_9)
FNDA:0,resizeWindow
FNDA:0,(anonymous_11)
FNDA:0,(anonymous_12)
FNDA:0,successCallback
FNDA:0,(anonymous_14)
FNDA:0,(anonymous_15)
FNDA:0,(anonymous_16)
DA:16,1
DA:18,1
DA:19,5
DA:20,5
DA:23,5
DA:25,5
DA:26,0
DA:29,5
DA:30,0
DA:31,0
DA:34,5
DA:35,5
DA:37,0
DA:38,0
DA:39,0
DA:40,0
DA:41,0
DA:46,0
DA:50,5
DA:51,0
DA:52,0
DA:53,0
DA:54,0
DA:58,5
DA:59,0
DA:60,0
DA:64,1
DA:65,0
DA:66,0
DA:69,0
DA:70,0
DA:75,5
DA:76,5
DA:77,5
DA:80,5
DA:82,0
DA:83,0
DA:85,0
DA:86,0
DA:87,0
DA:88,0
DA:91,0
DA:92,0
DA:96,0
DA:97,0
DA:99,0
DA:100,0
DA:102,0
DA:103,0
DA:104,0
DA:106,0
DA:111,0
DA:112,0
DA:113,0
DA:114,0
DA:115,0
DA:121,0
DA:130,0
DA:133,0
DA:134,0
DA:136,0
DA:137,0
DA:138,0
DA:139,0
DA:141,0
DA:145,0
DA:151,5
DA:152,0
DA:153,0
DA:154,0
DA:156,0
LF:71
LH:17
BRDA:38,1,0,0
BRDA:38,1,1,0
BRDA:59,2,0,0
BRDA:59,2,1,0
BRDA:82,3,0,0
BRDA:82,3,1,0
BRDA:86,4,0,0
BRDA:86,4,1,0
BRDA:87,5,0,0
BRDA:87,5,1,0
BRDA:87,6,0,0
BRDA:87,6,1,0
BRDA:91,7,0,0
BRDA:91,7,1,0
BRDA:99,8,0,0
BRDA:99,8,1,0
BRDA:103,9,0,0
BRDA:103,9,1,0
BRDA:111,10,0,0
BRDA:111,10,1,0
BRDA:114,11,0,0
BRDA:114,11,1,0
BRDA:153,12,0,0
BRDA:153,12,1,0
BRF:24
BRH:0
end_of_record
TN:
SF:C:\work\ui\js\controllers\createrule-va-ctrl.js
FN:16,(anonymous_1)
FN:18,(anonymous_2)
FN:26,successCallback
FN:29,(anonymous_4)
FN:37,(anonymous_5)
FN:48,(anonymous_6)
FN:51,(anonymous_7)
FN:71,(anonymous_8)
FN:79,(anonymous_9)
FN:90,(anonymous_10)
FN:95,(anonymous_11)
FN:102,resizeWindow
FN:143,(anonymous_13)
FN:167,(anonymous_14)
FN:171,(anonymous_15)
FN:188,(anonymous_16)
FN:227,(anonymous_17)
FN:232,successCallback
FN:235,(anonymous_19)
FN:246,(anonymous_20)
FN:251,(anonymous_21)
FN:277,(anonymous_22)
FN:279,(anonymous_23)
FN:284,(anonymous_24)
FN:286,(anonymous_25)
FN:291,(anonymous_26)
FN:293,(anonymous_27)
FN:300,(anonymous_28)
FN:317,(anonymous_29)
FNF:29
FNH:4
FNDA:1,(anonymous_1)
FNDA:8,(anonymous_2)
FNDA:2,successCallback
FNDA:0,(anonymous_4)
FNDA:0,(anonymous_5)
FNDA:0,(anonymous_6)
FNDA:0,(anonymous_7)
FNDA:2,(anonymous_8)
FNDA:0,(anonymous_9)
FNDA:0,(anonymous_10)
FNDA:0,(anonymous_11)
FNDA:0,resizeWindow
FNDA:0,(anonymous_13)
FNDA:0,(anonymous_14)
FNDA:0,(anonymous_15)
FNDA:0,(anonymous_16)
FNDA:0,(anonymous_17)
FNDA:0,successCallback
FNDA:0,(anonymous_19)
FNDA:0,(anonymous_20)
FNDA:0,(anonymous_21)
FNDA:0,(anonymous_22)
FNDA:0,(anonymous_23)
FNDA:0,(anonymous_24)
FNDA:0,(anonymous_25)
FNDA:0,(anonymous_26)
FNDA:0,(anonymous_27)
FNDA:0,(anonymous_28)
FNDA:0,(anonymous_29)
DA:16,1
DA:18,1
DA:19,8
DA:20,8
DA:22,8
DA:23,8
DA:26,8
DA:27,2
DA:28,2
DA:29,0
DA:30,0
DA:35,0
DA:36,0
DA:37,0
DA:38,0
DA:43,0
DA:44,0
DA:47,0
DA:48,0
DA:49,0
DA:51,0
DA:52,0
DA:57,0
DA:58,0
DA:66,2
DA:71,8
DA:73,2
DA:74,1
DA:75,0
DA:76,0
DA:79,0
DA:80,0
DA:90,8
DA:91,0
DA:92,0
DA:95,8
DA:96,0
DA:97,0
DA:98,0
DA:102,1
DA:103,0
DA:104,0
DA:107,0
DA:108,0
DA:109,0
DA:113,0
DA:119,8
DA:120,8
DA:121,8
DA:122,8
DA:141,8
DA:145,0
DA:147,0
DA:149,0
DA:151,0
DA:152,0
DA:153,0
DA:154,0
DA:157,0
DA:158,0
DA:164,0
DA:169,0
DA:172,0
DA:174,0
DA:177,0
DA:179,0
DA:180,0
DA:184,0
DA:189,0
DA:190,0
DA:192,0
DA:193,0
DA:194,0
DA:195,0
DA:198,0
DA:199,0
DA:203,0
DA:204,0
DA:206,0
DA:208,0
DA:218,0
DA:219,0
DA:223,0
DA:229,0
DA:231,0
DA:232,0
DA:235,0
DA:236,0
DA:237,0
DA:238,0
DA:240,0
DA:248,0
DA:252,0
DA:253,0
DA:254,0
DA:255,0
DA:257,0
DA:258,0
DA:259,0
DA:260,0
DA:261,0
DA:262,0
DA:263,0
DA:264,0
DA:265,0
DA:266,0
DA:268,0
DA:271,0
DA:272,0
DA:277,8
DA:278,0
DA:279,0
DA:280,0
DA:284,8
DA:285,0
DA:286,0
DA:287,0
DA:291,8
DA:292,0
DA:293,0
DA:294,0
DA:300,8
DA:302,0
DA:303,0
DA:305,0
DA:306,0
DA:307,0
DA:308,0
DA:309,0
DA:310,0
DA:314,0
DA:317,8
DA:318,0
DA:319,0
DA:320,0
DA:322,0
LF:136
LH:26
BRDA:28,1,0,0
BRDA:28,1,1,2
BRDA:28,2,0,2
BRDA:28,2,1,2
BRDA:36,3,0,0
BRDA:36,3,1,0
BRDA:36,4,0,0
BRDA:36,4,1,0
BRDA:47,5,0,0
BRDA:47,5,1,0
BRDA:47,6,0,0
BRDA:47,6,1,0
BRDA:49,7,0,0
BRDA:49,7,1,0
BRDA:49,8,0,0
BRDA:49,8,1,0
BRDA:73,9,0,1
BRDA:73,9,1,1
BRDA:74,10,0,0
BRDA:74,10,1,1
BRDA:96,11,0,0
BRDA:96,11,1,0
BRDA:145,12,0,0
BRDA:145,12,1,0
BRDA:152,13,0,0
BRDA:152,13,1,0
BRDA:153,14,0,0
BRDA:153,14,1,0
BRDA:153,15,0,0
BRDA:153,15,1,0
BRDA:157,16,0,0
BRDA:157,16,1,0
BRDA:172,17,0,0
BRDA:172,17,1,0
BRDA:177,18,0,0
BRDA:177,18,1,0
BRDA:179,19,0,0
BRDA:179,19,1,0
BRDA:189,20,0,0
BRDA:189,20,1,0
BRDA:189,21,0,0
BRDA:189,21,1,0
BRDA:193,22,0,0
BRDA:193,22,1,0
BRDA:194,23,0,0
BRDA:194,23,1,0
BRDA:194,24,0,0
BRDA:194,24,1,0
BRDA:198,25,0,0
BRDA:198,25,1,0
BRDA:252,26,0,0
BRDA:252,26,1,0
BRDA:252,27,0,0
BRDA:252,27,1,0
BRDA:263,28,0,0
BRDA:263,28,1,0
BRDA:265,29,0,0
BRDA:265,29,1,0
BRDA:302,30,0,0
BRDA:302,30,1,0
BRDA:305,31,0,0
BRDA:305,31,1,0
BRDA:306,32,0,0
BRDA:306,32,1,0
BRDA:307,33,0,0
BRDA:307,33,1,0
BRDA:309,34,0,0
BRDA:309,34,1,0
BRDA:319,35,0,0
BRDA:319,35,1,0
BRF:70
BRH:6
end_of_record
TN:
SF:C:\work\ui\js\controllers\createrule0-ctrl.js
FN:16,(anonymous_1)
FN:18,(anonymous_2)
FN:22,(anonymous_3)
FN:25,(anonymous_4)
FN:30,(anonymous_5)
FN:37,resizeWindow
FNF:6
FNH:3
FNDA:1,(anonymous_1)
FNDA:3,(anonymous_2)
FNDA:1,(anonymous_3)
FNDA:0,(anonymous_4)
FNDA:0,(anonymous_5)
FNDA:0,resizeWindow
DA:16,1
DA:18,1
DA:19,3
DA:20,3
DA:22,3
DA:23,1
DA:25,3
DA:26,0
DA:27,0
DA:30,3
DA:31,0
DA:32,0
DA:33,0
DA:37,1
DA:38,0
DA:39,0
LF:16
LH:9
BRDA:31,1,0,0
BRDA:31,1,1,0
BRF:2
BRH:0
end_of_record
TN:
SF:C:\work\ui\js\controllers\health-ctrl.js
FN:16,(anonymous_1)
FN:18,(anonymous_2)
FN:25,(anonymous_3)
FN:33,(anonymous_4)
FN:41,successCallback
FN:43,(anonymous_6)
FN:51,successCallback
FN:52,(anonymous_8)
FN:54,(anonymous_9)
FN:66,(anonymous_10)
FN:80,(anonymous_11)
FN:86,(anonymous_12)
FN:108,renderTreeMap
FN:109,parseData
FN:113,(anonymous_15)
FN:122,(anonymous_16)
FN:158,getLevelOption
FN:191,(anonymous_18)
FN:228,(anonymous_19)
FN:243,(anonymous_20)
FN:251,resizeTreeMap
FNF:21
FNH:2
FNDA:1,(anonymous_1)
FNDA:3,(anonymous_2)
FNDA:0,(anonymous_3)
FNDA:0,(anonymous_4)
FNDA:0,successCallback
FNDA:0,(anonymous_6)
FNDA:0,successCallback
FNDA:0,(anonymous_8)
FNDA:0,(anonymous_9)
FNDA:0,(anonymous_10)
FNDA:0,(anonymous_11)
FNDA:0,(anonymous_12)
FNDA:0,renderTreeMap
FNDA:0,parseData
FNDA:0,(anonymous_15)
FNDA:0,(anonymous_16)
FNDA:0,getLevelOption
FNDA:0,(anonymous_18)
FNDA:0,(anonymous_19)
FNDA:0,(anonymous_20)
FNDA:0,resizeTreeMap
DA:16,1
DA:18,1
DA:19,3
DA:22,3
DA:23,3
DA:25,3
DA:26,0
DA:30,3
DA:31,3
DA:32,3
DA:33,3
DA:34,0
DA:37,0
DA:39,0
DA:41,0
DA:42,0
DA:43,0
DA:44,0
DA:45,0
DA:46,0
DA:47,0
DA:49,0
DA:51,0
DA:52,0
DA:53,0
DA:54,0
DA:55,0
DA:58,0
DA:60,0
DA:61,0
DA:62,0
DA:63,0
DA:65,0
DA:66,0
DA:67,0
DA:68,0
DA:69,0
DA:73,0
DA:74,0
DA:75,0
DA:76,0
DA:80,0
DA:81,0
DA:82,0
DA:83,0
DA:84,0
DA:85,0
DA:86,0
DA:87,0
DA:88,0
DA:89,0
DA:90,0
DA:91,0
DA:92,0
DA:93,0
DA:96,0
DA:98,0
DA:99,0
DA:108,1
DA:109,1
DA:110,0
DA:111,0
DA:112,0
DA:113,0
DA:114,0
DA:116,0
DA:117,0
DA:118,0
DA:120,0
DA:121,0
DA:122,0
DA:123,0
DA:138,0
DA:139,0
DA:141,0
DA:143,0
DA:144,0
DA:148,0
DA:150,0
DA:152,0
DA:155,0
DA:156,0
DA:158,1
DA:159,0
DA:181,0
DA:192,0
DA:193,0
DA:224,0
DA:225,0
DA:226,0
DA:228,0
DA:235,0
DA:237,0
DA:243,3
DA:244,0
DA:245,0
DA:246,0
DA:247,0
DA:251,1
DA:252,0
LF:100
LH:15
BRDA:67,1,0,0
BRDA:67,1,1,0
BRDA:75,2,0,0
BRDA:75,2,1,0
BRDA:87,3,0,0
BRDA:87,3,1,0
BRDA:120,4,0,0
BRDA:120,4,1,0
BRDA:138,5,0,0
BRDA:138,5,1,0
BRDA:192,6,0,0
BRDA:192,6,1,0
BRDA:235,7,0,0
BRDA:235,7,1,0
BRDA:244,8,0,0
BRDA:244,8,1,0
BRF:16
BRH:0
end_of_record
TN:
SF:C:\work\ui\js\services\bark-chart.js
FN:16,(anonymous_1)
FN:17,(anonymous_2)
FN:27,getOptionPie
FN:54,(anonymous_4)
FN:71,getOptionThum
FN:91,(anonymous_6)
FN:94,(anonymous_7)
FN:119,getTooltipPosition
FN:123,formatter_value
FN:131,formatter_yaxis_name
FN:139,getTooltip
FN:148,getUTCTimeStamp
FN:153,getOptionSide
FN:170,(anonymous_14)
FN:195,getSeries
FN:201,getOptionBig
FN:228,(anonymous_17)
FN:252,getMetricData
FN:259,(anonymous_19)
FN:266,formatTimeStamp
FN:271,getSeriesCount
FNF:21
FNH:2
FNDA:1,(anonymous_1)
FNDA:11,(anonymous_2)
FNDA:0,getOptionPie
FNDA:0,(anonymous_4)
FNDA:0,getOptionThum
FNDA:0,(anonymous_6)
FNDA:0,(anonymous_7)
FNDA:0,getTooltipPosition
FNDA:0,formatter_value
FNDA:0,formatter_yaxis_name
FNDA:0,getTooltip
FNDA:0,getUTCTimeStamp
FNDA:0,getOptionSide
FNDA:0,(anonymous_14)
FNDA:0,getSeries
FNDA:0,getOptionBig
FNDA:0,(anonymous_17)
FNDA:0,getMetricData
FNDA:0,(anonymous_19)
FNDA:0,formatTimeStamp
FNDA:0,getSeriesCount
DA:16,1
DA:17,1
DA:19,11
DA:27,1
DA:28,0
DA:29,0
DA:30,0
DA:31,0
DA:32,0
DA:33,0
DA:34,0
DA:36,0
DA:39,0
DA:55,0
DA:56,0
DA:58,0
DA:68,0
DA:71,1
DA:72,0
DA:73,0
DA:92,0
DA:95,0
DA:115,0
DA:116,0
DA:119,1
DA:120,0
DA:123,1
DA:124,0
DA:125,0
DA:127,0
DA:131,1
DA:133,0
DA:139,1
DA:140,0
DA:141,0
DA:142,0
DA:145,0
DA:148,1
DA:149,0
DA:150,0
DA:153,1
DA:154,0
DA:155,0
DA:171,0
DA:191,0
DA:192,0
DA:195,1
DA:196,0
DA:197,0
DA:198,0
DA:201,1
DA:202,0
DA:203,0
DA:229,0
DA:248,0
DA:249,0
DA:252,1
DA:253,0
DA:254,0
DA:255,0
DA:256,0
DA:259,0
DA:260,0
DA:263,0
DA:266,1
DA:267,0
DA:268,0
DA:271,1
DA:272,0
DA:273,0
DA:274,0
DA:289,0
LF:72
LH:16
BRDA:33,1,0,0
BRDA:33,1,1,0
BRDA:55,2,0,0
BRDA:55,2,1,0
BRDA:124,3,0,0
BRDA:124,3,1,0
BRDA:141,4,0,0
BRDA:141,4,1,0
BRF:8
BRH:0
end_of_record
TN:
SF:C:\work\ui\js\controllers\job-ctrl.js
FN:17,(anonymous_1)
FN:19,(anonymous_2)
FN:28,(anonymous_3)
FN:37,(anonymous_4)
FN:38,(anonymous_5)
FN:54,showInstances
FN:60,(anonymous_7)
FN:70,(anonymous_8)
FN:78,(anonymous_9)
FN:86,remove
FN:97,(anonymous_11)
FN:100,(anonymous_12)
FN:110,(anonymous_13)
FN:117,edit
FN:121,(anonymous_15)
FNF:15
FNH:2
FNDA:1,(anonymous_1)
FNDA:2,(anonymous_2)
FNDA:0,(anonymous_3)
FNDA:0,(anonymous_4)
FNDA:0,(anonymous_5)
FNDA:0,showInstances
FNDA:0,(anonymous_7)
FNDA:0,(anonymous_8)
FNDA:0,(anonymous_9)
FNDA:0,remove
FNDA:0,(anonymous_11)
FNDA:0,(anonymous_12)
FNDA:0,(anonymous_13)
FNDA:0,edit
FNDA:0,(anonymous_15)
DA:17,1
DA:19,1
DA:20,2
DA:21,2
DA:22,2
DA:23,2
DA:24,2
DA:25,2
DA:26,2
DA:28,2
DA:29,0
DA:30,0
DA:33,0
DA:34,0
DA:36,0
DA:37,0
DA:38,0
DA:39,0
DA:40,0
DA:41,0
DA:43,0
DA:44,0
DA:46,0
DA:47,0
DA:50,0
DA:54,2
DA:55,0
DA:56,0
DA:57,0
DA:58,0
DA:59,0
DA:60,0
DA:61,0
DA:62,0
DA:63,0
DA:64,0
DA:66,0
DA:67,0
DA:69,0
DA:70,0
DA:72,0
DA:73,0
DA:74,0
DA:76,0
DA:77,0
DA:78,0
DA:79,0
DA:80,0
DA:86,2
DA:92,0
DA:93,0
DA:94,0
DA:97,2
DA:98,0
DA:99,0
DA:100,0
DA:102,0
DA:103,0
DA:105,0
DA:106,0
DA:108,0
DA:111,0
DA:117,2
DA:121,2
DA:122,0
LF:65
LH:15
BRDA:33,1,0,0
BRDA:33,1,1,0
BRDA:34,2,0,0
BRDA:34,2,1,0
BRDA:36,3,0,0
BRDA:36,3,1,0
BRDA:36,4,0,0
BRDA:36,4,1,0
BRF:8
BRH:0
end_of_record
TN:
SF:C:\work\ui\js\controllers\metrics-ctrl.js
FN:16,(anonymous_1)
FN:18,(anonymous_2)
FN:26,pageInit
FN:32,successCallback
FN:34,(anonymous_5)
FN:41,successCallback
FN:42,(anonymous_7)
FN:44,(anonymous_8)
FN:56,(anonymous_9)
FN:71,(anonymous_10)
FN:77,(anonymous_11)
FN:106,(anonymous_12)
FN:113,(anonymous_13)
FN:116,(anonymous_14)
FN:118,(anonymous_15)
FN:120,(anonymous_16)
FN:130,(anonymous_17)
FN:140,(anonymous_18)
FN:146,(anonymous_19)
FN:151,(anonymous_20)
FN:161,(anonymous_21)
FN:164,(anonymous_22)
FN:171,(anonymous_23)
FN:176,resizePieChart
FN:183,(anonymous_25)
FN:191,(anonymous_26)
FN:195,(anonymous_27)
FNF:27
FNH:3
FNDA:1,(anonymous_1)
FNDA:3,(anonymous_2)
FNDA:3,pageInit
FNDA:0,successCallback
FNDA:0,(anonymous_5)
FNDA:0,successCallback
FNDA:0,(anonymous_7)
FNDA:0,(anonymous_8)
FNDA:0,(anonymous_9)
FNDA:0,(anonymous_10)
FNDA:0,(anonymous_11)
FNDA:0,(anonymous_12)
FNDA:0,(anonymous_13)
FNDA:0,(anonymous_14)
FNDA:0,(anonymous_15)
FNDA:0,(anonymous_16)
FNDA:0,(anonymous_17)
FNDA:0,(anonymous_18)
FNDA:0,(anonymous_19)
FNDA:0,(anonymous_20)
FNDA:0,(anonymous_21)
FNDA:0,(anonymous_22)
FNDA:0,(anonymous_23)
FNDA:0,resizePieChart
FNDA:0,(anonymous_25)
FNDA:0,(anonymous_26)
FNDA:0,(anonymous_27)
DA:16,1
DA:18,1
DA:19,3
DA:21,3
DA:23,3
DA:24,3
DA:25,3
DA:26,1
DA:27,3
DA:28,3
DA:29,3
DA:30,3
DA:32,3
DA:33,0
DA:34,0
DA:35,0
DA:36,0
DA:37,0
DA:38,0
DA:40,0
DA:41,0
DA:42,0
DA:43,0
DA:44,0
DA:45,0
DA:48,0
DA:50,0
DA:51,0
DA:52,0
DA:53,0
DA:55,0
DA:56,0
DA:57,0
DA:58,0
DA:59,0
DA:63,0
DA:65,0
DA:66,0
DA:67,0
DA:71,0
DA:72,0
DA:73,0
DA:74,0
DA:75,0
DA:76,0
DA:77,0
DA:78,0
DA:79,0
DA:80,0
DA:81,0
DA:82,0
DA:83,0
DA:84,0
DA:85,0
DA:86,0
DA:87,0
DA:90,0
DA:93,0
DA:95,0
DA:96,0
DA:97,0
DA:98,0
DA:99,0
DA:100,0
DA:101,0
DA:106,0
DA:107,0
DA:113,3
DA:114,0
DA:116,3
DA:117,0
DA:118,0
DA:119,0
DA:120,0
DA:121,0
DA:122,0
DA:123,0
DA:124,0
DA:128,3
DA:130,3
DA:131,0
DA:132,0
DA:133,0
DA:134,0
DA:135,0
DA:138,0
DA:139,0
DA:140,0
DA:141,0
DA:142,0
DA:146,0
DA:147,0
DA:151,3
DA:152,0
DA:153,0
DA:154,0
DA:156,0
DA:157,0
DA:159,0
DA:160,0
DA:161,0
DA:162,0
DA:163,0
DA:164,0
DA:165,0
DA:166,0
DA:171,0
DA:172,0
DA:176,1
DA:177,0
DA:183,3
DA:184,0
DA:185,0
DA:186,0
DA:191,3
DA:192,0
DA:195,3
DA:196,0
LF:118
LH:22
BRDA:57,1,0,0
BRDA:57,1,1,0
BRDA:66,2,0,0
BRDA:66,2,1,0
BRDA:78,3,0,0
BRDA:78,3,1,0
BRDA:81,4,0,0
BRDA:81,4,1,0
BRDA:95,5,0,0
BRDA:95,5,1,0
BRDA:95,6,0,0
BRDA:95,6,1,0
BRDA:95,6,2,0
BRDA:97,7,0,0
BRDA:97,7,1,0
BRDA:134,8,0,0
BRDA:134,8,1,0
BRDA:141,9,0,0
BRDA:141,9,1,0
BRDA:153,10,0,0
BRDA:153,10,1,0
BRDA:159,11,0,0
BRDA:159,11,1,0
BRDA:159,12,0,0
BRDA:159,12,1,0
BRDA:165,13,0,0
BRDA:165,13,1,0
BRDA:184,14,0,0
BRDA:184,14,1,0
BRF:29
BRH:0
end_of_record
TN:
SF:C:\work\ui\js\controllers\nav-ctrl.js
FN:16,(anonymous_1)
FN:18,(anonymous_2)
FN:32,(anonymous_3)
FN:39,(anonymous_4)
FN:46,(anonymous_5)
FN:52,(anonymous_6)
FN:57,(anonymous_7)
FNF:7
FNH:3
FNDA:1,(anonymous_1)
FNDA:1,(anonymous_2)
FNDA:1,(anonymous_3)
FNDA:0,(anonymous_4)
FNDA:0,(anonymous_5)
FNDA:0,(anonymous_6)
FNDA:0,(anonymous_7)
DA:16,1
DA:18,1
DA:19,1
DA:20,1
DA:21,1
DA:22,1
DA:23,1
DA:25,0
DA:28,1
DA:29,1
DA:32,1
DA:33,1
DA:37,1
DA:38,1
DA:39,1
DA:40,0
DA:41,0
DA:43,0
DA:45,0
DA:46,0
DA:47,0
DA:52,1
DA:53,0
DA:54,0
DA:57,1
DA:58,0
DA:59,0
DA:60,0
DA:61,0
DA:62,0
LF:30
LH:16
BRDA:21,1,0,1
BRDA:21,1,1,0
BRDA:40,2,0,0
BRDA:40,2,1,0
BRDA:45,3,0,0
BRDA:45,3,1,0
BRF:6
BRH:1
end_of_record
TN:
SF:C:\work\ui\js\controllers\rule-ctrl.js
FN:16,(anonymous_1)
FN:18,(anonymous_2)
FN:31,(anonymous_3)
FN:40,(anonymous_4)
FN:41,(anonymous_5)
FN:55,(anonymous_6)
FN:66,(anonymous_7)
FN:77,(anonymous_8)
FN:98,remove
FN:100,(anonymous_10)
FN:110,(anonymous_11)
FN:113,(anonymous_12)
FN:123,(anonymous_13)
FN:130,edit
FN:134,(anonymous_15)
FNF:15
FNH:2
FNDA:1,(anonymous_1)
FNDA:2,(anonymous_2)
FNDA:0,(anonymous_3)
FNDA:0,(anonymous_4)
FNDA:0,(anonymous_5)
FNDA:0,(anonymous_6)
FNDA:0,(anonymous_7)
FNDA:0,(anonymous_8)
FNDA:0,remove
FNDA:0,(anonymous_10)
FNDA:0,(anonymous_11)
FNDA:0,(anonymous_12)
FNDA:0,(anonymous_13)
FNDA:0,edit
FNDA:0,(anonymous_15)
DA:16,1
DA:18,1
DA:19,2
DA:21,2
DA:22,2
DA:23,2
DA:25,2
DA:26,2
DA:27,2
DA:28,2
DA:29,2
DA:31,2
DA:32,0
DA:33,0
DA:36,0
DA:37,0
DA:39,0
DA:40,0
DA:41,0
DA:42,0
DA:44,0
DA:45,0
DA:47,0
DA:48,0
DA:51,0
DA:55,2
DA:56,0
DA:57,0
DA:58,0
DA:59,0
DA:61,0
DA:62,0
DA:66,2
DA:67,0
DA:68,0
DA:77,2
DA:78,0
DA:79,0
DA:80,0
DA:81,0
DA:83,0
DA:84,0
DA:85,0
DA:86,0
DA:87,0
DA:90,0
DA:92,0
DA:93,0
DA:98,2
DA:99,0
DA:100,0
DA:101,0
DA:102,0
DA:103,0
DA:106,0
DA:107,0
DA:110,2
DA:111,0
DA:112,0
DA:113,0
DA:115,0
DA:116,0
DA:118,0
DA:119,0
DA:121,0
DA:124,0
DA:130,2
DA:134,2
DA:135,0
LF:69
LH:19
BRDA:36,1,0,0
BRDA:36,1,1,0
BRDA:37,2,0,0
BRDA:37,2,1,0
BRDA:39,3,0,0
BRDA:39,3,1,0
BRDA:39,4,0,0
BRDA:39,4,1,0
BRDA:56,5,0,0
BRDA:56,5,1,0
BRDA:56,6,0,0
BRDA:56,6,1,0
BRDA:58,7,0,0
BRDA:58,7,1,0
BRDA:58,8,0,0
BRDA:58,8,1,0
BRDA:68,9,0,0
BRDA:68,9,1,0
BRDA:68,9,2,0
BRDA:68,9,3,0
BRDA:68,9,4,0
BRDA:68,9,5,0
BRDA:68,9,6,0
BRDA:78,10,0,0
BRDA:78,10,1,0
BRDA:80,11,0,0
BRDA:80,11,1,0
BRDA:80,12,0,0
BRDA:80,12,1,0
BRDA:86,13,0,0
BRDA:86,13,1,0
BRF:31
BRH:0
end_of_record
TN:
SF:C:\work\ui\js\controllers\sidebar-ctrl.js
FN:16,(anonymous_1)
FN:18,(anonymous_2)
FN:28,(anonymous_3)
FN:33,pageInit
FN:41,(anonymous_5)
FN:41,(anonymous_6)
FN:45,(anonymous_7)
FN:54,(anonymous_8)
FN:60,(anonymous_9)
FN:64,sideBarList
FN:67,successCallback
FN:69,(anonymous_12)
FN:78,successCallback
FN:79,(anonymous_14)
FN:81,(anonymous_15)
FN:92,(anonymous_16)
FN:107,(anonymous_17)
FN:113,(anonymous_18)
FN:129,(anonymous_19)
FN:136,(anonymous_20)
FN:148,(anonymous_21)
FN:153,(anonymous_22)
FN:155,(anonymous_23)
FN:163,resizePieChart
FNF:24
FNH:4
FNDA:1,(anonymous_1)
FNDA:3,(anonymous_2)
FNDA:0,(anonymous_3)
FNDA:3,pageInit
FNDA:0,(anonymous_5)
FNDA:0,(anonymous_6)
FNDA:0,(anonymous_7)
FNDA:0,(anonymous_8)
FNDA:0,(anonymous_9)
FNDA:3,sideBarList
FNDA:0,successCallback
FNDA:0,(anonymous_12)
FNDA:0,successCallback
FNDA:0,(anonymous_14)
FNDA:0,(anonymous_15)
FNDA:0,(anonymous_16)
FNDA:0,(anonymous_17)
FNDA:0,(anonymous_18)
FNDA:0,(anonymous_19)
FNDA:0,(anonymous_20)
FNDA:0,(anonymous_21)
FNDA:0,(anonymous_22)
FNDA:0,(anonymous_23)
FNDA:0,resizePieChart
DA:16,1
DA:18,1
DA:20,3
DA:22,3
DA:24,3
DA:25,3
DA:26,3
DA:28,3
DA:29,0
DA:30,0
DA:31,0
DA:33,1
DA:34,3
DA:35,3
DA:36,3
DA:38,3
DA:41,3
DA:42,0
DA:45,3
DA:46,0
DA:47,0
DA:48,0
DA:49,0
DA:50,0
DA:51,0
DA:53,0
DA:54,0
DA:55,0
DA:60,3
DA:61,0
DA:64,1
DA:66,3
DA:67,3
DA:68,0
DA:69,0
DA:70,0
DA:71,0
DA:72,0
DA:73,0
DA:75,0
DA:76,0
DA:78,0
DA:79,0
DA:80,0
DA:81,0
DA:82,0
DA:85,0
DA:86,0
DA:87,0
DA:88,0
DA:89,0
DA:91,0
DA:92,0
DA:93,0
DA:94,0
DA:95,0
DA:99,0
DA:101,0
DA:102,0
DA:103,0
DA:107,0
DA:108,0
DA:109,0
DA:110,0
DA:111,0
DA:112,0
DA:113,0
DA:114,0
DA:115,0
DA:116,0
DA:117,0
DA:118,0
DA:119,0
DA:120,0
DA:123,0
DA:126,0
DA:127,0
DA:129,0
DA:130,0
DA:136,3
DA:137,0
DA:138,0
DA:139,0
DA:141,0
DA:142,0
DA:143,0
DA:144,0
DA:148,3
DA:150,0
DA:153,0
DA:154,0
DA:155,0
DA:156,0
DA:157,0
DA:163,1
DA:164,0
LF:96
LH:22
BRDA:93,1,0,0
BRDA:93,1,1,0
BRDA:102,2,0,0
BRDA:102,2,1,0
BRDA:114,3,0,0
BRDA:114,3,1,0
BRDA:126,4,0,0
BRDA:126,4,1,0
BRDA:138,5,0,0
BRDA:138,5,1,0
BRDA:156,6,0,0
BRDA:156,6,1,0
BRF:12
BRH:0
end_of_record
TN:
SF:C:\work\ui\js\controllers\viewrule-ctrl.js
FN:16,(anonymous_1)
FN:18,(anonymous_2)
FN:24,pageInit
FN:28,successCallback
FN:44,(anonymous_5)
FN:45,errorCallback
FN:72,(anonymous_7)
FN:77,successCallback
FN:86,(anonymous_9)
FN:92,resizeWindow
FNF:10
FNH:3
FNDA:1,(anonymous_1)
FNDA:2,(anonymous_2)
FNDA:2,pageInit
FNDA:0,successCallback
FNDA:0,(anonymous_5)
FNDA:0,errorCallback
FNDA:0,(anonymous_7)
FNDA:0,successCallback
FNDA:0,(anonymous_9)
FNDA:0,resizeWindow
DA:16,1
DA:18,1
DA:20,2
DA:22,2
DA:24,1
DA:25,2
DA:27,2
DA:28,2
DA:29,0
DA:30,0
DA:31,0
DA:34,0
DA:35,0
DA:36,0
DA:37,0
DA:38,0
DA:39,0
DA:40,0
DA:41,0
DA:44,0
DA:46,0
DA:53,2
DA:55,2
DA:72,2
DA:73,0
DA:74,0
DA:76,0
DA:77,0
DA:78,0
DA:79,0
DA:86,2
DA:87,0
DA:88,0
DA:92,1
DA:94,0
DA:95,0
DA:96,0
DA:98,0
DA:99,0
DA:101,0
DA:102,0
LF:41
LH:13
BRDA:76,1,0,0
BRDA:76,1,1,0
BRDA:87,2,0,0
BRDA:87,2,1,0
BRDA:101,3,0,0
BRDA:101,3,1,0
BRF:6
BRH:0
end_of_record
TN:
SF:C:\work\ui\js\filters\strmap.js
FN:16,(anonymous_1)
FN:30,(anonymous_2)
FN:31,(anonymous_3)
FN:45,(anonymous_4)
FN:46,(anonymous_5)
FN:60,(anonymous_6)
FN:61,(anonymous_7)
FNF:7
FNH:5
FNDA:1,(anonymous_1)
FNDA:1,(anonymous_2)
FNDA:2,(anonymous_3)
FNDA:0,(anonymous_4)
FNDA:0,(anonymous_5)
FNDA:27,(anonymous_6)
FNDA:89,(anonymous_7)
DA:16,1
DA:18,1
DA:30,1
DA:31,1
DA:32,2
DA:33,2
DA:34,1
DA:35,1
DA:36,0
DA:37,0
DA:40,2
DA:45,1
DA:46,0
DA:47,0
DA:48,0
DA:49,0
DA:50,0
DA:51,0
DA:52,0
DA:55,0
DA:60,1
DA:61,27
DA:62,89
LF:23
LH:13
BRDA:33,1,0,1
BRDA:33,1,1,1
BRDA:33,2,0,2
BRDA:33,2,1,2
BRDA:33,2,2,2
BRDA:35,3,0,0
BRDA:35,3,1,1
BRDA:36,4,0,0
BRDA:36,4,1,0
BRDA:36,5,0,0
BRDA:36,5,1,0
BRDA:48,6,0,0
BRDA:48,6,1,0
BRDA:48,7,0,0
BRDA:48,7,1,0
BRDA:48,7,2,0
BRDA:50,8,0,0
BRDA:50,8,1,0
BRDA:51,9,0,0
BRDA:51,9,1,0
BRF:20
BRH:6
end_of_record
TN:
SF:C:\work\ui\js\filters\strshorten.js
FN:16,(anonymous_1)
FN:20,(anonymous_2)
FN:21,(anonymous_3)
FNF:3
FNH:3
FNDA:1,(anonymous_1)
FNDA:1,(anonymous_2)
FNDA:2,(anonymous_3)
DA:16,1
DA:20,1
DA:21,1
DA:22,2
DA:23,2
DA:24,2
DA:25,2
DA:26,2
DA:27,2
DA:29,0
DA:32,2
DA:33,0
DA:34,2
DA:35,0
DA:36,2
DA:37,0
DA:38,2
DA:39,0
DA:41,2
LF:19
LH:14
BRDA:32,1,0,0
BRDA:32,1,1,2
BRDA:32,2,0,2
BRDA:32,2,1,0
BRDA:34,3,0,0
BRDA:34,3,1,2
BRDA:34,4,0,2
BRDA:34,4,1,2
BRDA:36,5,0,0
BRDA:36,5,1,2
BRDA:36,6,0,2
BRDA:36,6,1,2
BRDA:38,7,0,0
BRDA:38,7,1,2
BRDA:38,8,0,2
BRDA:38,8,1,2
BRF:16
BRH:11
end_of_record
TN:
SF:C:\work\ui\js\services\services.js
FN:16,(anonymous_1)
FN:21,(anonymous_2)
FNF:2
FNH:2
FNDA:1,(anonymous_1)
FNDA:47,(anonymous_2)
DA:16,1
DA:19,1
DA:21,1
DA:26,47
DA:27,47
DA:31,47
DA:33,47
DA:105,47
LF:8
LH:8
BRF:0
BRH:0
end_of_record
TN:
SF:C:\work\ui\js\controllers\module.js
FN:16,(anonymous_1)
FNF:1
FNH:1
FNDA:1,(anonymous_1)
DA:16,1
DA:18,1
LF:2
LH:2
BRF:0
BRH:0
end_of_record
TN:
SF:C:\work\ui\js\services\module.js
FN:16,(anonymous_1)
FNF:1
FNH:1
FNDA:1,(anonymous_1)
DA:16,1
DA:18,1
LF:2
LH:2
BRF:0
BRH:0
end_of_record
TN:
SF:C:\work\ui\js\routes.js
FN:16,(anonymous_1)
FN:19,(anonymous_2)
FN:141,(anonymous_3)
FN:145,(anonymous_4)
FN:149,(anonymous_5)
FN:166,(anonymous_6)
FN:168,(anonymous_7)
FN:181,(anonymous_8)
FN:184,(anonymous_9)
FN:219,isSpinnerRequired
FNF:10
FNH:1
FNDA:1,(anonymous_1)
FNDA:0,(anonymous_2)
FNDA:0,(anonymous_3)
FNDA:0,(anonymous_4)
FNDA:0,(anonymous_5)
FNDA:0,(anonymous_6)
FNDA:0,(anonymous_7)
FNDA:0,(anonymous_8)
FNDA:0,(anonymous_9)
FNDA:0,isSpinnerRequired
DA:16,1
DA:19,1
DA:21,0
DA:27,0
DA:32,0
DA:37,0
DA:42,0
DA:47,0
DA:52,0
DA:57,0
DA:62,0
DA:67,0
DA:72,0
DA:77,0
DA:82,0
DA:87,0
DA:92,0
DA:97,0
DA:102,0
DA:107,0
DA:112,0
DA:117,0
DA:122,0
DA:127,0
DA:141,0
DA:142,0
DA:144,0
DA:146,0
DA:149,0
DA:150,0
DA:151,0
DA:153,0
DA:154,0
DA:155,0
DA:157,0
DA:160,0
DA:164,0
DA:167,0
DA:168,0
DA:169,0
DA:170,0
DA:172,0
DA:173,0
DA:175,0
DA:178,0
DA:183,0
DA:184,0
DA:185,0
DA:186,0
DA:188,0
DA:189,0
DA:191,0
DA:196,0
DA:197,0
DA:198,0
DA:199,0
DA:200,0
DA:201,0
DA:209,0
DA:219,1
DA:220,0
DA:232,0
DA:233,0
DA:234,0
DA:235,0
DA:238,0
LF:66
LH:3
BRDA:146,1,0,0
BRDA:146,1,1,0
BRDA:150,2,0,0
BRDA:150,2,1,0
BRDA:153,3,0,0
BRDA:153,3,1,0
BRDA:164,4,0,0
BRDA:164,4,1,0
BRDA:167,5,0,0
BRDA:167,5,1,0
BRDA:169,6,0,0
BRDA:169,6,1,0
BRDA:178,7,0,0
BRDA:178,7,1,0
BRDA:183,8,0,0
BRDA:183,8,1,0
BRDA:185,9,0,0
BRDA:185,9,1,0
BRDA:196,10,0,0
BRDA:196,10,1,0
BRDA:200,11,0,0
BRDA:200,11,1,0
BRDA:200,12,0,0
BRDA:200,12,1,0
BRDA:234,13,0,0
BRDA:234,13,1,0
BRF:26
BRH:0
end_of_record
TN:
SF:C:\work\ui\js\filters\module.js
FN:16,(anonymous_1)
FN:19,(anonymous_2)
FNF:2
FNH:2
FNDA:1,(anonymous_1)
FNDA:48,(anonymous_2)
DA:16,1
DA:18,1
LF:2
LH:2
BRF:0
BRH:0
end_of_record
TN:
SF:C:\work\ui\js\app.js
FN:32,(anonymous_1)
FNF:1
FNH:1
FNDA:1,(anonymous_1)
DA:16,1
DA:35,1
LF:2
LH:2
BRF:0
BRH:0
end_of_record
TN:
SF:C:\work\ui\js\controllers\index.js
FN:42,(anonymous_1)
FNF:1
FNH:1
FNDA:1,(anonymous_1)
DA:17,1
LF:1
LH:1
BRF:0
BRH:0
end_of_record
TN:
SF:C:\work\ui\js\directives\index.js
FN:16,(anonymous_1)
FNF:1
FNH:1
FNDA:1,(anonymous_1)
DA:16,1
LF:1
LH:1
BRF:0
BRH:0
end_of_record
TN:
SF:C:\work\ui\js\filters\index.js
FN:16,(anonymous_1)
FNF:1
FNH:1
FNDA:1,(anonymous_1)
DA:16,1
LF:1
LH:1
BRF:0
BRH:0
end_of_record
TN:
SF:C:\work\ui\js\services\index.js
FN:16,(anonymous_1)
FNF:1
FNH:1
FNDA:1,(anonymous_1)
DA:16,1
LF:1
LH:1
BRF:0
BRH:0
end_of_record
TN:
SF:C:\work\ui\js\controllers\createrule-an-ctrl.js
FN:16,(anonymous_1)
FN:18,(anonymous_2)
FN:25,successCallback
FN:28,(anonymous_4)
FN:36,(anonymous_5)
FN:47,(anonymous_6)
FN:50,(anonymous_7)
FN:70,(anonymous_8)
FN:78,(anonymous_9)
FN:87,(anonymous_10)
FN:92,(anonymous_11)
FN:100,resizeWindow
FN:138,(anonymous_13)
FN:162,(anonymous_14)
FN:166,(anonymous_15)
FN:183,(anonymous_16)
FN:219,(anonymous_17)
FN:225,successCallback
FN:228,(anonymous_19)
FN:239,(anonymous_20)
FN:248,(anonymous_21)
FN:250,(anonymous_22)
FN:255,(anonymous_23)
FN:257,(anonymous_24)
FN:262,(anonymous_25)
FN:264,(anonymous_26)
FN:271,(anonymous_27)
FN:288,(anonymous_28)
FNF:28
FNH:1
FNDA:1,(anonymous_1)
FNDA:0,(anonymous_2)
FNDA:0,successCallback
FNDA:0,(anonymous_4)
FNDA:0,(anonymous_5)
FNDA:0,(anonymous_6)
FNDA:0,(anonymous_7)
FNDA:0,(anonymous_8)
FNDA:0,(anonymous_9)
FNDA:0,(anonymous_10)
FNDA:0,(anonymous_11)
FNDA:0,resizeWindow
FNDA:0,(anonymous_13)
FNDA:0,(anonymous_14)
FNDA:0,(anonymous_15)
FNDA:0,(anonymous_16)
FNDA:0,(anonymous_17)
FNDA:0,successCallback
FNDA:0,(anonymous_19)
FNDA:0,(anonymous_20)
FNDA:0,(anonymous_21)
FNDA:0,(anonymous_22)
FNDA:0,(anonymous_23)
FNDA:0,(anonymous_24)
FNDA:0,(anonymous_25)
FNDA:0,(anonymous_26)
FNDA:0,(anonymous_27)
FNDA:0,(anonymous_28)
DA:16,1
DA:18,1
DA:19,0
DA:20,0
DA:22,0
DA:23,0
DA:25,0
DA:26,0
DA:27,0
DA:28,0
DA:29,0
DA:34,0
DA:35,0
DA:36,0
DA:37,0
DA:42,0
DA:43,0
DA:46,0
DA:47,0
DA:48,0
DA:50,0
DA:51,0
DA:56,0
DA:57,0
DA:65,0
DA:70,0
DA:72,0
DA:74,0
DA:75,0
DA:78,0
DA:79,0
DA:87,0
DA:88,0
DA:89,0
DA:92,0
DA:93,0
DA:94,0
DA:95,0
DA:100,1
DA:101,0
DA:102,0
DA:105,0
DA:106,0
DA:110,0
DA:116,0
DA:117,0
DA:118,0
DA:119,0
DA:136,0
DA:140,0
DA:142,0
DA:144,0
DA:146,0
DA:147,0
DA:148,0
DA:149,0
DA:152,0
DA:153,0
DA:159,0
DA:164,0
DA:167,0
DA:169,0
DA:172,0
DA:174,0
DA:175,0
DA:179,0
DA:184,0
DA:185,0
DA:187,0
DA:188,0
DA:189,0
DA:190,0
DA:193,0
DA:194,0
DA:198,0
DA:199,0
DA:201,0
DA:202,0
DA:211,0
DA:212,0
DA:215,0
DA:222,0
DA:224,0
DA:225,0
DA:228,0
DA:229,0
DA:230,0
DA:231,0
DA:233,0
DA:241,0
DA:248,0
DA:249,0
DA:250,0
DA:251,0
DA:255,0
DA:256,0
DA:257,0
DA:258,0
DA:262,0
DA:263,0
DA:264,0
DA:265,0
DA:271,0
DA:273,0
DA:274,0
DA:276,0
DA:277,0
DA:278,0
DA:279,0
DA:280,0
DA:281,0
DA:285,0
DA:288,0
DA:289,0
DA:290,0
DA:291,0
DA:293,0
LF:117
LH:3
BRDA:27,1,0,0
BRDA:27,1,1,0
BRDA:27,2,0,0
BRDA:27,2,1,0
BRDA:35,3,0,0
BRDA:35,3,1,0
BRDA:35,4,0,0
BRDA:35,4,1,0
BRDA:46,5,0,0
BRDA:46,5,1,0
BRDA:46,6,0,0
BRDA:46,6,1,0
BRDA:48,7,0,0
BRDA:48,7,1,0
BRDA:48,8,0,0
BRDA:48,8,1,0
BRDA:72,9,0,0
BRDA:72,9,1,0
BRDA:72,10,0,0
BRDA:72,10,1,0
BRDA:93,11,0,0
BRDA:93,11,1,0
BRDA:140,12,0,0
BRDA:140,12,1,0
BRDA:147,13,0,0
BRDA:147,13,1,0
BRDA:148,14,0,0
BRDA:148,14,1,0
BRDA:148,15,0,0
BRDA:148,15,1,0
BRDA:152,16,0,0
BRDA:152,16,1,0
BRDA:167,17,0,0
BRDA:167,17,1,0
BRDA:172,18,0,0
BRDA:172,18,1,0
BRDA:174,19,0,0
BRDA:174,19,1,0
BRDA:184,20,0,0
BRDA:184,20,1,0
BRDA:188,21,0,0
BRDA:188,21,1,0
BRDA:189,22,0,0
BRDA:189,22,1,0
BRDA:189,23,0,0
BRDA:189,23,1,0
BRDA:193,24,0,0
BRDA:193,24,1,0
BRDA:273,25,0,0
BRDA:273,25,1,0
BRDA:276,26,0,0
BRDA:276,26,1,0
BRDA:277,27,0,0
BRDA:277,27,1,0
BRDA:278,28,0,0
BRDA:278,28,1,0
BRDA:280,29,0,0
BRDA:280,29,1,0
BRDA:290,30,0,0
BRDA:290,30,1,0
BRF:60
BRH:0
end_of_record
TN:
SF:C:\work\ui\js\controllers\dataassets-ctrl.js
FN:16,(anonymous_1)
FN:18,(anonymous_2)
FN:26,(anonymous_3)
FN:34,(anonymous_4)
FN:41,(anonymous_5)
FN:42,(anonymous_6)
FN:61,(anonymous_7)
FN:72,(anonymous_8)
FN:82,(anonymous_9)
FN:102,(anonymous_10)
FN:108,(anonymous_11)
FN:109,(anonymous_12)
FN:118,(anonymous_13)
FN:124,(anonymous_14)
FNF:14
FNH:1
FNDA:1,(anonymous_1)
FNDA:0,(anonymous_2)
FNDA:0,(anonymous_3)
FNDA:0,(anonymous_4)
FNDA:0,(anonymous_5)
FNDA:0,(anonymous_6)
FNDA:0,(anonymous_7)
FNDA:0,(anonymous_8)
FNDA:0,(anonymous_9)
FNDA:0,(anonymous_10)
FNDA:0,(anonymous_11)
FNDA:0,(anonymous_12)
FNDA:0,(anonymous_13)
FNDA:0,(anonymous_14)
DA:16,1
DA:18,1
DA:20,0
DA:21,0
DA:22,0
DA:23,0
DA:24,0
DA:26,0
DA:27,0
DA:28,0
DA:30,0
DA:31,0
DA:33,0
DA:34,0
DA:35,0
DA:40,0
DA:41,0
DA:42,0
DA:43,0
DA:48,0
DA:53,0
DA:54,0
DA:57,0
DA:61,0
DA:62,0
DA:63,0
DA:64,0
DA:65,0
DA:67,0
DA:68,0
DA:72,0
DA:73,0
DA:74,0
DA:82,0
DA:83,0
DA:84,0
DA:85,0
DA:86,0
DA:88,0
DA:89,0
DA:90,0
DA:91,0
DA:92,0
DA:95,0
DA:97,0
DA:98,0
DA:102,0
DA:103,0
DA:104,0
DA:108,0
DA:109,0
DA:111,0
DA:112,0
DA:113,0
DA:115,0
DA:116,0
DA:119,0
DA:124,0
DA:125,0
LF:59
LH:2
BRDA:30,1,0,0
BRDA:30,1,1,0
BRDA:31,2,0,0
BRDA:31,2,1,0
BRDA:33,3,0,0
BRDA:33,3,1,0
BRDA:33,4,0,0
BRDA:33,4,1,0
BRDA:35,5,0,0
BRDA:35,5,1,0
BRDA:62,6,0,0
BRDA:62,6,1,0
BRDA:62,7,0,0
BRDA:62,7,1,0
BRDA:64,8,0,0
BRDA:64,8,1,0
BRDA:64,9,0,0
BRDA:64,9,1,0
BRDA:74,10,0,0
BRDA:74,10,1,0
BRDA:74,10,2,0
BRDA:74,10,3,0
BRDA:74,10,4,0
BRDA:74,10,5,0
BRDA:83,11,0,0
BRDA:83,11,1,0
BRDA:85,12,0,0
BRDA:85,12,1,0
BRDA:85,13,0,0
BRDA:85,13,1,0
BRDA:91,14,0,0
BRDA:91,14,1,0
BRF:32
BRH:0
end_of_record
TN:
SF:C:\work\ui\js\controllers\createdataasset-ctrl.js
FN:16,(anonymous_1)
FN:18,(anonymous_2)
FN:33,(anonymous_3)
FN:48,(anonymous_4)
FN:54,(anonymous_5)
FN:63,(anonymous_6)
FN:70,(anonymous_7)
FN:74,(anonymous_8)
FN:78,(anonymous_9)
FN:83,(anonymous_10)
FN:89,resizeWindow
FN:110,(anonymous_12)
FN:141,(anonymous_13)
FN:155,(anonymous_14)
FN:156,(anonymous_15)
FN:164,(anonymous_16)
FN:171,(anonymous_17)
FNF:17
FNH:1
FNDA:1,(anonymous_1)
FNDA:0,(anonymous_2)
FNDA:0,(anonymous_3)
FNDA:0,(anonymous_4)
FNDA:0,(anonymous_5)
FNDA:0,(anonymous_6)
FNDA:0,(anonymous_7)
FNDA:0,(anonymous_8)
FNDA:0,(anonymous_9)
FNDA:0,(anonymous_10)
FNDA:0,resizeWindow
FNDA:0,(anonymous_12)
FNDA:0,(anonymous_13)
FNDA:0,(anonymous_14)
FNDA:0,(anonymous_15)
FNDA:0,(anonymous_16)
FNDA:0,(anonymous_17)
DA:16,1
DA:18,1
DA:19,0
DA:24,0
DA:26,0
DA:28,0
DA:32,0
DA:33,0
DA:34,0
DA:38,0
DA:48,0
DA:49,0
DA:50,0
DA:54,0
DA:55,0
DA:63,0
DA:64,0
DA:70,0
DA:71,0
DA:74,0
DA:75,0
DA:78,0
DA:79,0
DA:80,0
DA:83,0
DA:84,0
DA:85,0
DA:89,1
DA:90,0
DA:91,0
DA:92,0
DA:99,0
DA:111,0
DA:112,0
DA:114,0
DA:115,0
DA:116,0
DA:117,0
DA:120,0
DA:121,0
DA:125,0
DA:126,0
DA:128,0
DA:129,0
DA:132,0
DA:137,0
DA:144,0
DA:155,0
DA:156,0
DA:157,0
DA:158,0
DA:159,0
DA:162,0
DA:165,0
DA:171,0
DA:172,0
DA:173,0
DA:174,0
DA:176,0
LF:59
LH:3
BRDA:49,1,0,0
BRDA:49,1,1,0
BRDA:84,2,0,0
BRDA:84,2,1,0
BRDA:111,3,0,0
BRDA:111,3,1,0
BRDA:115,4,0,0
BRDA:115,4,1,0
BRDA:116,5,0,0
BRDA:116,5,1,0
BRDA:116,6,0,0
BRDA:116,6,1,0
BRDA:120,7,0,0
BRDA:120,7,1,0
BRDA:132,8,0,0
BRDA:132,8,1,0
BRDA:148,9,0,0
BRDA:148,9,1,0
BRDA:173,10,0,0
BRDA:173,10,1,0
BRF:20
BRH:0
end_of_record
TN:
SF:C:\work\ui\js\controllers\editdataasset-ctrl.js
FN:16,(anonymous_1)
FN:18,(anonymous_2)
FN:31,(anonymous_3)
FN:37,(anonymous_4)
FN:43,resizeWindow
FN:59,(anonymous_6)
FN:60,(anonymous_7)
FN:83,(anonymous_8)
FN:100,(anonymous_9)
FN:106,(anonymous_10)
FN:115,(anonymous_11)
FN:122,(anonymous_12)
FN:126,(anonymous_13)
FN:141,(anonymous_14)
FN:171,(anonymous_15)
FN:172,(anonymous_16)
FN:190,(anonymous_17)
FN:204,(anonymous_18)
FNF:18
FNH:1
FNDA:1,(anonymous_1)
FNDA:0,(anonymous_2)
FNDA:0,(anonymous_3)
FNDA:0,(anonymous_4)
FNDA:0,resizeWindow
FNDA:0,(anonymous_6)
FNDA:0,(anonymous_7)
FNDA:0,(anonymous_8)
FNDA:0,(anonymous_9)
FNDA:0,(anonymous_10)
FNDA:0,(anonymous_11)
FNDA:0,(anonymous_12)
FNDA:0,(anonymous_13)
FNDA:0,(anonymous_14)
FNDA:0,(anonymous_15)
FNDA:0,(anonymous_16)
FNDA:0,(anonymous_17)
FNDA:0,(anonymous_18)
DA:16,1
DA:18,1
DA:19,0
DA:20,0
DA:21,0
DA:22,0
DA:26,0
DA:27,0
DA:29,0
DA:31,0
DA:32,0
DA:33,0
DA:37,0
DA:38,0
DA:39,0
DA:43,1
DA:44,0
DA:45,0
DA:46,0
DA:58,0
DA:59,0
DA:60,0
DA:61,0
DA:62,0
DA:63,0
DA:64,0
DA:66,0
DA:67,0
DA:68,0
DA:72,0
DA:83,0
DA:84,0
DA:85,0
DA:86,0
DA:89,0
DA:100,0
DA:101,0
DA:102,0
DA:106,0
DA:107,0
DA:115,0
DA:116,0
DA:122,0
DA:123,0
DA:126,0
DA:127,0
DA:131,0
DA:142,0
DA:143,0
DA:145,0
DA:146,0
DA:147,0
DA:148,0
DA:151,0
DA:152,0
DA:156,0
DA:157,0
DA:159,0
DA:160,0
DA:167,0
DA:172,0
DA:173,0
DA:174,0
DA:175,0
DA:178,0
DA:179,0
DA:190,0
DA:191,0
DA:193,0
DA:197,0
DA:204,0
DA:205,0
DA:206,0
DA:207,0
DA:209,0
LF:75
LH:3
BRDA:38,1,0,0
BRDA:38,1,1,0
BRDA:85,2,0,0
BRDA:85,2,1,0
BRDA:101,3,0,0
BRDA:101,3,1,0
BRDA:142,4,0,0
BRDA:142,4,1,0
BRDA:146,5,0,0
BRDA:146,5,1,0
BRDA:147,6,0,0
BRDA:147,6,1,0
BRDA:147,7,0,0
BRDA:147,7,1,0
BRDA:151,8,0,0
BRDA:151,8,1,0
BRDA:191,9,0,0
BRDA:191,9,1,0
BRDA:206,10,0,0
BRDA:206,10,1,0
BRF:20
BRH:0
end_of_record
TN:
SF:C:\work\ui\js\controllers\footer-ctrl.js
FN:16,(anonymous_1)
FN:18,(anonymous_2)
FN:48,retrieveNotifications
FN:50,successCallback
FNF:4
FNH:1
FNDA:1,(anonymous_1)
FNDA:0,(anonymous_2)
FNDA:0,retrieveNotifications
FNDA:0,successCallback
DA:16,1
DA:18,1
DA:19,0
DA:20,0
DA:22,0
DA:23,0
DA:24,0
DA:48,1
DA:49,0
DA:50,0
DA:52,0
LF:11
LH:3
BRF:0
BRH:0
end_of_record
TN:
SF:C:\work\ui\js\controllers\mydashboard-ctrl.js
FN:16,(anonymous_1)
FN:18,(anonymous_2)
FN:24,pageInit
FN:28,(anonymous_4)
FN:30,(anonymous_5)
FN:31,(anonymous_6)
FN:33,(anonymous_7)
FN:40,(anonymous_8)
FN:47,(anonymous_9)
FN:51,(anonymous_10)
FN:53,(anonymous_11)
FN:63,(anonymous_12)
FN:71,(anonymous_13)
FN:74,(anonymous_14)
FN:80,(anonymous_15)
FNF:15
FNH:1
FNDA:1,(anonymous_1)
FNDA:0,(anonymous_2)
FNDA:0,pageInit
FNDA:0,(anonymous_4)
FNDA:0,(anonymous_5)
FNDA:0,(anonymous_6)
FNDA:0,(anonymous_7)
FNDA:0,(anonymous_8)
FNDA:0,(anonymous_9)
FNDA:0,(anonymous_10)
FNDA:0,(anonymous_11)
FNDA:0,(anonymous_12)
FNDA:0,(anonymous_13)
FNDA:0,(anonymous_14)
FNDA:0,(anonymous_15)
DA:16,1
DA:18,1
DA:20,0
DA:22,0
DA:24,1
DA:25,0
DA:27,0
DA:28,0
DA:29,0
DA:30,0
DA:31,0
DA:32,0
DA:33,0
DA:34,0
DA:39,0
DA:40,0
DA:41,0
DA:47,0
DA:49,0
DA:51,0
DA:52,0
DA:53,0
DA:54,0
DA:55,0
DA:57,0
DA:58,0
DA:63,0
DA:64,0
DA:65,0
DA:66,0
DA:71,0
DA:72,0
DA:74,0
DA:75,0
DA:80,0
DA:81,0
LF:36
LH:3
BRDA:64,1,0,0
BRDA:64,1,1,0
BRF:2
BRH:0
end_of_record
TN:
SF:C:\work\ui\js\controllers\bigChart-ctrl.js
FN:15,(anonymous_1)
FN:17,(anonymous_2)
FN:23,pageInit
FN:28,resizeBigChart
FN:33,(anonymous_5)
FN:44,(anonymous_6)
FN:48,(anonymous_7)
FN:55,(anonymous_8)
FNF:8
FNH:1
FNDA:1,(anonymous_1)
FNDA:0,(anonymous_2)
FNDA:0,pageInit
FNDA:0,resizeBigChart
FNDA:0,(anonymous_5)
FNDA:0,(anonymous_6)
FNDA:0,(anonymous_7)
FNDA:0,(anonymous_8)
DA:15,1
DA:17,1
DA:19,0
DA:21,0
DA:23,1
DA:24,0
DA:25,0
DA:28,1
DA:29,0
DA:30,0
DA:33,0
DA:34,0
DA:40,0
DA:44,0
DA:45,0
DA:48,0
DA:49,0
DA:50,0
DA:51,0
DA:54,0
DA:55,0
DA:56,0
DA:57,0
DA:59,0
DA:60,0
LF:25
LH:4
BRDA:54,1,0,0
BRDA:54,1,1,0
BRF:2
BRH:0
end_of_record
TN:
SF:C:\work\ui\js\controllers\main-ctrl.js
FN:16,(anonymous_1)
FN:18,(anonymous_2)
FN:20,(anonymous_3)
FN:24,(anonymous_4)
FN:32,(anonymous_5)
FNF:5
FNH:1
FNDA:1,(anonymous_1)
FNDA:0,(anonymous_2)
FNDA:0,(anonymous_3)
FNDA:0,(anonymous_4)
FNDA:0,(anonymous_5)
DA:16,1
DA:18,1
DA:20,0
DA:21,0
DA:24,0
DA:26,0
DA:27,0
DA:29,0
DA:32,0
DA:33,0
LF:10
LH:2
BRF:0
BRH:0
end_of_record
TN:
SF:C:\work\ui\js\controllers\downloadSample-ctrl.js
FN:16,(anonymous_1)
FN:18,(anonymous_2)
FN:22,(anonymous_3)
FN:25,(anonymous_4)
FNF:4
FNH:1
FNDA:1,(anonymous_1)
FNDA:0,(anonymous_2)
FNDA:0,(anonymous_3)
FNDA:0,(anonymous_4)
DA:16,1
DA:18,1
DA:20,0
DA:22,0
DA:23,0
DA:24,0
DA:25,0
DA:26,0
DA:27,0
DA:28,0
LF:10
LH:2
BRF:0
BRH:0
end_of_record
TN:
SF:C:\work\ui\js\controllers\detail-ctrl.js
FN:16,(anonymous_1)
FN:18,(anonymous_2)
FN:27,(anonymous_3)
FN:36,(anonymous_4)
FN:40,(anonymous_5)
FN:48,(anonymous_6)
FN:57,pageInit
FN:62,(anonymous_8)
FN:70,resizeTreeMap
FNF:9
FNH:1
FNDA:1,(anonymous_1)
FNDA:0,(anonymous_2)
FNDA:0,(anonymous_3)
FNDA:0,(anonymous_4)
FNDA:0,(anonymous_5)
FNDA:0,(anonymous_6)
FNDA:0,pageInit
FNDA:0,(anonymous_8)
FNDA:0,resizeTreeMap
DA:16,1
DA:18,1
DA:19,0
DA:22,0
DA:23,0
DA:25,0
DA:27,0
DA:28,0
DA:29,0
DA:31,0
DA:32,0
DA:36,0
DA:38,0
DA:40,0
DA:43,0
DA:44,0
DA:45,0
DA:46,0
DA:47,0
DA:48,0
DA:49,0
DA:51,0
DA:55,0
DA:57,1
DA:58,0
DA:59,0
DA:62,0
DA:63,0
DA:64,0
DA:65,0
DA:66,0
DA:70,1
DA:71,0
LF:33
LH:4
BRDA:25,1,0,0
BRDA:25,1,1,0
BRDA:63,2,0,0
BRDA:63,2,1,0
BRF:4
BRH:0
end_of_record
TN:
SF:C:\work\ui\js\directives\treeview.js
FN:42,(anonymous_1)
FN:44,(anonymous_2)
FN:47,(anonymous_3)
FN:96,(anonymous_4)
FN:103,(anonymous_5)
FN:131,(anonymous_6)
FN:134,(anonymous_7)
FN:181,(anonymous_8)
FN:182,(anonymous_9)
FN:192,checkSiblings
FN:197,(anonymous_11)
FN:231,(anonymous_12)
FN:238,(anonymous_13)
FNF:13
FNH:1
FNDA:1,(anonymous_1)
FNDA:0,(anonymous_2)
FNDA:0,(anonymous_3)
FNDA:0,(anonymous_4)
FNDA:0,(anonymous_5)
FNDA:0,(anonymous_6)
FNDA:0,(anonymous_7)
FNDA:0,(anonymous_8)
FNDA:0,(anonymous_9)
FNDA:0,checkSiblings
FNDA:0,(anonymous_11)
FNDA:0,(anonymous_12)
FNDA:0,(anonymous_13)
DA:42,1
DA:44,1
DA:45,0
DA:52,0
DA:55,0
DA:58,0
DA:61,0
DA:64,0
DA:66,0
DA:70,0
DA:91,0
DA:96,0
DA:99,0
DA:103,0
DA:106,0
DA:107,0
DA:110,0
DA:111,0
DA:114,0
DA:118,0
DA:125,0
DA:131,1
DA:132,0
DA:139,0
DA:142,0
DA:145,0
DA:148,0
DA:151,0
DA:153,0
DA:157,0
DA:179,0
DA:181,0
DA:182,0
DA:183,0
DA:187,0
DA:192,1
DA:194,0
DA:197,0
DA:198,0
DA:201,0
DA:203,0
DA:208,0
DA:210,0
DA:212,0
DA:213,0
DA:214,0
DA:218,0
DA:227,0
DA:231,0
DA:234,0
DA:238,0
DA:241,0
DA:242,0
DA:245,0
DA:246,0
DA:249,0
DA:253,0
DA:260,0
LF:58
LH:4
BRDA:55,1,0,0
BRDA:55,1,1,0
BRDA:58,2,0,0
BRDA:58,2,1,0
BRDA:61,3,0,0
BRDA:61,3,1,0
BRDA:64,4,0,0
BRDA:64,4,1,0
BRDA:66,5,0,0
BRDA:66,5,1,0
BRDA:67,6,0,0
BRDA:67,6,1,0
BRDA:91,7,0,0
BRDA:91,7,1,0
BRDA:96,8,0,0
BRDA:96,8,1,0
BRDA:103,9,0,0
BRDA:103,9,1,0
BRDA:106,10,0,0
BRDA:106,10,1,0
BRDA:106,11,0,0
BRDA:106,11,1,0
BRDA:110,12,0,0
BRDA:110,12,1,0
BRDA:110,13,0,0
BRDA:110,13,1,0
BRDA:142,14,0,0
BRDA:142,14,1,0
BRDA:145,15,0,0
BRDA:145,15,1,0
BRDA:148,16,0,0
BRDA:148,16,1,0
BRDA:151,17,0,0
BRDA:151,17,1,0
BRDA:153,18,0,0
BRDA:153,18,1,0
BRDA:154,19,0,0
BRDA:154,19,1,0
BRDA:179,20,0,0
BRDA:179,20,1,0
BRDA:181,21,0,0
BRDA:181,21,1,0
BRDA:201,22,0,0
BRDA:201,22,1,0
BRDA:201,23,0,0
BRDA:201,23,1,0
BRDA:210,24,0,0
BRDA:210,24,1,0
BRDA:210,25,0,0
BRDA:210,25,1,0
BRDA:231,26,0,0
BRDA:231,26,1,0
BRDA:238,27,0,0
BRDA:238,27,1,0
BRDA:241,28,0,0
BRDA:241,28,1,0
BRDA:241,29,0,0
BRDA:241,29,1,0
BRDA:245,30,0,0
BRDA:245,30,1,0
BRDA:245,31,0,0
BRDA:245,31,1,0
BRF:62
BRH:0
end_of_record
TN:
SF:C:\work\ui\js\controllers\subscribemodel-ctrl.js
FN:16,(anonymous_1)
FN:18,(anonymous_2)
FN:27,(anonymous_3)
FN:30,(anonymous_4)
FN:39,(anonymous_5)
FN:51,(anonymous_6)
FN:54,(anonymous_7)
FN:73,(anonymous_8)
FN:86,(anonymous_9)
FN:90,(anonymous_10)
FN:99,(anonymous_11)
FN:108,(anonymous_12)
FN:111,(anonymous_13)
FN:177,(anonymous_14)
FN:182,(anonymous_15)
FN:188,resizeWindow
FN:201,(anonymous_17)
FN:213,(anonymous_18)
FN:215,(anonymous_19)
FN:219,(anonymous_20)
FN:221,(anonymous_21)
FN:222,(anonymous_22)
FN:228,(anonymous_23)
FN:234,(anonymous_24)
FN:254,(anonymous_25)
FN:256,(anonymous_26)
FN:272,(anonymous_27)
FN:278,(anonymous_28)
FN:279,(anonymous_29)
FN:280,(anonymous_30)
FN:289,(anonymous_31)
FN:292,(anonymous_32)
FN:293,(anonymous_33)
FN:294,(anonymous_34)
FN:303,(anonymous_35)
FN:346,(anonymous_36)
FN:359,checkSiblings
FN:364,(anonymous_38)
FNF:38
FNH:1
FNDA:1,(anonymous_1)
FNDA:0,(anonymous_2)
FNDA:0,(anonymous_3)
FNDA:0,(anonymous_4)
FNDA:0,(anonymous_5)
FNDA:0,(anonymous_6)
FNDA:0,(anonymous_7)
FNDA:0,(anonymous_8)
FNDA:0,(anonymous_9)
FNDA:0,(anonymous_10)
FNDA:0,(anonymous_11)
FNDA:0,(anonymous_12)
FNDA:0,(anonymous_13)
FNDA:0,(anonymous_14)
FNDA:0,(anonymous_15)
FNDA:0,resizeWindow
FNDA:0,(anonymous_17)
FNDA:0,(anonymous_18)
FNDA:0,(anonymous_19)
FNDA:0,(anonymous_20)
FNDA:0,(anonymous_21)
FNDA:0,(anonymous_22)
FNDA:0,(anonymous_23)
FNDA:0,(anonymous_24)
FNDA:0,(anonymous_25)
FNDA:0,(anonymous_26)
FNDA:0,(anonymous_27)
FNDA:0,(anonymous_28)
FNDA:0,(anonymous_29)
FNDA:0,(anonymous_30)
FNDA:0,(anonymous_31)
FNDA:0,(anonymous_32)
FNDA:0,(anonymous_33)
FNDA:0,(anonymous_34)
FNDA:0,(anonymous_35)
FNDA:0,(anonymous_36)
FNDA:0,checkSiblings
FNDA:0,(anonymous_38)
DA:16,1
DA:18,1
DA:19,0
DA:20,0
DA:21,0
DA:22,0
DA:24,0
DA:25,0
DA:27,0
DA:28,0
DA:29,0
DA:30,0
DA:31,0
DA:37,0
DA:38,0
DA:39,0
DA:40,0
DA:46,0
DA:47,0
DA:50,0
DA:51,0
DA:52,0
DA:54,0
DA:55,0
DA:61,0
DA:62,0
DA:70,0
DA:71,0
DA:73,0
DA:74,0
DA:76,0
DA:86,0
DA:87,0
DA:90,0
DA:91,0
DA:92,0
DA:93,0
DA:96,0
DA:99,0
DA:100,0
DA:101,0
DA:102,0
DA:105,0
DA:108,0
DA:109,0
DA:110,0
DA:111,0
DA:112,0
DA:113,0
DA:114,0
DA:115,0
DA:116,0
DA:117,0
DA:118,0
DA:119,0
DA:128,0
DA:130,0
DA:131,0
DA:132,0
DA:137,0
DA:139,0
DA:142,0
DA:143,0
DA:144,0
DA:145,0
DA:146,0
DA:147,0
DA:148,0
DA:158,0
DA:160,0
DA:161,0
DA:162,0
DA:167,0
DA:169,0
DA:174,0
DA:177,0
DA:178,0
DA:179,0
DA:182,0
DA:183,0
DA:184,0
DA:188,1
DA:189,0
DA:190,0
DA:191,0
DA:192,0
DA:193,0
DA:194,0
DA:200,0
DA:202,0
DA:203,0
DA:204,0
DA:210,0
DA:212,0
DA:213,0
DA:214,0
DA:216,0
DA:220,0
DA:221,0
DA:222,0
DA:223,0
DA:224,0
DA:225,0
DA:227,0
DA:229,0
DA:234,0
DA:235,0
DA:236,0
DA:237,0
DA:238,0
DA:239,0
DA:240,0
DA:241,0
DA:242,0
DA:243,0
DA:244,0
DA:251,0
DA:254,0
DA:255,0
DA:256,0
DA:257,0
DA:259,0
DA:266,0
DA:269,0
DA:272,0
DA:273,0
DA:274,0
DA:276,0
DA:277,0
DA:278,0
DA:279,0
DA:280,0
DA:281,0
DA:282,0
DA:289,0
DA:290,0
DA:291,0
DA:292,0
DA:293,0
DA:294,0
DA:295,0
DA:296,0
DA:303,0
DA:304,0
DA:305,0
DA:307,0
DA:308,0
DA:309,0
DA:310,0
DA:311,0
DA:312,0
DA:313,0
DA:314,0
DA:315,0
DA:320,0
DA:321,0
DA:322,0
DA:323,0
DA:324,0
DA:325,0
DA:326,0
DA:327,0
DA:328,0
DA:329,0
DA:330,0
DA:339,0
DA:346,0
DA:349,0
DA:353,0
DA:359,1
DA:361,0
DA:364,0
DA:365,0
DA:368,0
DA:370,0
DA:375,0
DA:377,0
DA:379,0
DA:380,0
DA:381,0
DA:385,0
DA:394,0
DA:396,0
LF:183
LH:4
BRDA:29,1,0,0
BRDA:29,1,1,0
BRDA:29,2,0,0
BRDA:29,2,1,0
BRDA:38,3,0,0
BRDA:38,3,1,0
BRDA:38,4,0,0
BRDA:38,4,1,0
BRDA:50,5,0,0
BRDA:50,5,1,0
BRDA:50,6,0,0
BRDA:50,6,1,0
BRDA:52,7,0,0
BRDA:52,7,1,0
BRDA:52,8,0,0
BRDA:52,8,1,0
BRDA:92,9,0,0
BRDA:92,9,1,0
BRDA:101,10,0,0
BRDA:101,10,1,0
BRDA:114,11,0,0
BRDA:114,11,1,0
BRDA:118,12,0,0
BRDA:118,12,1,0
BRDA:131,13,0,0
BRDA:131,13,1,0
BRDA:142,14,0,0
BRDA:142,14,1,0
BRDA:147,15,0,0
BRDA:147,15,1,0
BRDA:161,16,0,0
BRDA:161,16,1,0
BRDA:183,17,0,0
BRDA:183,17,1,0
BRDA:203,18,0,0
BRDA:203,18,1,0
BRDA:237,19,0,0
BRDA:237,19,1,0
BRDA:240,20,0,0
BRDA:240,20,1,0
BRDA:243,21,0,0
BRDA:243,21,1,0
BRDA:257,22,0,0
BRDA:257,22,1,0
BRDA:257,23,0,0
BRDA:257,23,1,0
BRDA:273,24,0,0
BRDA:273,24,1,0
BRDA:273,25,0,0
BRDA:273,25,1,0
BRDA:273,25,2,0
BRDA:304,26,0,0
BRDA:304,26,1,0
BRDA:304,27,0,0
BRDA:304,27,1,0
BRDA:304,27,2,0
BRDA:308,28,0,0
BRDA:308,28,1,0
BRDA:311,29,0,0
BRDA:311,29,1,0
BRDA:314,30,0,0
BRDA:314,30,1,0
BRDA:314,31,0,0
BRDA:314,31,1,0
BRDA:320,32,0,0
BRDA:320,32,1,0
BRDA:323,33,0,0
BRDA:323,33,1,0
BRDA:326,34,0,0
BRDA:326,34,1,0
BRDA:329,35,0,0
BRDA:329,35,1,0
BRDA:368,36,0,0
BRDA:368,36,1,0
BRDA:368,37,0,0
BRDA:368,37,1,0
BRDA:377,38,0,0
BRDA:377,38,1,0
BRDA:377,39,0,0
BRDA:377,39,1,0
BRF:80
BRH:0
end_of_record
TN:
SF:C:\work\ui\js\directives\bigchart.js
FN:16,(anonymous_1)
FN:18,(anonymous_2)
FN:40,(anonymous_3)
FN:42,(anonymous_4)
FN:45,(anonymous_5)
FN:56,(anonymous_6)
FN:61,(anonymous_7)
FN:84,(anonymous_8)
FNF:8
FNH:1
FNDA:1,(anonymous_1)
FNDA:0,(anonymous_2)
FNDA:0,(anonymous_3)
FNDA:0,(anonymous_4)
FNDA:0,(anonymous_5)
FNDA:0,(anonymous_6)
FNDA:0,(anonymous_7)
FNDA:0,(anonymous_8)
DA:16,1
DA:18,1
DA:19,0
DA:41,0
DA:42,0
DA:43,0
DA:45,0
DA:46,0
DA:56,0
DA:57,0
DA:61,0
DA:62,0
DA:84,0
DA:85,0
DA:86,0
DA:87,0
LF:16
LH:2
BRF:0
BRH:0
end_of_record
TN:
SF:C:\work\ui\js\directives\module.js
FN:16,(anonymous_1)
FNF:1
FNH:1
FNDA:1,(anonymous_1)
DA:16,1
DA:18,1
LF:2
LH:2
BRF:0
BRH:0
end_of_record
