TN:
SF:C:\work\testtest\ui\js\controllers\createjob-ac-ctrl.js
FN:17,(anonymous_1)
FN:19,(anonymous_2)
FN:27,(anonymous_3)
FN:42,successCallback
FN:43,(anonymous_5)
FN:52,(anonymous_6)
FN:60,resizeWindow
FN:74,(anonymous_8)
FN:77,(anonymous_9)
FN:125,(anonymous_10)
FN:144,successCallback
FN:153,(anonymous_12)
FN:169,errorCallback
FN:177,(anonymous_14)
FNF:14
FNH:2
FNDA:1,(anonymous_1)
FNDA:2,(anonymous_2)
FNDA:0,(anonymous_3)
FNDA:0,successCallback
FNDA:0,(anonymous_5)
FNDA:0,(anonymous_6)
FNDA:0,resizeWindow
FNDA:0,(anonymous_8)
FNDA:0,(anonymous_9)
FNDA:0,(anonymous_10)
FNDA:0,successCallback
FNDA:0,(anonymous_12)
FNDA:0,errorCallback
FNDA:0,(anonymous_14)
DA:17,1
DA:19,1
DA:20,2
DA:21,2
DA:23,2
DA:24,2
DA:26,2
DA:27,2
DA:30,0
DA:31,0
DA:41,2
DA:42,2
DA:43,0
DA:44,0
DA:46,0
DA:47,0
DA:52,2
DA:53,0
DA:54,0
DA:55,0
DA:60,1
DA:61,0
DA:62,0
DA:65,0
DA:66,0
DA:73,2
DA:75,0
DA:78,0
DA:79,0
DA:81,0
DA:82,0
DA:83,0
DA:84,0
DA:87,0
DA:88,0
DA:92,0
DA:93,0
DA:96,0
DA:97,0
DA:98,0
DA:99,0
DA:100,0
DA:101,0
DA:102,0
DA:103,0
DA:104,0
DA:105,0
DA:106,0
DA:107,0
DA:108,0
DA:109,0
DA:110,0
DA:111,0
DA:112,0
DA:114,0
DA:121,0
DA:129,0
DA:133,0
DA:134,0
DA:135,0
DA:136,0
DA:137,0
DA:139,0
DA:141,0
DA:142,0
DA:143,0
DA:144,0
DA:147,0
DA:153,0
DA:154,0
DA:155,0
DA:156,0
DA:158,0
DA:170,0
DA:177,2
DA:178,0
DA:179,0
DA:180,0
DA:182,0
LF:79
LH:14
BRDA:53,1,0,0
BRDA:53,1,1,0
BRDA:78,2,0,0
BRDA:78,2,1,0
BRDA:82,3,0,0
BRDA:82,3,1,0
BRDA:83,4,0,0
BRDA:83,4,1,0
BRDA:83,5,0,0
BRDA:83,5,1,0
BRDA:87,6,0,0
BRDA:87,6,1,0
BRDA:98,7,0,0
BRDA:98,7,1,0
BRDA:100,8,0,0
BRDA:100,8,1,0
BRDA:110,9,0,0
BRDA:110,9,1,0
BRDA:179,10,0,0
BRDA:179,10,1,0
BRF:20
BRH:0
end_of_record
TN:
SF:C:\work\testtest\ui\js\controllers\createrule-ac-ctrl.js
FN:16,(anonymous_1)
FN:18,(anonymous_2)
FN:36,successCallback
FN:39,(anonymous_4)
FN:48,(anonymous_5)
FN:60,(anonymous_6)
FN:63,(anonymous_7)
FN:87,(anonymous_8)
FN:95,successCallback
FN:108,(anonymous_10)
FN:132,(anonymous_11)
FN:155,successCallback
FN:178,toggleSelection
FN:194,(anonymous_14)
FN:202,(anonymous_15)
FN:211,(anonymous_16)
FN:227,(anonymous_17)
FN:235,(anonymous_18)
FN:249,(anonymous_19)
FN:264,(anonymous_20)
FN:268,(anonymous_21)
FN:276,(anonymous_22)
FN:291,(anonymous_23)
FN:299,resizeWindow
FN:335,(anonymous_25)
FN:359,(anonymous_26)
FN:363,(anonymous_27)
FN:380,(anonymous_28)
FN:432,(anonymous_29)
FN:437,(anonymous_30)
FN:465,(anonymous_31)
FN:472,successCallback
FN:481,(anonymous_33)
FN:497,errorCallback
FN:511,(anonymous_35)
FN:513,(anonymous_36)
FN:518,(anonymous_37)
FN:520,(anonymous_38)
FN:525,(anonymous_39)
FN:528,(anonymous_40)
FN:533,(anonymous_41)
FN:541,(anonymous_42)
FN:554,(anonymous_43)
FN:576,(anonymous_44)
FNF:44
FNH:8
FNDA:1,(anonymous_1)
FNDA:12,(anonymous_2)
FNDA:2,successCallback
FNDA:4,(anonymous_4)
FNDA:4,(anonymous_5)
FNDA:0,(anonymous_6)
FNDA:0,(anonymous_7)
FNDA:2,(anonymous_8)
FNDA:0,successCallback
FNDA:0,(anonymous_10)
FNDA:2,(anonymous_11)
FNDA:0,successCallback
FNDA:0,toggleSelection
FNDA:0,(anonymous_14)
FNDA:0,(anonymous_15)
FNDA:0,(anonymous_16)
FNDA:0,(anonymous_17)
FNDA:0,(anonymous_18)
FNDA:0,(anonymous_19)
FNDA:0,(anonymous_20)
FNDA:0,(anonymous_21)
FNDA:0,(anonymous_22)
FNDA:0,(anonymous_23)
FNDA:0,resizeWindow
FNDA:0,(anonymous_25)
FNDA:0,(anonymous_26)
FNDA:0,(anonymous_27)
FNDA:0,(anonymous_28)
FNDA:0,(anonymous_29)
FNDA:0,(anonymous_30)
FNDA:0,(anonymous_31)
FNDA:0,successCallback
FNDA:0,(anonymous_33)
FNDA:0,errorCallback
FNDA:0,(anonymous_35)
FNDA:0,(anonymous_36)
FNDA:0,(anonymous_37)
FNDA:0,(anonymous_38)
FNDA:0,(anonymous_39)
FNDA:0,(anonymous_40)
FNDA:2,(anonymous_41)
FNDA:0,(anonymous_42)
FNDA:0,(anonymous_43)
FNDA:0,(anonymous_44)
DA:16,1
DA:18,1
DA:19,12
DA:20,12
DA:23,12
DA:24,12
DA:25,12
DA:26,12
DA:27,12
DA:28,12
DA:29,12
DA:30,12
DA:33,12
DA:34,12
DA:36,12
DA:37,2
DA:38,2
DA:39,2
DA:40,4
DA:41,4
DA:46,4
DA:47,4
DA:48,4
DA:51,4
DA:56,4
DA:57,4
DA:58,4
DA:59,0
DA:60,0
DA:61,0
DA:63,0
DA:64,0
DA:80,2
DA:81,2
DA:87,12
DA:88,2
DA:89,2
DA:90,2
DA:93,2
DA:94,1
DA:95,0
DA:96,0
DA:97,0
DA:98,0
DA:100,0
DA:108,12
DA:111,0
DA:112,0
DA:115,0
DA:116,0
DA:119,0
DA:123,0
DA:124,0
DA:125,0
DA:126,0
DA:127,0
DA:132,12
DA:133,2
DA:134,2
DA:135,2
DA:136,2
DA:137,2
DA:154,2
DA:155,0
DA:156,0
DA:157,0
DA:158,0
DA:161,0
DA:164,2
DA:165,0
DA:166,2
DA:178,12
DA:179,0
DA:180,0
DA:182,0
DA:183,0
DA:184,0
DA:189,0
DA:194,12
DA:195,0
DA:196,0
DA:198,0
DA:201,0
DA:202,0
DA:203,0
DA:204,0
DA:205,0
DA:211,12
DA:212,0
DA:213,0
DA:215,0
DA:216,0
DA:217,0
DA:222,0
DA:227,12
DA:228,0
DA:229,0
DA:231,0
DA:234,0
DA:235,0
DA:236,0
DA:237,0
DA:238,0
DA:239,0
DA:240,0
DA:241,0
DA:249,12
DA:250,0
DA:251,0
DA:253,0
DA:254,0
DA:255,0
DA:260,0
DA:264,12
DA:265,0
DA:266,0
DA:267,0
DA:268,0
DA:269,0
DA:272,0
DA:276,12
DA:279,0
DA:280,0
DA:291,12
DA:292,0
DA:293,0
DA:294,0
DA:299,1
DA:300,0
DA:301,0
DA:305,0
DA:306,0
DA:312,12
DA:313,12
DA:314,12
DA:315,12
DA:333,12
DA:337,0
DA:339,0
DA:341,0
DA:343,0
DA:344,0
DA:345,0
DA:346,0
DA:349,0
DA:350,0
DA:356,0
DA:361,0
DA:364,0
DA:366,0
DA:369,0
DA:371,0
DA:372,0
DA:376,0
DA:381,0
DA:382,0
DA:384,0
DA:385,0
DA:386,0
DA:387,0
DA:390,0
DA:391,0
DA:395,0
DA:396,0
DA:399,0
DA:400,0
DA:401,0
DA:430,0
DA:432,0
DA:433,0
DA:434,0
DA:435,0
DA:437,0
DA:438,0
DA:440,0
DA:452,0
DA:453,0
DA:454,0
DA:455,0
DA:461,0
DA:469,0
DA:471,0
DA:472,0
DA:475,0
DA:476,0
DA:477,0
DA:478,0
DA:481,0
DA:482,0
DA:483,0
DA:484,0
DA:486,0
DA:498,0
DA:511,12
DA:512,0
DA:513,0
DA:514,0
DA:518,12
DA:519,0
DA:520,0
DA:521,0
DA:525,12
DA:526,0
DA:528,0
DA:529,0
DA:533,12
DA:534,2
DA:535,0
DA:536,0
DA:541,12
DA:543,0
DA:544,0
DA:545,0
DA:546,0
DA:550,0
DA:554,12
DA:556,0
DA:557,0
DA:559,0
DA:560,0
DA:561,0
DA:562,0
DA:564,0
DA:565,0
DA:569,0
DA:573,0
DA:576,12
DA:577,0
DA:578,0
DA:579,0
DA:581,0
LF:231
LH:67
BRDA:38,1,0,2
BRDA:38,1,1,0
BRDA:47,2,0,4
BRDA:47,2,1,0
BRDA:58,3,0,0
BRDA:58,3,1,4
BRDA:59,4,0,0
BRDA:59,4,1,0
BRDA:61,5,0,0
BRDA:61,5,1,0
BRDA:61,6,0,0
BRDA:61,6,1,0
BRDA:93,7,0,1
BRDA:93,7,1,1
BRDA:94,8,0,0
BRDA:94,8,1,1
BRDA:97,9,0,0
BRDA:97,9,1,0
BRDA:111,10,0,0
BRDA:111,10,1,0
BRDA:111,11,0,0
BRDA:111,11,1,0
BRDA:115,12,0,0
BRDA:115,12,1,0
BRDA:115,13,0,0
BRDA:115,13,1,0
BRDA:154,14,0,0
BRDA:154,14,1,2
BRDA:157,15,0,0
BRDA:157,15,1,0
BRDA:164,16,0,0
BRDA:164,16,1,2
BRDA:182,17,0,0
BRDA:182,17,1,0
BRDA:195,18,0,0
BRDA:195,18,1,0
BRDA:204,19,0,0
BRDA:204,19,1,0
BRDA:215,20,0,0
BRDA:215,20,1,0
BRDA:228,21,0,0
BRDA:228,21,1,0
BRDA:237,22,0,0
BRDA:237,22,1,0
BRDA:253,23,0,0
BRDA:253,23,1,0
BRDA:266,24,0,0
BRDA:266,24,1,0
BRDA:292,25,0,0
BRDA:292,25,1,0
BRDA:337,26,0,0
BRDA:337,26,1,0
BRDA:344,27,0,0
BRDA:344,27,1,0
BRDA:345,28,0,0
BRDA:345,28,1,0
BRDA:345,29,0,0
BRDA:345,29,1,0
BRDA:349,30,0,0
BRDA:349,30,1,0
BRDA:364,31,0,0
BRDA:364,31,1,0
BRDA:369,32,0,0
BRDA:369,32,1,0
BRDA:371,33,0,0
BRDA:371,33,1,0
BRDA:381,34,0,0
BRDA:381,34,1,0
BRDA:385,35,0,0
BRDA:385,35,1,0
BRDA:386,36,0,0
BRDA:386,36,1,0
BRDA:386,37,0,0
BRDA:386,37,1,0
BRDA:390,38,0,0
BRDA:390,38,1,0
BRDA:458,39,0,0
BRDA:458,39,1,0
BRDA:476,40,0,0
BRDA:476,40,1,0
BRDA:534,41,0,0
BRDA:534,41,1,2
BRDA:535,42,0,0
BRDA:535,42,1,0
BRDA:545,43,0,0
BRDA:545,43,1,0
BRDA:556,44,0,0
BRDA:556,44,1,0
BRDA:559,45,0,0
BRDA:559,45,1,0
BRDA:560,46,0,0
BRDA:560,46,1,0
BRDA:561,47,0,0
BRDA:561,47,1,0
BRDA:562,48,0,0
BRDA:562,48,1,0
BRDA:562,48,2,0
BRDA:563,49,0,0
BRDA:563,49,1,0
BRDA:564,50,0,0
BRDA:564,50,1,0
BRDA:565,51,0,0
BRDA:565,51,1,0
BRDA:565,51,2,0
BRDA:565,51,3,0
BRDA:569,52,0,0
BRDA:569,52,1,0
BRDA:578,53,0,0
BRDA:578,53,1,0
BRF:109
BRH:9
end_of_record
TN:
SF:C:\work\testtest\ui\js\controllers\createrule-pu-ctrl.js
FN:16,(anonymous_1)
FN:18,(anonymous_2)
FN:25,(anonymous_3)
FN:29,(anonymous_4)
FN:35,successCallback
FN:38,(anonymous_6)
FN:41,(anonymous_7)
FN:51,(anonymous_8)
FN:59,(anonymous_9)
FN:65,resizeWindow
FN:82,(anonymous_11)
FN:127,(anonymous_12)
FN:135,successCallback
FN:137,(anonymous_14)
FN:148,errorCallback
FN:156,(anonymous_16)
FNF:16
FNH:2
FNDA:1,(anonymous_1)
FNDA:5,(anonymous_2)
FNDA:0,(anonymous_3)
FNDA:0,(anonymous_4)
FNDA:0,successCallback
FNDA:0,(anonymous_6)
FNDA:0,(anonymous_7)
FNDA:0,(anonymous_8)
FNDA:0,(anonymous_9)
FNDA:0,resizeWindow
FNDA:0,(anonymous_11)
FNDA:0,(anonymous_12)
FNDA:0,successCallback
FNDA:0,(anonymous_14)
FNDA:0,errorCallback
FNDA:0,(anonymous_16)
DA:16,1
DA:18,1
DA:19,5
DA:20,5
DA:23,5
DA:25,5
DA:26,0
DA:29,5
DA:30,0
DA:31,0
DA:34,5
DA:35,5
DA:37,0
DA:38,0
DA:39,0
DA:40,0
DA:41,0
DA:42,0
DA:47,0
DA:51,5
DA:52,0
DA:53,0
DA:54,0
DA:55,0
DA:59,5
DA:60,0
DA:61,0
DA:65,1
DA:66,0
DA:67,0
DA:70,0
DA:71,0
DA:76,5
DA:77,5
DA:78,5
DA:81,5
DA:83,0
DA:84,0
DA:86,0
DA:87,0
DA:88,0
DA:89,0
DA:92,0
DA:93,0
DA:97,0
DA:98,0
DA:100,0
DA:101,0
DA:103,0
DA:104,0
DA:105,0
DA:107,0
DA:112,0
DA:113,0
DA:114,0
DA:115,0
DA:116,0
DA:122,0
DA:131,0
DA:134,0
DA:135,0
DA:137,0
DA:138,0
DA:139,0
DA:140,0
DA:142,0
DA:149,0
DA:156,5
DA:157,0
DA:158,0
DA:159,0
DA:161,0
LF:72
LH:17
BRDA:39,1,0,0
BRDA:39,1,1,0
BRDA:60,2,0,0
BRDA:60,2,1,0
BRDA:83,3,0,0
BRDA:83,3,1,0
BRDA:87,4,0,0
BRDA:87,4,1,0
BRDA:88,5,0,0
BRDA:88,5,1,0
BRDA:88,6,0,0
BRDA:88,6,1,0
BRDA:92,7,0,0
BRDA:92,7,1,0
BRDA:100,8,0,0
BRDA:100,8,1,0
BRDA:104,9,0,0
BRDA:104,9,1,0
BRDA:112,10,0,0
BRDA:112,10,1,0
BRDA:115,11,0,0
BRDA:115,11,1,0
BRDA:158,12,0,0
BRDA:158,12,1,0
BRF:24
BRH:0
end_of_record
TN:
SF:C:\work\testtest\ui\js\controllers\createrule-va-ctrl.js
FN:16,(anonymous_1)
FN:18,(anonymous_2)
FN:26,successCallback
FN:30,(anonymous_4)
FN:38,(anonymous_5)
FN:49,(anonymous_6)
FN:52,(anonymous_7)
FN:72,(anonymous_8)
FN:80,(anonymous_9)
FN:91,(anonymous_10)
FN:96,(anonymous_11)
FN:103,resizeWindow
FN:144,(anonymous_13)
FN:168,(anonymous_14)
FN:172,(anonymous_15)
FN:189,(anonymous_16)
FN:228,(anonymous_17)
FN:237,successCallback
FN:240,(anonymous_19)
FN:255,errorCallback
FN:260,(anonymous_21)
FN:286,(anonymous_22)
FN:288,(anonymous_23)
FN:293,(anonymous_24)
FN:295,(anonymous_25)
FN:300,(anonymous_26)
FN:302,(anonymous_27)
FN:309,(anonymous_28)
FN:326,(anonymous_29)
FNF:29
FNH:4
FNDA:1,(anonymous_1)
FNDA:8,(anonymous_2)
FNDA:2,successCallback
FNDA:0,(anonymous_4)
FNDA:0,(anonymous_5)
FNDA:0,(anonymous_6)
FNDA:0,(anonymous_7)
FNDA:2,(anonymous_8)
FNDA:0,(anonymous_9)
FNDA:0,(anonymous_10)
FNDA:0,(anonymous_11)
FNDA:0,resizeWindow
FNDA:0,(anonymous_13)
FNDA:0,(anonymous_14)
FNDA:0,(anonymous_15)
FNDA:0,(anonymous_16)
FNDA:0,(anonymous_17)
FNDA:0,successCallback
FNDA:0,(anonymous_19)
FNDA:0,errorCallback
FNDA:0,(anonymous_21)
FNDA:0,(anonymous_22)
FNDA:0,(anonymous_23)
FNDA:0,(anonymous_24)
FNDA:0,(anonymous_25)
FNDA:0,(anonymous_26)
FNDA:0,(anonymous_27)
FNDA:0,(anonymous_28)
FNDA:0,(anonymous_29)
DA:16,1
DA:18,1
DA:19,8
DA:20,8
DA:22,8
DA:23,8
DA:26,8
DA:27,2
DA:28,2
DA:29,2
DA:30,0
DA:31,0
DA:36,0
DA:37,0
DA:38,0
DA:39,0
DA:44,0
DA:45,0
DA:48,0
DA:49,0
DA:50,0
DA:52,0
DA:53,0
DA:58,0
DA:59,0
DA:67,2
DA:72,8
DA:74,2
DA:75,1
DA:76,0
DA:77,0
DA:80,0
DA:81,0
DA:91,8
DA:92,0
DA:93,0
DA:96,8
DA:97,0
DA:98,0
DA:99,0
DA:103,1
DA:104,0
DA:105,0
DA:108,0
DA:109,0
DA:110,0
DA:114,0
DA:120,8
DA:121,8
DA:122,8
DA:123,8
DA:142,8
DA:146,0
DA:148,0
DA:150,0
DA:152,0
DA:153,0
DA:154,0
DA:155,0
DA:158,0
DA:159,0
DA:165,0
DA:170,0
DA:173,0
DA:175,0
DA:178,0
DA:180,0
DA:181,0
DA:185,0
DA:190,0
DA:191,0
DA:193,0
DA:194,0
DA:195,0
DA:196,0
DA:199,0
DA:200,0
DA:204,0
DA:205,0
DA:207,0
DA:209,0
DA:219,0
DA:220,0
DA:224,0
DA:234,0
DA:236,0
DA:237,0
DA:240,0
DA:241,0
DA:242,0
DA:243,0
DA:245,0
DA:256,0
DA:261,0
DA:262,0
DA:263,0
DA:264,0
DA:266,0
DA:267,0
DA:268,0
DA:269,0
DA:270,0
DA:271,0
DA:272,0
DA:273,0
DA:274,0
DA:275,0
DA:277,0
DA:280,0
DA:281,0
DA:286,8
DA:287,0
DA:288,0
DA:289,0
DA:293,8
DA:294,0
DA:295,0
DA:296,0
DA:300,8
DA:301,0
DA:302,0
DA:303,0
DA:309,8
DA:311,0
DA:312,0
DA:314,0
DA:315,0
DA:316,0
DA:317,0
DA:318,0
DA:319,0
DA:323,0
DA:326,8
DA:327,0
DA:328,0
DA:329,0
DA:331,0
LF:137
LH:27
BRDA:29,1,0,0
BRDA:29,1,1,2
BRDA:29,2,0,2
BRDA:29,2,1,2
BRDA:37,3,0,0
BRDA:37,3,1,0
BRDA:37,4,0,0
BRDA:37,4,1,0
BRDA:48,5,0,0
BRDA:48,5,1,0
BRDA:48,6,0,0
BRDA:48,6,1,0
BRDA:50,7,0,0
BRDA:50,7,1,0
BRDA:50,8,0,0
BRDA:50,8,1,0
BRDA:74,9,0,1
BRDA:74,9,1,1
BRDA:75,10,0,0
BRDA:75,10,1,1
BRDA:97,11,0,0
BRDA:97,11,1,0
BRDA:146,12,0,0
BRDA:146,12,1,0
BRDA:153,13,0,0
BRDA:153,13,1,0
BRDA:154,14,0,0
BRDA:154,14,1,0
BRDA:154,15,0,0
BRDA:154,15,1,0
BRDA:158,16,0,0
BRDA:158,16,1,0
BRDA:173,17,0,0
BRDA:173,17,1,0
BRDA:178,18,0,0
BRDA:178,18,1,0
BRDA:180,19,0,0
BRDA:180,19,1,0
BRDA:190,20,0,0
BRDA:190,20,1,0
BRDA:190,21,0,0
BRDA:190,21,1,0
BRDA:194,22,0,0
BRDA:194,22,1,0
BRDA:195,23,0,0
BRDA:195,23,1,0
BRDA:195,24,0,0
BRDA:195,24,1,0
BRDA:199,25,0,0
BRDA:199,25,1,0
BRDA:261,26,0,0
BRDA:261,26,1,0
BRDA:261,27,0,0
BRDA:261,27,1,0
BRDA:272,28,0,0
BRDA:272,28,1,0
BRDA:274,29,0,0
BRDA:274,29,1,0
BRDA:311,30,0,0
BRDA:311,30,1,0
BRDA:314,31,0,0
BRDA:314,31,1,0
BRDA:315,32,0,0
BRDA:315,32,1,0
BRDA:316,33,0,0
BRDA:316,33,1,0
BRDA:318,34,0,0
BRDA:318,34,1,0
BRDA:328,35,0,0
BRDA:328,35,1,0
BRF:70
BRH:6
end_of_record
TN:
SF:C:\work\testtest\ui\js\controllers\createrule0-ctrl.js
FN:16,(anonymous_1)
FN:18,(anonymous_2)
FN:22,(anonymous_3)
FN:25,(anonymous_4)
FN:30,(anonymous_5)
FN:37,resizeWindow
FNF:6
FNH:3
FNDA:1,(anonymous_1)
FNDA:3,(anonymous_2)
FNDA:1,(anonymous_3)
FNDA:0,(anonymous_4)
FNDA:0,(anonymous_5)
FNDA:0,resizeWindow
DA:16,1
DA:18,1
DA:19,3
DA:20,3
DA:22,3
DA:23,1
DA:25,3
DA:26,0
DA:27,0
DA:30,3
DA:31,0
DA:32,0
DA:33,0
DA:37,1
DA:38,0
DA:39,0
LF:16
LH:9
BRDA:31,1,0,0
BRDA:31,1,1,0
BRF:2
BRH:0
end_of_record
TN:
SF:C:\work\testtest\ui\js\services\bark-chart.js
FN:16,(anonymous_1)
FN:17,(anonymous_2)
FN:27,getOptionPie
FN:54,(anonymous_4)
FN:71,getOptionThum
FN:91,(anonymous_6)
FN:94,(anonymous_7)
FN:119,getTooltipPosition
FN:123,formatter_value
FN:131,formatter_yaxis_name
FN:139,getTooltip
FN:148,getUTCTimeStamp
FN:153,getOptionSide
FN:170,(anonymous_14)
FN:195,getSeries
FN:201,getOptionBig
FN:228,(anonymous_17)
FN:252,getMetricData
FN:259,(anonymous_19)
FN:266,formatTimeStamp
FN:271,getSeriesCount
FNF:21
FNH:2
FNDA:1,(anonymous_1)
FNDA:10,(anonymous_2)
FNDA:0,getOptionPie
FNDA:0,(anonymous_4)
FNDA:0,getOptionThum
FNDA:0,(anonymous_6)
FNDA:0,(anonymous_7)
FNDA:0,getTooltipPosition
FNDA:0,formatter_value
FNDA:0,formatter_yaxis_name
FNDA:0,getTooltip
FNDA:0,getUTCTimeStamp
FNDA:0,getOptionSide
FNDA:0,(anonymous_14)
FNDA:0,getSeries
FNDA:0,getOptionBig
FNDA:0,(anonymous_17)
FNDA:0,getMetricData
FNDA:0,(anonymous_19)
FNDA:0,formatTimeStamp
FNDA:0,getSeriesCount
DA:16,1
DA:17,1
DA:19,10
DA:27,1
DA:28,0
DA:29,0
DA:30,0
DA:31,0
DA:32,0
DA:33,0
DA:34,0
DA:36,0
DA:39,0
DA:55,0
DA:56,0
DA:58,0
DA:68,0
DA:71,1
DA:72,0
DA:73,0
DA:92,0
DA:95,0
DA:115,0
DA:116,0
DA:119,1
DA:120,0
DA:123,1
DA:124,0
DA:125,0
DA:127,0
DA:131,1
DA:133,0
DA:139,1
DA:140,0
DA:141,0
DA:142,0
DA:145,0
DA:148,1
DA:149,0
DA:150,0
DA:153,1
DA:154,0
DA:155,0
DA:171,0
DA:191,0
DA:192,0
DA:195,1
DA:196,0
DA:197,0
DA:198,0
DA:201,1
DA:202,0
DA:203,0
DA:229,0
DA:248,0
DA:249,0
DA:252,1
DA:253,0
DA:254,0
DA:255,0
DA:256,0
DA:259,0
DA:260,0
DA:263,0
DA:266,1
DA:267,0
DA:268,0
DA:271,1
DA:272,0
DA:273,0
DA:274,0
DA:289,0
LF:72
LH:16
BRDA:33,1,0,0
BRDA:33,1,1,0
BRDA:55,2,0,0
BRDA:55,2,1,0
BRDA:124,3,0,0
BRDA:124,3,1,0
BRDA:141,4,0,0
BRDA:141,4,1,0
BRF:8
BRH:0
end_of_record
TN:
SF:C:\work\testtest\ui\js\controllers\job-ctrl.js
FN:17,(anonymous_1)
FN:19,(anonymous_2)
FN:28,(anonymous_3)
FN:37,successCallback
FN:38,(anonymous_5)
FN:54,showInstances
FN:61,successCallback
FN:71,successCallback
FN:79,(anonymous_9)
FN:87,remove
FN:98,(anonymous_11)
FN:101,successCallback
FN:114,errorCallback
FN:121,edit
FN:125,(anonymous_15)
FNF:15
FNH:2
FNDA:1,(anonymous_1)
FNDA:2,(anonymous_2)
FNDA:0,(anonymous_3)
FNDA:0,successCallback
FNDA:0,(anonymous_5)
FNDA:0,showInstances
FNDA:0,successCallback
FNDA:0,successCallback
FNDA:0,(anonymous_9)
FNDA:0,remove
FNDA:0,(anonymous_11)
FNDA:0,successCallback
FNDA:0,errorCallback
FNDA:0,edit
FNDA:0,(anonymous_15)
DA:17,1
DA:19,1
DA:20,2
DA:21,2
DA:22,2
DA:23,2
DA:24,2
DA:25,2
DA:26,2
DA:28,2
DA:29,0
DA:30,0
DA:33,0
DA:34,0
DA:36,0
DA:37,0
DA:38,0
DA:39,0
DA:40,0
DA:41,0
DA:43,0
DA:44,0
DA:46,0
DA:47,0
DA:50,0
DA:54,2
DA:55,0
DA:56,0
DA:57,0
DA:58,0
DA:60,0
DA:61,0
DA:62,0
DA:63,0
DA:64,0
DA:65,0
DA:67,0
DA:68,0
DA:70,0
DA:71,0
DA:73,0
DA:74,0
DA:75,0
DA:77,0
DA:78,0
DA:79,0
DA:80,0
DA:81,0
DA:87,2
DA:93,0
DA:94,0
DA:95,0
DA:98,2
DA:99,0
DA:100,0
DA:101,0
DA:103,0
DA:104,0
DA:106,0
DA:107,0
DA:109,0
DA:115,0
DA:121,2
DA:125,2
DA:126,0
LF:65
LH:15
BRDA:33,1,0,0
BRDA:33,1,1,0
BRDA:34,2,0,0
BRDA:34,2,1,0
BRDA:36,3,0,0
BRDA:36,3,1,0
BRDA:36,4,0,0
BRDA:36,4,1,0
BRF:8
BRH:0
end_of_record
TN:
SF:C:\work\testtest\ui\js\controllers\metrics-ctrl.js
FN:16,(anonymous_1)
FN:18,(anonymous_2)
FN:26,pageInit
FN:32,successCallback
FN:35,(anonymous_5)
FN:43,successCallback
FN:45,(anonymous_7)
FN:47,(anonymous_8)
FN:59,(anonymous_9)
FN:74,(anonymous_10)
FN:80,(anonymous_11)
FN:109,(anonymous_12)
FN:116,(anonymous_13)
FN:119,(anonymous_14)
FN:121,(anonymous_15)
FN:123,(anonymous_16)
FN:133,(anonymous_17)
FN:143,(anonymous_18)
FN:149,(anonymous_19)
FN:154,(anonymous_20)
FN:164,(anonymous_21)
FN:167,(anonymous_22)
FN:174,(anonymous_23)
FN:179,resizePieChart
FN:186,(anonymous_25)
FN:194,(anonymous_26)
FN:199,(anonymous_27)
FNF:27
FNH:3
FNDA:1,(anonymous_1)
FNDA:3,(anonymous_2)
FNDA:3,pageInit
FNDA:0,successCallback
FNDA:0,(anonymous_5)
FNDA:0,successCallback
FNDA:0,(anonymous_7)
FNDA:0,(anonymous_8)
FNDA:0,(anonymous_9)
FNDA:0,(anonymous_10)
FNDA:0,(anonymous_11)
FNDA:0,(anonymous_12)
FNDA:0,(anonymous_13)
FNDA:0,(anonymous_14)
FNDA:0,(anonymous_15)
FNDA:0,(anonymous_16)
FNDA:0,(anonymous_17)
FNDA:0,(anonymous_18)
FNDA:0,(anonymous_19)
FNDA:0,(anonymous_20)
FNDA:0,(anonymous_21)
FNDA:0,(anonymous_22)
FNDA:0,(anonymous_23)
FNDA:0,resizePieChart
FNDA:0,(anonymous_25)
FNDA:0,(anonymous_26)
FNDA:0,(anonymous_27)
DA:16,1
DA:18,1
DA:19,3
DA:21,3
DA:23,3
DA:24,3
DA:25,3
DA:26,1
DA:27,3
DA:28,3
DA:29,3
DA:30,3
DA:32,3
DA:33,0
DA:34,0
DA:35,0
DA:36,0
DA:37,0
DA:38,0
DA:39,0
DA:41,0
DA:43,0
DA:44,0
DA:45,0
DA:46,0
DA:47,0
DA:48,0
DA:51,0
DA:53,0
DA:54,0
DA:55,0
DA:56,0
DA:58,0
DA:59,0
DA:60,0
DA:61,0
DA:62,0
DA:66,0
DA:68,0
DA:69,0
DA:70,0
DA:74,0
DA:75,0
DA:76,0
DA:77,0
DA:78,0
DA:79,0
DA:80,0
DA:81,0
DA:82,0
DA:83,0
DA:84,0
DA:85,0
DA:86,0
DA:87,0
DA:88,0
DA:89,0
DA:90,0
DA:93,0
DA:96,0
DA:98,0
DA:99,0
DA:100,0
DA:101,0
DA:102,0
DA:103,0
DA:104,0
DA:109,0
DA:110,0
DA:116,3
DA:117,0
DA:119,3
DA:120,0
DA:121,0
DA:122,0
DA:123,0
DA:124,0
DA:125,0
DA:126,0
DA:127,0
DA:131,3
DA:133,3
DA:134,0
DA:135,0
DA:136,0
DA:137,0
DA:138,0
DA:141,0
DA:142,0
DA:143,0
DA:144,0
DA:145,0
DA:149,0
DA:150,0
DA:154,3
DA:155,0
DA:156,0
DA:157,0
DA:159,0
DA:160,0
DA:162,0
DA:163,0
DA:164,0
DA:165,0
DA:166,0
DA:167,0
DA:168,0
DA:169,0
DA:174,0
DA:175,0
DA:179,1
DA:180,0
DA:186,3
DA:187,0
DA:188,0
DA:189,0
DA:194,3
DA:196,0
DA:199,3
DA:200,0
LF:120
LH:22
BRDA:60,1,0,0
BRDA:60,1,1,0
BRDA:69,2,0,0
BRDA:69,2,1,0
BRDA:81,3,0,0
BRDA:81,3,1,0
BRDA:84,4,0,0
BRDA:84,4,1,0
BRDA:98,5,0,0
BRDA:98,5,1,0
BRDA:98,6,0,0
BRDA:98,6,1,0
BRDA:98,6,2,0
BRDA:100,7,0,0
BRDA:100,7,1,0
BRDA:137,8,0,0
BRDA:137,8,1,0
BRDA:144,9,0,0
BRDA:144,9,1,0
BRDA:156,10,0,0
BRDA:156,10,1,0
BRDA:162,11,0,0
BRDA:162,11,1,0
BRDA:162,12,0,0
BRDA:162,12,1,0
BRDA:168,13,0,0
BRDA:168,13,1,0
BRDA:187,14,0,0
BRDA:187,14,1,0
BRF:29
BRH:0
end_of_record
TN:
SF:C:\work\testtest\ui\js\controllers\nav-ctrl.js
FN:16,(anonymous_1)
FN:18,(anonymous_2)
FN:32,(anonymous_3)
FN:39,(anonymous_4)
FN:46,(anonymous_5)
FN:52,(anonymous_6)
FN:57,(anonymous_7)
FNF:7
FNH:3
FNDA:1,(anonymous_1)
FNDA:1,(anonymous_2)
FNDA:1,(anonymous_3)
FNDA:0,(anonymous_4)
FNDA:0,(anonymous_5)
FNDA:0,(anonymous_6)
FNDA:0,(anonymous_7)
DA:16,1
DA:18,1
DA:19,1
DA:20,1
DA:21,1
DA:22,1
DA:23,1
DA:25,0
DA:28,1
DA:29,1
DA:32,1
DA:33,1
DA:37,1
DA:38,1
DA:39,1
DA:40,0
DA:41,0
DA:43,0
DA:45,0
DA:46,0
DA:47,0
DA:52,1
DA:53,0
DA:54,0
DA:57,1
DA:58,0
DA:59,0
DA:60,0
DA:61,0
DA:62,0
LF:30
LH:16
BRDA:21,1,0,1
BRDA:21,1,1,0
BRDA:40,2,0,0
BRDA:40,2,1,0
BRDA:45,3,0,0
BRDA:45,3,1,0
BRF:6
BRH:1
end_of_record
TN:
SF:C:\work\testtest\ui\js\controllers\rule-ctrl.js
FN:16,(anonymous_1)
FN:18,(anonymous_2)
FN:31,(anonymous_3)
FN:40,successCallback
FN:41,(anonymous_5)
FN:55,(anonymous_6)
FN:66,(anonymous_7)
FN:77,(anonymous_8)
FN:98,remove
FN:100,successCallback
FN:110,(anonymous_11)
FN:113,successCallback
FN:125,errorCallback
FN:132,edit
FN:136,(anonymous_15)
FNF:15
FNH:2
FNDA:1,(anonymous_1)
FNDA:2,(anonymous_2)
FNDA:0,(anonymous_3)
FNDA:0,successCallback
FNDA:0,(anonymous_5)
FNDA:0,(anonymous_6)
FNDA:0,(anonymous_7)
FNDA:0,(anonymous_8)
FNDA:0,remove
FNDA:0,successCallback
FNDA:0,(anonymous_11)
FNDA:0,successCallback
FNDA:0,errorCallback
FNDA:0,edit
FNDA:0,(anonymous_15)
DA:16,1
DA:18,1
DA:19,2
DA:21,2
DA:22,2
DA:23,2
DA:25,2
DA:26,2
DA:27,2
DA:28,2
DA:29,2
DA:31,2
DA:32,0
DA:33,0
DA:36,0
DA:37,0
DA:39,0
DA:40,0
DA:41,0
DA:42,0
DA:44,0
DA:45,0
DA:47,0
DA:48,0
DA:51,0
DA:55,2
DA:56,0
DA:57,0
DA:58,0
DA:59,0
DA:61,0
DA:62,0
DA:66,2
DA:67,0
DA:68,0
DA:77,2
DA:78,0
DA:79,0
DA:80,0
DA:81,0
DA:83,0
DA:84,0
DA:85,0
DA:86,0
DA:87,0
DA:90,0
DA:92,0
DA:93,0
DA:98,2
DA:99,0
DA:100,0
DA:101,0
DA:102,0
DA:103,0
DA:106,0
DA:107,0
DA:110,2
DA:111,0
DA:112,0
DA:113,0
DA:114,0
DA:115,0
DA:116,0
DA:117,0
DA:118,0
DA:121,0
DA:123,0
DA:126,0
DA:132,2
DA:136,2
DA:137,0
LF:71
LH:19
BRDA:36,1,0,0
BRDA:36,1,1,0
BRDA:37,2,0,0
BRDA:37,2,1,0
BRDA:39,3,0,0
BRDA:39,3,1,0
BRDA:39,4,0,0
BRDA:39,4,1,0
BRDA:56,5,0,0
BRDA:56,5,1,0
BRDA:56,6,0,0
BRDA:56,6,1,0
BRDA:58,7,0,0
BRDA:58,7,1,0
BRDA:58,8,0,0
BRDA:58,8,1,0
BRDA:68,9,0,0
BRDA:68,9,1,0
BRDA:68,9,2,0
BRDA:68,9,3,0
BRDA:68,9,4,0
BRDA:68,9,5,0
BRDA:68,9,6,0
BRDA:78,10,0,0
BRDA:78,10,1,0
BRDA:80,11,0,0
BRDA:80,11,1,0
BRDA:80,12,0,0
BRDA:80,12,1,0
BRDA:86,13,0,0
BRDA:86,13,1,0
BRDA:114,14,0,0
BRDA:114,14,1,0
BRF:33
BRH:0
end_of_record
TN:
SF:C:\work\testtest\ui\js\controllers\sidebar-ctrl.js
FN:16,(anonymous_1)
FN:18,(anonymous_2)
FN:28,(anonymous_3)
FN:33,pageInit
FN:41,(anonymous_5)
FN:41,(anonymous_6)
FN:45,(anonymous_7)
FN:54,(anonymous_8)
FN:60,(anonymous_9)
FN:64,sideBarList
FN:67,successCallback
FN:69,(anonymous_12)
FN:77,successCallback
FN:79,(anonymous_14)
FN:81,(anonymous_15)
FN:92,(anonymous_16)
FN:107,(anonymous_17)
FN:113,(anonymous_18)
FN:129,(anonymous_19)
FN:136,(anonymous_20)
FN:148,resizeSideChart
FN:152,(anonymous_22)
FN:154,(anonymous_23)
FN:162,resizePieChart
FNF:24
FNH:4
FNDA:1,(anonymous_1)
FNDA:2,(anonymous_2)
FNDA:0,(anonymous_3)
FNDA:2,pageInit
FNDA:0,(anonymous_5)
FNDA:0,(anonymous_6)
FNDA:0,(anonymous_7)
FNDA:0,(anonymous_8)
FNDA:0,(anonymous_9)
FNDA:2,sideBarList
FNDA:0,successCallback
FNDA:0,(anonymous_12)
FNDA:0,successCallback
FNDA:0,(anonymous_14)
FNDA:0,(anonymous_15)
FNDA:0,(anonymous_16)
FNDA:0,(anonymous_17)
FNDA:0,(anonymous_18)
FNDA:0,(anonymous_19)
FNDA:0,(anonymous_20)
FNDA:0,resizeSideChart
FNDA:0,(anonymous_22)
FNDA:0,(anonymous_23)
FNDA:0,resizePieChart
DA:16,1
DA:18,1
DA:20,2
DA:22,2
DA:24,2
DA:25,2
DA:26,2
DA:28,2
DA:29,0
DA:30,0
DA:31,0
DA:33,1
DA:34,2
DA:35,2
DA:36,2
DA:38,2
DA:41,2
DA:42,0
DA:45,2
DA:46,0
DA:47,0
DA:48,0
DA:49,0
DA:50,0
DA:51,0
DA:53,0
DA:54,0
DA:55,0
DA:60,2
DA:61,0
DA:64,1
DA:65,2
DA:67,2
DA:68,0
DA:69,0
DA:70,0
DA:71,0
DA:72,0
DA:73,0
DA:75,0
DA:76,0
DA:77,0
DA:79,0
DA:80,0
DA:81,0
DA:82,0
DA:85,0
DA:86,0
DA:87,0
DA:88,0
DA:89,0
DA:91,0
DA:92,0
DA:93,0
DA:94,0
DA:95,0
DA:99,0
DA:101,0
DA:102,0
DA:103,0
DA:107,0
DA:108,0
DA:109,0
DA:110,0
DA:111,0
DA:112,0
DA:113,0
DA:114,0
DA:115,0
DA:116,0
DA:117,0
DA:118,0
DA:119,0
DA:120,0
DA:123,0
DA:126,0
DA:127,0
DA:129,0
DA:130,0
DA:136,2
DA:137,0
DA:138,0
DA:139,0
DA:141,0
DA:142,0
DA:143,0
DA:144,0
DA:148,1
DA:149,0
DA:152,0
DA:153,0
DA:154,0
DA:155,0
DA:156,0
DA:162,1
DA:163,0
LF:96
LH:22
BRDA:93,1,0,0
BRDA:93,1,1,0
BRDA:102,2,0,0
BRDA:102,2,1,0
BRDA:114,3,0,0
BRDA:114,3,1,0
BRDA:126,4,0,0
BRDA:126,4,1,0
BRDA:138,5,0,0
BRDA:138,5,1,0
BRDA:155,6,0,0
BRDA:155,6,1,0
BRF:12
BRH:0
end_of_record
TN:
SF:C:\work\testtest\ui\js\controllers\viewrule-ctrl.js
FN:16,(anonymous_1)
FN:18,(anonymous_2)
FN:24,pageInit
FN:29,successCallback
FN:45,(anonymous_5)
FN:50,errorCallback
FN:73,(anonymous_7)
FN:78,successCallback
FN:87,(anonymous_9)
FN:93,resizeWindow
FNF:10
FNH:3
FNDA:1,(anonymous_1)
FNDA:2,(anonymous_2)
FNDA:2,pageInit
FNDA:0,successCallback
FNDA:0,(anonymous_5)
FNDA:0,errorCallback
FNDA:0,(anonymous_7)
FNDA:0,successCallback
FNDA:0,(anonymous_9)
FNDA:0,resizeWindow
DA:16,1
DA:18,1
DA:20,2
DA:22,2
DA:24,1
DA:25,2
DA:27,2
DA:28,2
DA:29,2
DA:30,0
DA:31,0
DA:32,0
DA:35,0
DA:36,0
DA:37,0
DA:38,0
DA:39,0
DA:40,0
DA:41,0
DA:42,0
DA:45,0
DA:51,0
DA:54,2
DA:56,2
DA:73,2
DA:74,0
DA:75,0
DA:77,0
DA:78,0
DA:79,0
DA:80,0
DA:87,2
DA:88,0
DA:89,0
DA:93,1
DA:95,0
DA:96,0
DA:97,0
DA:99,0
DA:100,0
DA:102,0
DA:103,0
LF:42
LH:14
BRDA:77,1,0,0
BRDA:77,1,1,0
BRDA:88,2,0,0
BRDA:88,2,1,0
BRDA:102,3,0,0
BRDA:102,3,1,0
BRF:6
BRH:0
end_of_record
TN:
SF:C:\work\testtest\ui\js\filters\strmap.js
FN:16,(anonymous_1)
FN:30,(anonymous_2)
FN:31,(anonymous_3)
FN:45,(anonymous_4)
FN:46,(anonymous_5)
FN:60,(anonymous_6)
FN:61,(anonymous_7)
FNF:7
FNH:5
FNDA:1,(anonymous_1)
FNDA:1,(anonymous_2)
FNDA:2,(anonymous_3)
FNDA:0,(anonymous_4)
FNDA:0,(anonymous_5)
FNDA:27,(anonymous_6)
FNDA:89,(anonymous_7)
DA:16,1
DA:18,1
DA:30,1
DA:31,1
DA:32,2
DA:33,2
DA:34,1
DA:35,1
DA:36,0
DA:37,0
DA:40,2
DA:45,1
DA:46,0
DA:47,0
DA:48,0
DA:49,0
DA:50,0
DA:51,0
DA:52,0
DA:55,0
DA:60,1
DA:61,27
DA:62,89
LF:23
LH:13
BRDA:33,1,0,1
BRDA:33,1,1,1
BRDA:33,2,0,2
BRDA:33,2,1,2
BRDA:33,2,2,2
BRDA:35,3,0,0
BRDA:35,3,1,1
BRDA:36,4,0,0
BRDA:36,4,1,0
BRDA:36,5,0,0
BRDA:36,5,1,0
BRDA:48,6,0,0
BRDA:48,6,1,0
BRDA:48,7,0,0
BRDA:48,7,1,0
BRDA:48,7,2,0
BRDA:50,8,0,0
BRDA:50,8,1,0
BRDA:51,9,0,0
BRDA:51,9,1,0
BRF:20
BRH:6
end_of_record
TN:
SF:C:\work\testtest\ui\js\filters\strshorten.js
FN:16,(anonymous_1)
FN:20,(anonymous_2)
FN:21,(anonymous_3)
FNF:3
FNH:3
FNDA:1,(anonymous_1)
FNDA:1,(anonymous_2)
FNDA:2,(anonymous_3)
DA:16,1
DA:20,1
DA:21,1
DA:22,2
DA:23,2
DA:24,2
DA:25,2
DA:26,2
DA:27,2
DA:29,0
DA:32,2
DA:33,0
DA:34,2
DA:35,0
DA:36,2
DA:37,0
DA:38,2
DA:39,0
DA:41,2
LF:19
LH:14
BRDA:32,1,0,0
BRDA:32,1,1,2
BRDA:32,2,0,2
BRDA:32,2,1,0
BRDA:34,3,0,0
BRDA:34,3,1,2
BRDA:34,4,0,2
BRDA:34,4,1,2
BRDA:36,5,0,0
BRDA:36,5,1,2
BRDA:36,6,0,2
BRDA:36,6,1,2
BRDA:38,7,0,0
BRDA:38,7,1,2
BRDA:38,8,0,2
BRDA:38,8,1,2
BRF:16
BRH:11
end_of_record
TN:
SF:C:\work\testtest\ui\js\routes.js
FN:16,(anonymous_1)
FN:19,(anonymous_2)
FN:139,(anonymous_3)
FN:143,(anonymous_4)
FN:147,(anonymous_5)
FN:164,(anonymous_6)
FN:166,(anonymous_7)
FN:179,(anonymous_8)
FN:182,(anonymous_9)
FN:217,isSpinnerRequired
FNF:10
FNH:1
FNDA:1,(anonymous_1)
FNDA:0,(anonymous_2)
FNDA:0,(anonymous_3)
FNDA:0,(anonymous_4)
FNDA:0,(anonymous_5)
FNDA:0,(anonymous_6)
FNDA:0,(anonymous_7)
FNDA:0,(anonymous_8)
FNDA:0,(anonymous_9)
FNDA:0,isSpinnerRequired
DA:16,1
DA:19,1
DA:21,0
DA:25,0
DA:30,0
DA:35,0
DA:40,0
DA:45,0
DA:50,0
DA:55,0
DA:60,0
DA:65,0
DA:70,0
DA:75,0
DA:80,0
DA:85,0
DA:90,0
DA:95,0
DA:100,0
DA:105,0
DA:110,0
DA:115,0
DA:120,0
DA:125,0
DA:139,0
DA:140,0
DA:142,0
DA:144,0
DA:147,0
DA:148,0
DA:149,0
DA:151,0
DA:152,0
DA:153,0
DA:155,0
DA:158,0
DA:162,0
DA:165,0
DA:166,0
DA:167,0
DA:168,0
DA:170,0
DA:171,0
DA:173,0
DA:176,0
DA:181,0
DA:182,0
DA:183,0
DA:184,0
DA:186,0
DA:187,0
DA:189,0
DA:194,0
DA:195,0
DA:196,0
DA:197,0
DA:198,0
DA:199,0
DA:207,0
DA:217,1
DA:218,0
DA:230,0
DA:231,0
DA:232,0
DA:233,0
DA:236,0
LF:66
LH:3
BRDA:144,1,0,0
BRDA:144,1,1,0
BRDA:148,2,0,0
BRDA:148,2,1,0
BRDA:151,3,0,0
BRDA:151,3,1,0
BRDA:162,4,0,0
BRDA:162,4,1,0
BRDA:165,5,0,0
BRDA:165,5,1,0
BRDA:167,6,0,0
BRDA:167,6,1,0
BRDA:176,7,0,0
BRDA:176,7,1,0
BRDA:181,8,0,0
BRDA:181,8,1,0
BRDA:183,9,0,0
BRDA:183,9,1,0
BRDA:194,10,0,0
BRDA:194,10,1,0
BRDA:198,11,0,0
BRDA:198,11,1,0
BRDA:198,12,0,0
BRDA:198,12,1,0
BRDA:232,13,0,0
BRDA:232,13,1,0
BRF:26
BRH:0
end_of_record
TN:
SF:C:\work\testtest\ui\js\services\services.js
FN:16,(anonymous_1)
FN:21,(anonymous_2)
FNF:2
FNH:2
FNDA:1,(anonymous_1)
FNDA:46,(anonymous_2)
DA:16,1
DA:19,1
DA:21,1
DA:26,46
DA:27,46
DA:31,46
DA:33,46
DA:104,46
LF:8
LH:8
BRF:0
BRH:0
end_of_record
TN:
SF:C:\work\testtest\ui\js\controllers\module.js
FN:16,(anonymous_1)
FNF:1
FNH:1
FNDA:1,(anonymous_1)
DA:16,1
DA:18,1
LF:2
LH:2
BRF:0
BRH:0
end_of_record
TN:
SF:C:\work\testtest\ui\js\services\module.js
FN:16,(anonymous_1)
FNF:1
FNH:1
FNDA:1,(anonymous_1)
DA:16,1
DA:18,1
LF:2
LH:2
BRF:0
BRH:0
end_of_record
TN:
SF:C:\work\testtest\ui\js\filters\module.js
FN:16,(anonymous_1)
FN:19,(anonymous_2)
FNF:2
FNH:2
FNDA:1,(anonymous_1)
FNDA:47,(anonymous_2)
DA:16,1
DA:18,1
LF:2
LH:2
BRF:0
BRH:0
end_of_record
TN:
SF:C:\work\testtest\ui\js\app.js
FN:32,(anonymous_1)
FNF:1
FNH:1
FNDA:1,(anonymous_1)
DA:16,1
DA:35,1
LF:2
LH:2
BRF:0
BRH:0
end_of_record
TN:
SF:C:\work\testtest\ui\js\controllers\health-ctrl.js
FN:16,(anonymous_1)
FN:18,(anonymous_2)
FN:30,pageInit
FN:38,successCallback
FN:40,(anonymous_5)
FN:47,successCallback
FN:49,(anonymous_7)
FN:51,(anonymous_8)
FN:63,(anonymous_9)
FN:77,(anonymous_10)
FN:83,(anonymous_11)
FN:105,renderTreeMap
FN:106,parseData
FN:110,(anonymous_14)
FN:119,(anonymous_15)
FN:155,getLevelOption
FN:188,(anonymous_17)
FN:226,(anonymous_18)
FN:243,(anonymous_19)
FN:251,resizeTreeMap
FNF:20
FNH:16
FNDA:1,(anonymous_1)
FNDA:3,(anonymous_2)
FNDA:3,pageInit
FNDA:1,successCallback
FNDA:1,(anonymous_5)
FNDA:1,successCallback
FNDA:2,(anonymous_7)
FNDA:0,(anonymous_8)
FNDA:2,(anonymous_9)
FNDA:1,(anonymous_10)
FNDA:2,(anonymous_11)
FNDA:1,renderTreeMap
FNDA:1,parseData
FNDA:1,(anonymous_14)
FNDA:1,(anonymous_15)
FNDA:1,getLevelOption
FNDA:0,(anonymous_17)
FNDA:0,(anonymous_18)
FNDA:0,(anonymous_19)
FNDA:1,resizeTreeMap
DA:16,1
DA:18,1
DA:19,3
DA:22,3
DA:23,3
DA:25,3
DA:27,3
DA:28,3
DA:29,3
DA:30,1
DA:31,3
DA:34,3
DA:36,3
DA:38,3
DA:39,1
DA:40,1
DA:41,1
DA:42,1
DA:43,1
DA:44,1
DA:46,1
DA:47,1
DA:49,1
DA:50,2
DA:51,2
DA:52,0
DA:55,1
DA:57,1
DA:58,1
DA:59,1
DA:60,2
DA:62,1
DA:63,1
DA:64,2
DA:65,2
DA:66,2
DA:70,1
DA:71,2
DA:72,4
DA:73,2
DA:77,1
DA:78,1
DA:79,1
DA:80,1
DA:81,1
DA:82,1
DA:83,1
DA:84,2
DA:85,1
DA:86,1
DA:87,1
DA:88,1
DA:89,1
DA:90,1
DA:93,1
DA:95,1
DA:96,1
DA:105,1
DA:106,1
DA:107,1
DA:108,1
DA:109,1
DA:110,1
DA:111,1
DA:113,1
DA:114,1
DA:115,1
DA:117,1
DA:118,1
DA:119,1
DA:120,1
DA:135,1
DA:136,0
DA:138,1
DA:140,1
DA:141,1
DA:145,1
DA:147,1
DA:149,1
DA:152,1
DA:153,1
DA:155,1
DA:156,1
DA:178,1
DA:189,0
DA:190,0
DA:221,1
DA:222,1
DA:223,0
DA:224,0
DA:226,0
DA:233,0
DA:235,0
DA:243,3
DA:244,0
DA:245,0
DA:246,0
DA:247,0
DA:251,1
DA:252,1
LF:100
LH:87
BRDA:64,1,0,2
BRDA:64,1,1,0
BRDA:72,2,0,2
BRDA:72,2,1,2
BRDA:84,3,0,1
BRDA:84,3,1,1
BRDA:117,4,0,1
BRDA:117,4,1,0
BRDA:135,5,0,0
BRDA:135,5,1,1
BRDA:189,6,0,0
BRDA:189,6,1,0
BRDA:222,7,0,0
BRDA:222,7,1,1
BRDA:233,8,0,0
BRDA:233,8,1,0
BRDA:244,9,0,0
BRDA:244,9,1,0
BRF:18
BRH:8
end_of_record
TN:
SF:C:\work\testtest\ui\js\controllers\index.js
FN:42,(anonymous_1)
FNF:1
FNH:1
FNDA:1,(anonymous_1)
DA:17,1
LF:1
LH:1
BRF:0
BRH:0
end_of_record
TN:
SF:C:\work\testtest\ui\js\directives\index.js
FN:16,(anonymous_1)
FNF:1
FNH:1
FNDA:1,(anonymous_1)
DA:16,1
LF:1
LH:1
BRF:0
BRH:0
end_of_record
TN:
SF:C:\work\testtest\ui\js\filters\index.js
FN:16,(anonymous_1)
FNF:1
FNH:1
FNDA:1,(anonymous_1)
DA:16,1
LF:1
LH:1
BRF:0
BRH:0
end_of_record
TN:
SF:C:\work\testtest\ui\js\services\index.js
FN:16,(anonymous_1)
FNF:1
FNH:1
FNDA:1,(anonymous_1)
DA:16,1
LF:1
LH:1
BRF:0
BRH:0
end_of_record
TN:
SF:C:\work\testtest\ui\js\controllers\createrule-an-ctrl.js
FN:16,(anonymous_1)
FN:18,(anonymous_2)
FN:25,successCallback
FN:29,(anonymous_4)
FN:37,(anonymous_5)
FN:48,(anonymous_6)
FN:51,(anonymous_7)
FN:71,(anonymous_8)
FN:79,successCallback
FN:88,(anonymous_10)
FN:93,(anonymous_11)
FN:101,resizeWindow
FN:139,(anonymous_13)
FN:163,(anonymous_14)
FN:167,(anonymous_15)
FN:184,(anonymous_16)
FN:220,(anonymous_17)
FN:226,successCallback
FN:230,(anonymous_19)
FN:245,errorCallback
FN:254,(anonymous_21)
FN:256,(anonymous_22)
FN:261,(anonymous_23)
FN:263,(anonymous_24)
FN:268,(anonymous_25)
FN:270,(anonymous_26)
FN:277,(anonymous_27)
FN:294,(anonymous_28)
FNF:28
FNH:1
FNDA:1,(anonymous_1)
FNDA:0,(anonymous_2)
FNDA:0,successCallback
FNDA:0,(anonymous_4)
FNDA:0,(anonymous_5)
FNDA:0,(anonymous_6)
FNDA:0,(anonymous_7)
FNDA:0,(anonymous_8)
FNDA:0,successCallback
FNDA:0,(anonymous_10)
FNDA:0,(anonymous_11)
FNDA:0,resizeWindow
FNDA:0,(anonymous_13)
FNDA:0,(anonymous_14)
FNDA:0,(anonymous_15)
FNDA:0,(anonymous_16)
FNDA:0,(anonymous_17)
FNDA:0,successCallback
FNDA:0,(anonymous_19)
FNDA:0,errorCallback
FNDA:0,(anonymous_21)
FNDA:0,(anonymous_22)
FNDA:0,(anonymous_23)
FNDA:0,(anonymous_24)
FNDA:0,(anonymous_25)
FNDA:0,(anonymous_26)
FNDA:0,(anonymous_27)
FNDA:0,(anonymous_28)
DA:16,1
DA:18,1
DA:19,0
DA:20,0
DA:22,0
DA:23,0
DA:25,0
DA:26,0
DA:27,0
DA:28,0
DA:29,0
DA:30,0
DA:35,0
DA:36,0
DA:37,0
DA:38,0
DA:43,0
DA:44,0
DA:47,0
DA:48,0
DA:49,0
DA:51,0
DA:52,0
DA:57,0
DA:58,0
DA:66,0
DA:71,0
DA:73,0
DA:75,0
DA:76,0
DA:79,0
DA:80,0
DA:88,0
DA:89,0
DA:90,0
DA:93,0
DA:94,0
DA:95,0
DA:96,0
DA:101,1
DA:102,0
DA:103,0
DA:106,0
DA:107,0
DA:111,0
DA:117,0
DA:118,0
DA:119,0
DA:120,0
DA:137,0
DA:141,0
DA:143,0
DA:145,0
DA:147,0
DA:148,0
DA:149,0
DA:150,0
DA:153,0
DA:154,0
DA:160,0
DA:165,0
DA:168,0
DA:170,0
DA:173,0
DA:175,0
DA:176,0
DA:180,0
DA:185,0
DA:186,0
DA:188,0
DA:189,0
DA:190,0
DA:191,0
DA:194,0
DA:195,0
DA:199,0
DA:200,0
DA:202,0
DA:203,0
DA:212,0
DA:213,0
DA:216,0
DA:223,0
DA:225,0
DA:226,0
DA:229,0
DA:230,0
DA:231,0
DA:232,0
DA:233,0
DA:235,0
DA:246,0
DA:254,0
DA:255,0
DA:256,0
DA:257,0
DA:261,0
DA:262,0
DA:263,0
DA:264,0
DA:268,0
DA:269,0
DA:270,0
DA:271,0
DA:277,0
DA:279,0
DA:280,0
DA:282,0
DA:283,0
DA:284,0
DA:285,0
DA:286,0
DA:287,0
DA:291,0
DA:294,0
DA:295,0
DA:296,0
DA:297,0
DA:299,0
LF:119
LH:3
BRDA:28,1,0,0
BRDA:28,1,1,0
BRDA:28,2,0,0
BRDA:28,2,1,0
BRDA:36,3,0,0
BRDA:36,3,1,0
BRDA:36,4,0,0
BRDA:36,4,1,0
BRDA:47,5,0,0
BRDA:47,5,1,0
BRDA:47,6,0,0
BRDA:47,6,1,0
BRDA:49,7,0,0
BRDA:49,7,1,0
BRDA:49,8,0,0
BRDA:49,8,1,0
BRDA:73,9,0,0
BRDA:73,9,1,0
BRDA:73,10,0,0
BRDA:73,10,1,0
BRDA:94,11,0,0
BRDA:94,11,1,0
BRDA:141,12,0,0
BRDA:141,12,1,0
BRDA:148,13,0,0
BRDA:148,13,1,0
BRDA:149,14,0,0
BRDA:149,14,1,0
BRDA:149,15,0,0
BRDA:149,15,1,0
BRDA:153,16,0,0
BRDA:153,16,1,0
BRDA:168,17,0,0
BRDA:168,17,1,0
BRDA:173,18,0,0
BRDA:173,18,1,0
BRDA:175,19,0,0
BRDA:175,19,1,0
BRDA:185,20,0,0
BRDA:185,20,1,0
BRDA:189,21,0,0
BRDA:189,21,1,0
BRDA:190,22,0,0
BRDA:190,22,1,0
BRDA:190,23,0,0
BRDA:190,23,1,0
BRDA:194,24,0,0
BRDA:194,24,1,0
BRDA:279,25,0,0
BRDA:279,25,1,0
BRDA:282,26,0,0
BRDA:282,26,1,0
BRDA:283,27,0,0
BRDA:283,27,1,0
BRDA:284,28,0,0
BRDA:284,28,1,0
BRDA:286,29,0,0
BRDA:286,29,1,0
BRDA:296,30,0,0
BRDA:296,30,1,0
BRF:60
BRH:0
end_of_record
TN:
SF:C:\work\testtest\ui\js\controllers\dataassets-ctrl.js
FN:16,(anonymous_1)
FN:18,(anonymous_2)
FN:26,(anonymous_3)
FN:34,successCallback
FN:41,(anonymous_5)
FN:42,(anonymous_6)
FN:61,(anonymous_7)
FN:72,(anonymous_8)
FN:82,(anonymous_9)
FN:102,(anonymous_10)
FN:108,(anonymous_11)
FN:109,successCallback
FN:121,errorCallback
FN:128,(anonymous_14)
FNF:14
FNH:1
FNDA:1,(anonymous_1)
FNDA:0,(anonymous_2)
FNDA:0,(anonymous_3)
FNDA:0,successCallback
FNDA:0,(anonymous_5)
FNDA:0,(anonymous_6)
FNDA:0,(anonymous_7)
FNDA:0,(anonymous_8)
FNDA:0,(anonymous_9)
FNDA:0,(anonymous_10)
FNDA:0,(anonymous_11)
FNDA:0,successCallback
FNDA:0,errorCallback
FNDA:0,(anonymous_14)
DA:16,1
DA:18,1
DA:20,0
DA:21,0
DA:22,0
DA:23,0
DA:24,0
DA:26,0
DA:27,0
DA:28,0
DA:30,0
DA:31,0
DA:33,0
DA:34,0
DA:35,0
DA:40,0
DA:41,0
DA:42,0
DA:43,0
DA:48,0
DA:53,0
DA:54,0
DA:57,0
DA:61,0
DA:62,0
DA:63,0
DA:64,0
DA:65,0
DA:67,0
DA:68,0
DA:72,0
DA:73,0
DA:74,0
DA:82,0
DA:83,0
DA:84,0
DA:85,0
DA:86,0
DA:88,0
DA:89,0
DA:90,0
DA:91,0
DA:92,0
DA:95,0
DA:97,0
DA:98,0
DA:102,0
DA:103,0
DA:104,0
DA:108,0
DA:109,0
DA:111,0
DA:112,0
DA:113,0
DA:115,0
DA:116,0
DA:122,0
DA:128,0
DA:129,0
LF:59
LH:2
BRDA:30,1,0,0
BRDA:30,1,1,0
BRDA:31,2,0,0
BRDA:31,2,1,0
BRDA:33,3,0,0
BRDA:33,3,1,0
BRDA:33,4,0,0
BRDA:33,4,1,0
BRDA:35,5,0,0
BRDA:35,5,1,0
BRDA:62,6,0,0
BRDA:62,6,1,0
BRDA:62,7,0,0
BRDA:62,7,1,0
BRDA:64,8,0,0
BRDA:64,8,1,0
BRDA:64,9,0,0
BRDA:64,9,1,0
BRDA:74,10,0,0
BRDA:74,10,1,0
BRDA:74,10,2,0
BRDA:74,10,3,0
BRDA:74,10,4,0
BRDA:74,10,5,0
BRDA:83,11,0,0
BRDA:83,11,1,0
BRDA:85,12,0,0
BRDA:85,12,1,0
BRDA:85,13,0,0
BRDA:85,13,1,0
BRDA:91,14,0,0
BRDA:91,14,1,0
BRF:32
BRH:0
end_of_record
TN:
SF:C:\work\testtest\ui\js\controllers\createdataasset-ctrl.js
FN:16,(anonymous_1)
FN:18,(anonymous_2)
FN:33,successCallback
FN:48,(anonymous_4)
FN:54,(anonymous_5)
FN:63,(anonymous_6)
FN:70,(anonymous_7)
FN:74,(anonymous_8)
FN:78,(anonymous_9)
FN:83,(anonymous_10)
FN:89,resizeWindow
FN:110,(anonymous_12)
FN:141,(anonymous_13)
FN:155,successCallback
FN:156,(anonymous_15)
FN:164,errorCallback
FN:171,(anonymous_17)
FNF:17
FNH:1
FNDA:1,(anonymous_1)
FNDA:0,(anonymous_2)
FNDA:0,successCallback
FNDA:0,(anonymous_4)
FNDA:0,(anonymous_5)
FNDA:0,(anonymous_6)
FNDA:0,(anonymous_7)
FNDA:0,(anonymous_8)
FNDA:0,(anonymous_9)
FNDA:0,(anonymous_10)
FNDA:0,resizeWindow
FNDA:0,(anonymous_12)
FNDA:0,(anonymous_13)
FNDA:0,successCallback
FNDA:0,(anonymous_15)
FNDA:0,errorCallback
FNDA:0,(anonymous_17)
DA:16,1
DA:18,1
DA:19,0
DA:24,0
DA:26,0
DA:28,0
DA:32,0
DA:33,0
DA:34,0
DA:38,0
DA:48,0
DA:49,0
DA:50,0
DA:54,0
DA:55,0
DA:63,0
DA:64,0
DA:70,0
DA:71,0
DA:74,0
DA:75,0
DA:78,0
DA:79,0
DA:80,0
DA:83,0
DA:84,0
DA:85,0
DA:89,1
DA:90,0
DA:91,0
DA:92,0
DA:99,0
DA:111,0
DA:112,0
DA:114,0
DA:115,0
DA:116,0
DA:117,0
DA:120,0
DA:121,0
DA:125,0
DA:126,0
DA:128,0
DA:129,0
DA:132,0
DA:137,0
DA:144,0
DA:155,0
DA:156,0
DA:157,0
DA:158,0
DA:159,0
DA:162,0
DA:165,0
DA:171,0
DA:172,0
DA:173,0
DA:174,0
DA:176,0
LF:59
LH:3
BRDA:49,1,0,0
BRDA:49,1,1,0
BRDA:84,2,0,0
BRDA:84,2,1,0
BRDA:111,3,0,0
BRDA:111,3,1,0
BRDA:115,4,0,0
BRDA:115,4,1,0
BRDA:116,5,0,0
BRDA:116,5,1,0
BRDA:116,6,0,0
BRDA:116,6,1,0
BRDA:120,7,0,0
BRDA:120,7,1,0
BRDA:132,8,0,0
BRDA:132,8,1,0
BRDA:148,9,0,0
BRDA:148,9,1,0
BRDA:173,10,0,0
BRDA:173,10,1,0
BRF:20
BRH:0
end_of_record
TN:
SF:C:\work\testtest\ui\js\controllers\editdataasset-ctrl.js
FN:16,(anonymous_1)
FN:18,(anonymous_2)
FN:31,(anonymous_3)
FN:37,(anonymous_4)
FN:43,resizeWindow
FN:59,(anonymous_6)
FN:60,successCallback
FN:84,(anonymous_8)
FN:101,(anonymous_9)
FN:107,(anonymous_10)
FN:116,(anonymous_11)
FN:123,(anonymous_12)
FN:127,(anonymous_13)
FN:142,(anonymous_14)
FN:172,(anonymous_15)
FN:173,(anonymous_16)
FN:191,successCallback
FN:205,(anonymous_18)
FNF:18
FNH:1
FNDA:1,(anonymous_1)
FNDA:0,(anonymous_2)
FNDA:0,(anonymous_3)
FNDA:0,(anonymous_4)
FNDA:0,resizeWindow
FNDA:0,(anonymous_6)
FNDA:0,successCallback
FNDA:0,(anonymous_8)
FNDA:0,(anonymous_9)
FNDA:0,(anonymous_10)
FNDA:0,(anonymous_11)
FNDA:0,(anonymous_12)
FNDA:0,(anonymous_13)
FNDA:0,(anonymous_14)
FNDA:0,(anonymous_15)
FNDA:0,(anonymous_16)
FNDA:0,successCallback
FNDA:0,(anonymous_18)
DA:16,1
DA:18,1
DA:19,0
DA:20,0
DA:21,0
DA:22,0
DA:26,0
DA:27,0
DA:29,0
DA:31,0
DA:32,0
DA:33,0
DA:37,0
DA:38,0
DA:39,0
DA:43,1
DA:44,0
DA:45,0
DA:46,0
DA:58,0
DA:59,0
DA:60,0
DA:61,0
DA:62,0
DA:63,0
DA:64,0
DA:65,0
DA:67,0
DA:68,0
DA:69,0
DA:73,0
DA:84,0
DA:85,0
DA:86,0
DA:87,0
DA:90,0
DA:101,0
DA:102,0
DA:103,0
DA:107,0
DA:108,0
DA:116,0
DA:117,0
DA:123,0
DA:124,0
DA:127,0
DA:128,0
DA:132,0
DA:143,0
DA:144,0
DA:146,0
DA:147,0
DA:148,0
DA:149,0
DA:152,0
DA:153,0
DA:157,0
DA:158,0
DA:160,0
DA:161,0
DA:168,0
DA:173,0
DA:174,0
DA:175,0
DA:176,0
DA:179,0
DA:180,0
DA:191,0
DA:192,0
DA:194,0
DA:198,0
DA:205,0
DA:206,0
DA:207,0
DA:208,0
DA:210,0
LF:76
LH:3
BRDA:38,1,0,0
BRDA:38,1,1,0
BRDA:86,2,0,0
BRDA:86,2,1,0
BRDA:102,3,0,0
BRDA:102,3,1,0
BRDA:143,4,0,0
BRDA:143,4,1,0
BRDA:147,5,0,0
BRDA:147,5,1,0
BRDA:148,6,0,0
BRDA:148,6,1,0
BRDA:148,7,0,0
BRDA:148,7,1,0
BRDA:152,8,0,0
BRDA:152,8,1,0
BRDA:192,9,0,0
BRDA:192,9,1,0
BRDA:207,10,0,0
BRDA:207,10,1,0
BRF:20
BRH:0
end_of_record
TN:
SF:C:\work\testtest\ui\js\controllers\footer-ctrl.js
FN:16,(anonymous_1)
FN:18,(anonymous_2)
FN:48,retrieveNotifications
FNF:3
FNH:1
FNDA:1,(anonymous_1)
FNDA:0,(anonymous_2)
FNDA:0,retrieveNotifications
DA:16,1
DA:18,1
DA:19,0
DA:20,0
DA:22,0
DA:23,0
DA:24,0
DA:48,1
DA:49,0
LF:9
LH:3
BRF:0
BRH:0
end_of_record
TN:
SF:C:\work\testtest\ui\js\controllers\mydashboard-ctrl.js
FN:16,(anonymous_1)
FN:18,(anonymous_2)
FN:24,pageInit
FN:28,(anonymous_4)
FN:30,(anonymous_5)
FN:31,(anonymous_6)
FN:33,(anonymous_7)
FN:40,(anonymous_8)
FN:47,(anonymous_9)
FN:51,(anonymous_10)
FN:53,(anonymous_11)
FN:63,(anonymous_12)
FN:71,(anonymous_13)
FN:74,(anonymous_14)
FN:80,(anonymous_15)
FNF:15
FNH:1
FNDA:1,(anonymous_1)
FNDA:0,(anonymous_2)
FNDA:0,pageInit
FNDA:0,(anonymous_4)
FNDA:0,(anonymous_5)
FNDA:0,(anonymous_6)
FNDA:0,(anonymous_7)
FNDA:0,(anonymous_8)
FNDA:0,(anonymous_9)
FNDA:0,(anonymous_10)
FNDA:0,(anonymous_11)
FNDA:0,(anonymous_12)
FNDA:0,(anonymous_13)
FNDA:0,(anonymous_14)
FNDA:0,(anonymous_15)
DA:16,1
DA:18,1
DA:20,0
DA:22,0
DA:24,1
DA:25,0
DA:27,0
DA:28,0
DA:29,0
DA:30,0
DA:31,0
DA:32,0
DA:33,0
DA:34,0
DA:39,0
DA:40,0
DA:41,0
DA:47,0
DA:49,0
DA:51,0
DA:52,0
DA:53,0
DA:54,0
DA:55,0
DA:57,0
DA:58,0
DA:63,0
DA:64,0
DA:65,0
DA:66,0
DA:71,0
DA:72,0
DA:74,0
DA:75,0
DA:80,0
DA:81,0
LF:36
LH:3
BRDA:64,1,0,0
BRDA:64,1,1,0
BRF:2
BRH:0
end_of_record
TN:
SF:C:\work\testtest\ui\js\controllers\subscribemodel-ctrl.js
FN:16,(anonymous_1)
FN:18,(anonymous_2)
FN:27,(anonymous_3)
FN:30,(anonymous_4)
FN:39,(anonymous_5)
FN:51,(anonymous_6)
FN:54,(anonymous_7)
FN:73,(anonymous_8)
FN:86,(anonymous_9)
FN:90,(anonymous_10)
FN:99,(anonymous_11)
FN:108,(anonymous_12)
FN:111,(anonymous_13)
FN:177,(anonymous_14)
FN:182,(anonymous_15)
FN:188,resizeWindow
FN:201,(anonymous_17)
FN:213,(anonymous_18)
FN:215,(anonymous_19)
FN:219,(anonymous_20)
FN:221,(anonymous_21)
FN:222,(anonymous_22)
FN:228,(anonymous_23)
FN:234,(anonymous_24)
FN:254,(anonymous_25)
FN:256,(anonymous_26)
FN:272,(anonymous_27)
FN:278,(anonymous_28)
FN:279,(anonymous_29)
FN:280,(anonymous_30)
FN:289,(anonymous_31)
FN:292,(anonymous_32)
FN:293,(anonymous_33)
FN:294,(anonymous_34)
FN:303,(anonymous_35)
FN:346,(anonymous_36)
FN:359,checkSiblings
FN:364,(anonymous_38)
FNF:38
FNH:1
FNDA:1,(anonymous_1)
FNDA:0,(anonymous_2)
FNDA:0,(anonymous_3)
FNDA:0,(anonymous_4)
FNDA:0,(anonymous_5)
FNDA:0,(anonymous_6)
FNDA:0,(anonymous_7)
FNDA:0,(anonymous_8)
FNDA:0,(anonymous_9)
FNDA:0,(anonymous_10)
FNDA:0,(anonymous_11)
FNDA:0,(anonymous_12)
FNDA:0,(anonymous_13)
FNDA:0,(anonymous_14)
FNDA:0,(anonymous_15)
FNDA:0,resizeWindow
FNDA:0,(anonymous_17)
FNDA:0,(anonymous_18)
FNDA:0,(anonymous_19)
FNDA:0,(anonymous_20)
FNDA:0,(anonymous_21)
FNDA:0,(anonymous_22)
FNDA:0,(anonymous_23)
FNDA:0,(anonymous_24)
FNDA:0,(anonymous_25)
FNDA:0,(anonymous_26)
FNDA:0,(anonymous_27)
FNDA:0,(anonymous_28)
FNDA:0,(anonymous_29)
FNDA:0,(anonymous_30)
FNDA:0,(anonymous_31)
FNDA:0,(anonymous_32)
FNDA:0,(anonymous_33)
FNDA:0,(anonymous_34)
FNDA:0,(anonymous_35)
FNDA:0,(anonymous_36)
FNDA:0,checkSiblings
FNDA:0,(anonymous_38)
DA:16,1
DA:18,1
DA:19,0
DA:20,0
DA:21,0
DA:22,0
DA:24,0
DA:25,0
DA:27,0
DA:28,0
DA:29,0
DA:30,0
DA:31,0
DA:37,0
DA:38,0
DA:39,0
DA:40,0
DA:46,0
DA:47,0
DA:50,0
DA:51,0
DA:52,0
DA:54,0
DA:55,0
DA:61,0
DA:62,0
DA:70,0
DA:71,0
DA:73,0
DA:74,0
DA:76,0
DA:86,0
DA:87,0
DA:90,0
DA:91,0
DA:92,0
DA:93,0
DA:96,0
DA:99,0
DA:100,0
DA:101,0
DA:102,0
DA:105,0
DA:108,0
DA:109,0
DA:110,0
DA:111,0
DA:112,0
DA:113,0
DA:114,0
DA:115,0
DA:116,0
DA:117,0
DA:118,0
DA:119,0
DA:128,0
DA:130,0
DA:131,0
DA:132,0
DA:137,0
DA:139,0
DA:142,0
DA:143,0
DA:144,0
DA:145,0
DA:146,0
DA:147,0
DA:148,0
DA:158,0
DA:160,0
DA:161,0
DA:162,0
DA:167,0
DA:169,0
DA:174,0
DA:177,0
DA:178,0
DA:179,0
DA:182,0
DA:183,0
DA:184,0
DA:188,1
DA:189,0
DA:190,0
DA:191,0
DA:192,0
DA:193,0
DA:194,0
DA:200,0
DA:202,0
DA:203,0
DA:204,0
DA:210,0
DA:212,0
DA:213,0
DA:214,0
DA:216,0
DA:220,0
DA:221,0
DA:222,0
DA:223,0
DA:224,0
DA:225,0
DA:227,0
DA:229,0
DA:234,0
DA:235,0
DA:236,0
DA:237,0
DA:238,0
DA:239,0
DA:240,0
DA:241,0
DA:242,0
DA:243,0
DA:244,0
DA:251,0
DA:254,0
DA:255,0
DA:256,0
DA:257,0
DA:259,0
DA:266,0
DA:269,0
DA:272,0
DA:273,0
DA:274,0
DA:276,0
DA:277,0
DA:278,0
DA:279,0
DA:280,0
DA:281,0
DA:282,0
DA:289,0
DA:290,0
DA:291,0
DA:292,0
DA:293,0
DA:294,0
DA:295,0
DA:296,0
DA:303,0
DA:304,0
DA:305,0
DA:307,0
DA:308,0
DA:309,0
DA:310,0
DA:311,0
DA:312,0
DA:313,0
DA:314,0
DA:315,0
DA:320,0
DA:321,0
DA:322,0
DA:323,0
DA:324,0
DA:325,0
DA:326,0
DA:327,0
DA:328,0
DA:329,0
DA:330,0
DA:339,0
DA:346,0
DA:349,0
DA:353,0
DA:359,1
DA:361,0
DA:364,0
DA:365,0
DA:368,0
DA:370,0
DA:375,0
DA:377,0
DA:379,0
DA:380,0
DA:381,0
DA:385,0
DA:394,0
DA:396,0
LF:183
LH:4
BRDA:29,1,0,0
BRDA:29,1,1,0
BRDA:29,2,0,0
BRDA:29,2,1,0
BRDA:38,3,0,0
BRDA:38,3,1,0
BRDA:38,4,0,0
BRDA:38,4,1,0
BRDA:50,5,0,0
BRDA:50,5,1,0
BRDA:50,6,0,0
BRDA:50,6,1,0
BRDA:52,7,0,0
BRDA:52,7,1,0
BRDA:52,8,0,0
BRDA:52,8,1,0
BRDA:92,9,0,0
BRDA:92,9,1,0
BRDA:101,10,0,0
BRDA:101,10,1,0
BRDA:114,11,0,0
BRDA:114,11,1,0
BRDA:118,12,0,0
BRDA:118,12,1,0
BRDA:131,13,0,0
BRDA:131,13,1,0
BRDA:142,14,0,0
BRDA:142,14,1,0
BRDA:147,15,0,0
BRDA:147,15,1,0
BRDA:161,16,0,0
BRDA:161,16,1,0
BRDA:183,17,0,0
BRDA:183,17,1,0
BRDA:203,18,0,0
BRDA:203,18,1,0
BRDA:237,19,0,0
BRDA:237,19,1,0
BRDA:240,20,0,0
BRDA:240,20,1,0
BRDA:243,21,0,0
BRDA:243,21,1,0
BRDA:257,22,0,0
BRDA:257,22,1,0
BRDA:257,23,0,0
BRDA:257,23,1,0
BRDA:273,24,0,0
BRDA:273,24,1,0
BRDA:273,25,0,0
BRDA:273,25,1,0
BRDA:273,25,2,0
BRDA:304,26,0,0
BRDA:304,26,1,0
BRDA:304,27,0,0
BRDA:304,27,1,0
BRDA:304,27,2,0
BRDA:308,28,0,0
BRDA:308,28,1,0
BRDA:311,29,0,0
BRDA:311,29,1,0
BRDA:314,30,0,0
BRDA:314,30,1,0
BRDA:314,31,0,0
BRDA:314,31,1,0
BRDA:320,32,0,0
BRDA:320,32,1,0
BRDA:323,33,0,0
BRDA:323,33,1,0
BRDA:326,34,0,0
BRDA:326,34,1,0
BRDA:329,35,0,0
BRDA:329,35,1,0
BRDA:368,36,0,0
BRDA:368,36,1,0
BRDA:368,37,0,0
BRDA:368,37,1,0
BRDA:377,38,0,0
BRDA:377,38,1,0
BRDA:377,39,0,0
BRDA:377,39,1,0
BRF:80
BRH:0
end_of_record
TN:
SF:C:\work\testtest\ui\js\controllers\bigChart-ctrl.js
FN:15,(anonymous_1)
FN:17,(anonymous_2)
FN:23,pageInit
FN:29,resizeBigChart
FN:34,(anonymous_5)
FN:42,(anonymous_6)
FN:46,(anonymous_7)
FN:60,(anonymous_8)
FNF:8
FNH:1
FNDA:1,(anonymous_1)
FNDA:0,(anonymous_2)
FNDA:0,pageInit
FNDA:0,resizeBigChart
FNDA:0,(anonymous_5)
FNDA:0,(anonymous_6)
FNDA:0,(anonymous_7)
FNDA:0,(anonymous_8)
DA:15,1
DA:17,1
DA:19,0
DA:21,0
DA:23,1
DA:24,0
DA:26,0
DA:29,1
DA:30,0
DA:31,0
DA:34,0
DA:35,0
DA:38,0
DA:42,0
DA:43,0
DA:46,0
DA:47,0
DA:48,0
DA:49,0
DA:59,0
DA:60,0
DA:61,0
DA:62,0
DA:64,0
DA:65,0
LF:25
LH:4
BRDA:59,1,0,0
BRDA:59,1,1,0
BRF:2
BRH:0
end_of_record
TN:
SF:C:\work\testtest\ui\js\controllers\main-ctrl.js
FN:16,(anonymous_1)
FN:18,(anonymous_2)
FN:20,(anonymous_3)
FN:24,(anonymous_4)
FN:32,(anonymous_5)
FNF:5
FNH:1
FNDA:1,(anonymous_1)
FNDA:0,(anonymous_2)
FNDA:0,(anonymous_3)
FNDA:0,(anonymous_4)
FNDA:0,(anonymous_5)
DA:16,1
DA:18,1
DA:20,0
DA:21,0
DA:24,0
DA:26,0
DA:27,0
DA:29,0
DA:32,0
DA:33,0
LF:10
LH:2
BRF:0
BRH:0
end_of_record
TN:
SF:C:\work\testtest\ui\js\controllers\downloadSample-ctrl.js
FN:16,(anonymous_1)
FN:18,(anonymous_2)
FN:22,(anonymous_3)
FN:25,(anonymous_4)
FNF:4
FNH:1
FNDA:1,(anonymous_1)
FNDA:0,(anonymous_2)
FNDA:0,(anonymous_3)
FNDA:0,(anonymous_4)
DA:16,1
DA:18,1
DA:20,0
DA:22,0
DA:23,0
DA:24,0
DA:25,0
DA:26,0
DA:27,0
DA:28,0
LF:10
LH:2
BRF:0
BRH:0
end_of_record
TN:
SF:C:\work\testtest\ui\js\controllers\detail-ctrl.js
FN:16,(anonymous_1)
FN:18,(anonymous_2)
FN:27,(anonymous_3)
FN:36,(anonymous_4)
FN:39,successCallback
FN:48,(anonymous_6)
FN:57,pageInit
FN:62,(anonymous_8)
FN:70,resizeTreeMap
FNF:9
FNH:1
FNDA:1,(anonymous_1)
FNDA:0,(anonymous_2)
FNDA:0,(anonymous_3)
FNDA:0,(anonymous_4)
FNDA:0,successCallback
FNDA:0,(anonymous_6)
FNDA:0,pageInit
FNDA:0,(anonymous_8)
FNDA:0,resizeTreeMap
DA:16,1
DA:18,1
DA:19,0
DA:22,0
DA:23,0
DA:25,0
DA:27,0
DA:28,0
DA:29,0
DA:31,0
DA:32,0
DA:36,0
DA:37,0
DA:39,0
DA:43,0
DA:44,0
DA:45,0
DA:46,0
DA:47,0
DA:48,0
DA:49,0
DA:51,0
DA:55,0
DA:57,1
DA:58,0
DA:59,0
DA:62,0
DA:63,0
DA:64,0
DA:65,0
DA:66,0
DA:70,1
DA:71,0
LF:33
LH:4
BRDA:25,1,0,0
BRDA:25,1,1,0
BRDA:63,2,0,0
BRDA:63,2,1,0
BRF:4
BRH:0
end_of_record
TN:
SF:C:\work\testtest\ui\js\directives\treeview.js
FN:42,(anonymous_1)
FN:44,(anonymous_2)
FN:47,(anonymous_3)
FN:96,(anonymous_4)
FN:103,(anonymous_5)
FN:131,(anonymous_6)
FN:134,(anonymous_7)
FN:181,(anonymous_8)
FN:182,(anonymous_9)
FN:192,checkSiblings
FN:197,(anonymous_11)
FN:231,(anonymous_12)
FN:238,(anonymous_13)
FNF:13
FNH:1
FNDA:1,(anonymous_1)
FNDA:0,(anonymous_2)
FNDA:0,(anonymous_3)
FNDA:0,(anonymous_4)
FNDA:0,(anonymous_5)
FNDA:0,(anonymous_6)
FNDA:0,(anonymous_7)
FNDA:0,(anonymous_8)
FNDA:0,(anonymous_9)
FNDA:0,checkSiblings
FNDA:0,(anonymous_11)
FNDA:0,(anonymous_12)
FNDA:0,(anonymous_13)
DA:42,1
DA:44,1
DA:45,0
DA:52,0
DA:55,0
DA:58,0
DA:61,0
DA:64,0
DA:66,0
DA:70,0
DA:91,0
DA:96,0
DA:99,0
DA:103,0
DA:106,0
DA:107,0
DA:110,0
DA:111,0
DA:114,0
DA:118,0
DA:125,0
DA:131,1
DA:132,0
DA:139,0
DA:142,0
DA:145,0
DA:148,0
DA:151,0
DA:153,0
DA:157,0
DA:179,0
DA:181,0
DA:182,0
DA:183,0
DA:187,0
DA:192,1
DA:194,0
DA:197,0
DA:198,0
DA:201,0
DA:203,0
DA:208,0
DA:210,0
DA:212,0
DA:213,0
DA:214,0
DA:218,0
DA:227,0
DA:231,0
DA:234,0
DA:238,0
DA:241,0
DA:242,0
DA:245,0
DA:246,0
DA:249,0
DA:253,0
DA:260,0
LF:58
LH:4
BRDA:55,1,0,0
BRDA:55,1,1,0
BRDA:58,2,0,0
BRDA:58,2,1,0
BRDA:61,3,0,0
BRDA:61,3,1,0
BRDA:64,4,0,0
BRDA:64,4,1,0
BRDA:66,5,0,0
BRDA:66,5,1,0
BRDA:67,6,0,0
BRDA:67,6,1,0
BRDA:91,7,0,0
BRDA:91,7,1,0
BRDA:96,8,0,0
BRDA:96,8,1,0
BRDA:103,9,0,0
BRDA:103,9,1,0
BRDA:106,10,0,0
BRDA:106,10,1,0
BRDA:106,11,0,0
BRDA:106,11,1,0
BRDA:110,12,0,0
BRDA:110,12,1,0
BRDA:110,13,0,0
BRDA:110,13,1,0
BRDA:142,14,0,0
BRDA:142,14,1,0
BRDA:145,15,0,0
BRDA:145,15,1,0
BRDA:148,16,0,0
BRDA:148,16,1,0
BRDA:151,17,0,0
BRDA:151,17,1,0
BRDA:153,18,0,0
BRDA:153,18,1,0
BRDA:154,19,0,0
BRDA:154,19,1,0
BRDA:179,20,0,0
BRDA:179,20,1,0
BRDA:181,21,0,0
BRDA:181,21,1,0
BRDA:201,22,0,0
BRDA:201,22,1,0
BRDA:201,23,0,0
BRDA:201,23,1,0
BRDA:210,24,0,0
BRDA:210,24,1,0
BRDA:210,25,0,0
BRDA:210,25,1,0
BRDA:231,26,0,0
BRDA:231,26,1,0
BRDA:238,27,0,0
BRDA:238,27,1,0
BRDA:241,28,0,0
BRDA:241,28,1,0
BRDA:241,29,0,0
BRDA:241,29,1,0
BRDA:245,30,0,0
BRDA:245,30,1,0
BRDA:245,31,0,0
BRDA:245,31,1,0
BRF:62
BRH:0
end_of_record
TN:
SF:C:\work\testtest\ui\js\directives\bigchart.js
FN:16,(anonymous_1)
FN:18,(anonymous_2)
FN:40,(anonymous_3)
FN:42,(anonymous_4)
FN:45,(anonymous_5)
FN:56,(anonymous_6)
FN:61,(anonymous_7)
FN:84,(anonymous_8)
FNF:8
FNH:1
FNDA:1,(anonymous_1)
FNDA:0,(anonymous_2)
FNDA:0,(anonymous_3)
FNDA:0,(anonymous_4)
FNDA:0,(anonymous_5)
FNDA:0,(anonymous_6)
FNDA:0,(anonymous_7)
FNDA:0,(anonymous_8)
DA:16,1
DA:18,1
DA:19,0
DA:41,0
DA:42,0
DA:43,0
DA:45,0
DA:46,0
DA:56,0
DA:57,0
DA:61,0
DA:62,0
DA:84,0
DA:85,0
DA:86,0
DA:87,0
LF:16
LH:2
BRF:0
BRH:0
end_of_record
TN:
SF:C:\work\testtest\ui\js\directives\module.js
FN:16,(anonymous_1)
FNF:1
FNH:1
FNDA:1,(anonymous_1)
DA:16,1
DA:18,1
LF:2
LH:2
BRF:0
BRH:0
end_of_record
